<?xml version="1.0" encoding="UTF-8"?>
<!-- Generated by org.testng.reporters.JUnitReportReporter -->
<testsuite skipped="0" hostname="58-s07" name="com.applect.meritnation.scripts.CreateAccountTest" tests="1" failures="0" timestamp="27 Nov 2018 11:02:34 GMT" time="9.514" errors="1">
  <testcase name="TC_001_CreateAccountTest" time="9.514" classname="com.applect.meritnation.scripts.CreateAccountTest">
    <error type="org.openqa.selenium.WebDriverException" message="unknown error: Element &lt;a class=&quot;reg-btn fill-btn hidden-xs&quot; href=&quot;javascript:void(0)&quot; onclick=&quot;mnRegLoginPopup.showRegister(); trackGaEvent(&#039;Register_header&#039;,&#039;Button&#039;,&#039;Click&#039;);&quot;&gt;...&lt;/a&gt; is not clickable at point (1187, 33). Other element would receive the click: &lt;div class=&quot;purechat-collapsed-image&quot; data-trigger=&quot;expand&quot; style=&quot;background-image: url(&amp;quot;https://app.purechat.com/assets/email.3a5bee27873d147010ef.png&amp;quot;) !important; height: 64.44px !important; width: 72px !important; z-index: -9 !important; margin-top: -59.44px !important; margin-left: 128px !important;&quot;&gt;...&lt;/div&gt;
  (Session info: chrome=70.0.3538.102)
  (Driver info: chromedriver=2.40.565383 (76257d1ab79276b2d53ee976b2c3e3b9f335cde7),platform=Linux 3.19.0-80-generic x86_64) (WARNING: The server did not provide any stacktrace information)
Command duration or timeout: 102 milliseconds
Build info: version: &#039;2.48.2&#039;, revision: &#039;41bccdd&#039;, time: &#039;2015-10-09 19:55:52&#039;
System info: host: &#039;58-s07&#039;, ip: &#039;127.0.1.1&#039;, os.name: &#039;Linux&#039;, os.arch: &#039;amd64&#039;, os.version: &#039;3.19.0-80-generic&#039;, java.version: &#039;1.7.0_181&#039;
Session ID: d71de523144dcbbdbb76c4bc9d78465a
Driver info: org.openqa.selenium.chrome.ChromeDriver
Capabilities [{platform=LINUX, acceptSslCerts=false, javascriptEnabled=true, browserName=chrome, chrome={userDataDir=/tmp/.org.chromium.Chromium.AxmIuE, chromedriverVersion=2.40.565383 (76257d1ab79276b2d53ee976b2c3e3b9f335cde7)}, networkConnectionEnabled=false, unexpectedAlertBehaviour=, rotatable=false, setWindowRect=true, mobileEmulationEnabled=false, locationContextEnabled=true, pageLoadStrategy=normal, version=70.0.3538.102, takesHeapSnapshot=true, cssSelectorsEnabled=true, databaseEnabled=false, handlesAlerts=true, browserConnectionEnabled=false, webStorageEnabled=true, nativeEvents=true, hasTouchScreen=false, applicationCacheEnabled=false, takesScreenshot=true, acceptInsecureCerts=false}]">
      <![CDATA[org.openqa.selenium.WebDriverException: unknown error: Element <a class="reg-btn fill-btn hidden-xs" href="javascript:void(0)" onclick="mnRegLoginPopup.showRegister(); trackGaEvent('Register_header','Button','Click');">...</a> is not clickable at point (1187, 33). Other element would receive the click: <div class="purechat-collapsed-image" data-trigger="expand" style="background-image: url(&quot;https://app.purechat.com/assets/email.3a5bee27873d147010ef.png&quot;) !important; height: 64.44px !important; width: 72px !important; z-index: -9 !important; margin-top: -59.44px !important; margin-left: 128px !important;">...</div>  (Session info: chrome=70.0.3538.102)  (Driver info: chromedriver=2.40.565383 (76257d1ab79276b2d53ee976b2c3e3b9f335cde7),platform=Linux 3.19.0-80-generic x86_64) (WARNING: The server did not provide any stacktrace information)Command duration or timeout: 102 millisecondsBuild info: version: '2.48.2', revision: '41bccdd', time: '2015-10-09 19:55:52'System info: host: '58-s07', ip: '127.0.1.1', os.name: 'Linux', os.arch: 'amd64', os.version: '3.19.0-80-generic', java.version: '1.7.0_181'Session ID: d71de523144dcbbdbb76c4bc9d78465aDriver info: org.openqa.selenium.chrome.ChromeDriverCapabilities [{platform=LINUX, acceptSslCerts=false, javascriptEnabled=true, browserName=chrome, chrome={userDataDir=/tmp/.org.chromium.Chromium.AxmIuE, chromedriverVersion=2.40.565383 (76257d1ab79276b2d53ee976b2c3e3b9f335cde7)}, networkConnectionEnabled=false, unexpectedAlertBehaviour=, rotatable=false, setWindowRect=true, mobileEmulationEnabled=false, locationContextEnabled=true, pageLoadStrategy=normal, version=70.0.3538.102, takesHeapSnapshot=true, cssSelectorsEnabled=true, databaseEnabled=false, handlesAlerts=true, browserConnectionEnabled=false, webStorageEnabled=true, nativeEvents=true, hasTouchScreen=false, applicationCacheEnabled=false, takesScreenshot=true, acceptInsecureCerts=false}]at sun.reflect.NativeConstructorAccessorImpl.newInstance0(Native Method)at sun.reflect.NativeConstructorAccessorImpl.newInstance(NativeConstructorAccessorImpl.java:57)at sun.reflect.DelegatingConstructorAccessorImpl.newInstance(DelegatingConstructorAccessorImpl.java:45)at java.lang.reflect.Constructor.newInstance(Constructor.java:526)at org.openqa.selenium.remote.ErrorHandler.createThrowable(ErrorHandler.java:206)at org.openqa.selenium.remote.ErrorHandler.throwIfResponseFailed(ErrorHandler.java:158)at org.openqa.selenium.remote.RemoteWebDriver.execute(RemoteWebDriver.java:647)at org.openqa.selenium.remote.RemoteWebElement.execute(RemoteWebElement.java:326)at org.openqa.selenium.remote.RemoteWebElement.click(RemoteWebElement.java:84)at sun.reflect.GeneratedMethodAccessor3.invoke(Unknown Source)at sun.reflect.DelegatingMethodAccessorImpl.invoke(DelegatingMethodAccessorImpl.java:43)at java.lang.reflect.Method.invoke(Method.java:606)at org.openqa.selenium.support.pagefactory.internal.LocatingElementHandler.invoke(LocatingElementHandler.java:51)at com.sun.proxy.$Proxy9.click(Unknown Source)at com.applect.meritnation.pageobject.CreateAccountPage.createAccount(CreateAccountPage.java:108)at com.applect.meritnation.scripts.CreateAccountTest.TC_001_CreateAccountTest(CreateAccountTest.java:15)at sun.reflect.NativeMethodAccessorImpl.invoke0(Native Method)at sun.reflect.NativeMethodAccessorImpl.invoke(NativeMethodAccessorImpl.java:57)at sun.reflect.DelegatingMethodAccessorImpl.invoke(DelegatingMethodAccessorImpl.java:43)at java.lang.reflect.Method.invoke(Method.java:606)at org.testng.internal.MethodInvocationHelper.invokeMethod(MethodInvocationHelper.java:124)at org.testng.internal.Invoker.invokeMethod(Invoker.java:571)at org.testng.internal.Invoker.invokeTestMethod(Invoker.java:707)at org.testng.internal.Invoker.invokeTestMethods(Invoker.java:979)at org.testng.internal.TestMethodWorker.invokeTestMethods(TestMethodWorker.java:125)at org.testng.internal.TestMethodWorker.run(TestMethodWorker.java:109)at org.testng.TestRunner.privateRun(TestRunner.java:648)at org.testng.TestRunner.run(TestRunner.java:505)at org.testng.SuiteRunner.runTest(SuiteRunner.java:455)at org.testng.SuiteRunner.runSequentially(SuiteRunner.java:450)at org.testng.SuiteRunner.privateRun(SuiteRunner.java:415)at org.testng.SuiteRunner.run(SuiteRunner.java:364)at org.testng.SuiteRunnerWorker.runSuite(SuiteRunnerWorker.java:52)at org.testng.SuiteRunnerWorker.run(SuiteRunnerWorker.java:84)at org.testng.TestNG.runSuitesSequentially(TestNG.java:1187)at org.testng.TestNG.runSuitesLocally(TestNG.java:1116)at org.testng.TestNG.runSuites(TestNG.java:1028)at org.testng.TestNG.run(TestNG.java:996)at org.testng.TestNG.privateMain(TestNG.java:1330)at org.testng.TestNG.main(TestNG.java:1299)]]>
    </error>
  </testcase> <!-- TC_001_CreateAccountTest -->
</testsuite> <!-- com.applect.meritnation.scripts.CreateAccountTest -->
