<?xml version="1.0" encoding="UTF-8"?>
<testng-results skipped="0" failed="1" ignored="46" total="62" passed="15">
  <reporter-output>
    <line>
      <![CDATA[Chrome Browser launches]]>
    </line>
    <line>
      <![CDATA[Navigate to the URL]]>
    </line>
    <line>
      <![CDATA[Script passed]]>
    </line>
    <line>
      <![CDATA[Browser closed]]>
    </line>
    <line>
      <![CDATA[Chrome Browser launches]]>
    </line>
    <line>
      <![CDATA[Navigate to the URL]]>
    </line>
    <line>
      <![CDATA[Screenshot has been taken]]>
    </line>
    <line>
      <![CDATA[Browser closed]]>
    </line>
    <line>
      <![CDATA[Chrome Browser launches]]>
    </line>
    <line>
      <![CDATA[Navigate to the URL]]>
    </line>
    <line>
      <![CDATA[Script passed]]>
    </line>
    <line>
      <![CDATA[Browser closed]]>
    </line>
    <line>
      <![CDATA[Chrome Browser launches]]>
    </line>
    <line>
      <![CDATA[Navigate to the URL]]>
    </line>
    <line>
      <![CDATA[Script passed]]>
    </line>
    <line>
      <![CDATA[Browser closed]]>
    </line>
    <line>
      <![CDATA[Chrome Browser launches]]>
    </line>
    <line>
      <![CDATA[Navigate to the URL]]>
    </line>
    <line>
      <![CDATA[Script passed]]>
    </line>
    <line>
      <![CDATA[Browser closed]]>
    </line>
    <line>
      <![CDATA[Chrome Browser launches]]>
    </line>
    <line>
      <![CDATA[Navigate to the URL]]>
    </line>
    <line>
      <![CDATA[Script passed]]>
    </line>
    <line>
      <![CDATA[Browser closed]]>
    </line>
    <line>
      <![CDATA[Chrome Browser launches]]>
    </line>
    <line>
      <![CDATA[Navigate to the URL]]>
    </line>
    <line>
      <![CDATA[Script passed]]>
    </line>
    <line>
      <![CDATA[Browser closed]]>
    </line>
    <line>
      <![CDATA[Chrome Browser launches]]>
    </line>
    <line>
      <![CDATA[Navigate to the URL]]>
    </line>
    <line>
      <![CDATA[Script passed]]>
    </line>
    <line>
      <![CDATA[Browser closed]]>
    </line>
    <line>
      <![CDATA[Chrome Browser launches]]>
    </line>
    <line>
      <![CDATA[Navigate to the URL]]>
    </line>
    <line>
      <![CDATA[Script passed]]>
    </line>
    <line>
      <![CDATA[Browser closed]]>
    </line>
    <line>
      <![CDATA[Chrome Browser launches]]>
    </line>
    <line>
      <![CDATA[Navigate to the URL]]>
    </line>
    <line>
      <![CDATA[Script passed]]>
    </line>
    <line>
      <![CDATA[Browser closed]]>
    </line>
    <line>
      <![CDATA[Chrome Browser launches]]>
    </line>
    <line>
      <![CDATA[Navigate to the URL]]>
    </line>
    <line>
      <![CDATA[Script passed]]>
    </line>
    <line>
      <![CDATA[Browser closed]]>
    </line>
    <line>
      <![CDATA[Chrome Browser launches]]>
    </line>
    <line>
      <![CDATA[Navigate to the URL]]>
    </line>
    <line>
      <![CDATA[Script passed]]>
    </line>
    <line>
      <![CDATA[Browser closed]]>
    </line>
    <line>
      <![CDATA[Chrome Browser launches]]>
    </line>
    <line>
      <![CDATA[Navigate to the URL]]>
    </line>
    <line>
      <![CDATA[Script passed]]>
    </line>
    <line>
      <![CDATA[Browser closed]]>
    </line>
    <line>
      <![CDATA[Chrome Browser launches]]>
    </line>
    <line>
      <![CDATA[Navigate to the URL]]>
    </line>
    <line>
      <![CDATA[Script passed]]>
    </line>
    <line>
      <![CDATA[Browser closed]]>
    </line>
    <line>
      <![CDATA[Chrome Browser launches]]>
    </line>
    <line>
      <![CDATA[Navigate to the URL]]>
    </line>
    <line>
      <![CDATA[Script passed]]>
    </line>
    <line>
      <![CDATA[Browser closed]]>
    </line>
    <line>
      <![CDATA[Chrome Browser launches]]>
    </line>
    <line>
      <![CDATA[Navigate to the URL]]>
    </line>
    <line>
      <![CDATA[Script passed]]>
    </line>
    <line>
      <![CDATA[Browser closed]]>
    </line>
  </reporter-output>
  <suite name="Main Test Suite" duration-ms="967982" started-at="2018-04-17T06:24:11Z" finished-at="2018-04-17T06:40:19Z">
    <groups>
      <group name="Regression">
        <method signature="AsknAnswerTest.TC_001_AskQuestionTest()[pri:0, instance:com.applect.meritnation.scripts.AsknAnswerTest@6bf053f]" name="TC_001_AskQuestionTest" class="com.applect.meritnation.scripts.AsknAnswerTest"/>
        <method signature="AsknAnswerTest.TC_003_VerifyUserProfileFromRecommendedQuestionsTest()[pri:0, instance:com.applect.meritnation.scripts.AsknAnswerTest@6bf053f]" name="TC_003_VerifyUserProfileFromRecommendedQuestionsTest" class="com.applect.meritnation.scripts.AsknAnswerTest"/>
        <method signature="CreateAccountTest.TC_001_CreateAccountTest()[pri:0, instance:com.applect.meritnation.scripts.CreateAccountTest@235497e0]" name="TC_001_CreateAccountTest" class="com.applect.meritnation.scripts.CreateAccountTest"/>
        <method signature="LoginTest.TC_001_LoginTest()[pri:0, instance:com.applect.meritnation.scripts.LoginTest@66f16e8e]" name="TC_001_LoginTest" class="com.applect.meritnation.scripts.LoginTest"/>
        <method signature="SearchTest.TC_001_SearchTest()[pri:0, instance:com.applect.meritnation.scripts.SearchTest@7491616e]" name="TC_001_SearchTest" class="com.applect.meritnation.scripts.SearchTest"/>
        <method signature="StudyTest.TC_001_VerifyStudyPhysicsPageTest()[pri:0, instance:com.applect.meritnation.scripts.StudyTest@5db533b0]" name="TC_001_VerifyStudyPhysicsPageTest" class="com.applect.meritnation.scripts.StudyTest"/>
        <method signature="StudyTest.TC_002_verifyStudyPhysicsTopicLiveClasssesTest()[pri:0, instance:com.applect.meritnation.scripts.StudyTest@5db533b0]" name="TC_002_verifyStudyPhysicsTopicLiveClasssesTest" class="com.applect.meritnation.scripts.StudyTest"/>
        <method signature="StudyTest.TC_003_VerifyStudyPhysicsTopicConceptsTest()[pri:0, instance:com.applect.meritnation.scripts.StudyTest@5db533b0]" name="TC_003_VerifyStudyPhysicsTopicConceptsTest" class="com.applect.meritnation.scripts.StudyTest"/>
        <method signature="StudyTest.TC_004_VerifyStudyPhysicsTopicPracticeTest()[pri:0, instance:com.applect.meritnation.scripts.StudyTest@5db533b0]" name="TC_004_VerifyStudyPhysicsTopicPracticeTest" class="com.applect.meritnation.scripts.StudyTest"/>
        <method signature="StudyTest.TC_005_VerifyStudyPhysicsTopicAssignmentTest()[pri:0, instance:com.applect.meritnation.scripts.StudyTest@5db533b0]" name="TC_005_VerifyStudyPhysicsTopicAssignmentTest" class="com.applect.meritnation.scripts.StudyTest"/>
        <method signature="StudyTest.TC_006_VerifyStudyPhysicsTopicTestsTest()[pri:0, instance:com.applect.meritnation.scripts.StudyTest@5db533b0]" name="TC_006_VerifyStudyPhysicsTopicTestsTest" class="com.applect.meritnation.scripts.StudyTest"/>
        <method signature="StudyTest.TC_007_VerifyStudyPhysicsTopicPupularQuestionsTest()[pri:0, instance:com.applect.meritnation.scripts.StudyTest@5db533b0]" name="TC_007_VerifyStudyPhysicsTopicPupularQuestionsTest" class="com.applect.meritnation.scripts.StudyTest"/>
        <method signature="StudyTest.TC_009_VerifyStudyPhysicsTopicRevisionNotesTest()[pri:0, instance:com.applect.meritnation.scripts.StudyTest@5db533b0]" name="TC_009_VerifyStudyPhysicsTopicRevisionNotesTest" class="com.applect.meritnation.scripts.StudyTest"/>
        <method signature="StudyTest.TC_010_VerifyStudyPhysicsTopicBoardPaperQuestionsTest()[pri:0, instance:com.applect.meritnation.scripts.StudyTest@5db533b0]" name="TC_010_VerifyStudyPhysicsTopicBoardPaperQuestionsTest" class="com.applect.meritnation.scripts.StudyTest"/>
        <method signature="StudyTest.TC_011_VerifyStudyPhysicsTopicFormativeAssesmentTest()[pri:0, instance:com.applect.meritnation.scripts.StudyTest@5db533b0]" name="TC_011_VerifyStudyPhysicsTopicFormativeAssesmentTest" class="com.applect.meritnation.scripts.StudyTest"/>
        <method signature="StudyTest.TC_053_VerifyBoardPapterSolutionTest()[pri:0, instance:com.applect.meritnation.scripts.StudyTest@5db533b0]" name="TC_053_VerifyBoardPapterSolutionTest" class="com.applect.meritnation.scripts.StudyTest"/>
      </group> <!-- Regression -->
    </groups>
    <test name="TestNG Test Group" duration-ms="967982" started-at="2018-04-17T06:24:11Z" finished-at="2018-04-17T06:40:19Z">
      <class name="com.applect.meritnation.scripts.CreateAccountTest">
        <test-method status="PASS" signature="precondition(java.lang.String)[pri:0, instance:com.applect.meritnation.scripts.CreateAccountTest@235497e0]" name="precondition" is-config="true" duration-ms="9498" started-at="2018-04-17T12:07:17Z" finished-at="2018-04-17T12:07:27Z">
          <params>
            <param index="0">
              <value>
                <![CDATA[chrome]]>
              </value>
            </param>
          </params>
          <reporter-output>
            <line>
              <![CDATA[Chrome Browser launches]]>
            </line>
            <line>
              <![CDATA[Navigate to the URL]]>
            </line>
          </reporter-output>
        </test-method> <!-- precondition -->
        <test-method status="PASS" signature="TC_001_CreateAccountTest()[pri:0, instance:com.applect.meritnation.scripts.CreateAccountTest@235497e0]" name="TC_001_CreateAccountTest" duration-ms="35872" started-at="2018-04-17T12:07:27Z" finished-at="2018-04-17T12:08:03Z">
          <reporter-output>
          </reporter-output>
        </test-method> <!-- TC_001_CreateAccountTest -->
        <test-method status="PASS" signature="postCondition(org.testng.ITestResult)[pri:0, instance:com.applect.meritnation.scripts.CreateAccountTest@235497e0]" name="postCondition" is-config="true" duration-ms="153" started-at="2018-04-17T12:08:03Z" finished-at="2018-04-17T12:08:03Z">
          <params>
            <param index="0">
              <value>
                <![CDATA[[TestResult name=TC_001_CreateAccountTest status=SUCCESS method=CreateAccountTest.TC_001_CreateAccountTest()[pri:0, instance:com.applect.meritnation.scripts.CreateAccountTest@235497e0] output={null}]]]>
              </value>
            </param>
          </params>
          <reporter-output>
            <line>
              <![CDATA[Script passed]]>
            </line>
            <line>
              <![CDATA[Browser closed]]>
            </line>
          </reporter-output>
        </test-method> <!-- postCondition -->
      </class> <!-- com.applect.meritnation.scripts.CreateAccountTest -->
      <class name="com.applect.meritnation.scripts.SearchTest">
        <test-method status="PASS" signature="precondition(java.lang.String)[pri:0, instance:com.applect.meritnation.scripts.SearchTest@7491616e]" name="precondition" is-config="true" duration-ms="9404" started-at="2018-04-17T12:08:03Z" finished-at="2018-04-17T12:08:12Z">
          <params>
            <param index="0">
              <value>
                <![CDATA[chrome]]>
              </value>
            </param>
          </params>
          <reporter-output>
            <line>
              <![CDATA[Chrome Browser launches]]>
            </line>
            <line>
              <![CDATA[Navigate to the URL]]>
            </line>
          </reporter-output>
        </test-method> <!-- precondition -->
        <test-method status="PASS" signature="TC_001_SearchTest()[pri:0, instance:com.applect.meritnation.scripts.SearchTest@7491616e]" name="TC_001_SearchTest" duration-ms="22418" started-at="2018-04-17T12:08:12Z" finished-at="2018-04-17T12:08:35Z">
          <reporter-output>
          </reporter-output>
        </test-method> <!-- TC_001_SearchTest -->
        <test-method status="PASS" signature="postCondition(org.testng.ITestResult)[pri:0, instance:com.applect.meritnation.scripts.SearchTest@7491616e]" name="postCondition" is-config="true" duration-ms="184" started-at="2018-04-17T12:08:35Z" finished-at="2018-04-17T12:08:35Z">
          <params>
            <param index="0">
              <value>
                <![CDATA[[TestResult name=TC_001_SearchTest status=SUCCESS method=SearchTest.TC_001_SearchTest()[pri:0, instance:com.applect.meritnation.scripts.SearchTest@7491616e] output={null}]]]>
              </value>
            </param>
          </params>
          <reporter-output>
            <line>
              <![CDATA[Script passed]]>
            </line>
            <line>
              <![CDATA[Browser closed]]>
            </line>
          </reporter-output>
        </test-method> <!-- postCondition -->
      </class> <!-- com.applect.meritnation.scripts.SearchTest -->
      <class name="com.applect.meritnation.scripts.AsknAnswerTest">
        <test-method status="PASS" signature="precondition(java.lang.String)[pri:0, instance:com.applect.meritnation.scripts.AsknAnswerTest@6bf053f]" name="precondition" is-config="true" duration-ms="9259" started-at="2018-04-17T12:08:35Z" finished-at="2018-04-17T12:08:44Z">
          <params>
            <param index="0">
              <value>
                <![CDATA[chrome]]>
              </value>
            </param>
          </params>
          <reporter-output>
            <line>
              <![CDATA[Chrome Browser launches]]>
            </line>
            <line>
              <![CDATA[Navigate to the URL]]>
            </line>
          </reporter-output>
        </test-method> <!-- precondition -->
        <test-method status="PASS" signature="TC_001_AskQuestionTest()[pri:0, instance:com.applect.meritnation.scripts.AsknAnswerTest@6bf053f]" name="TC_001_AskQuestionTest" duration-ms="22611" started-at="2018-04-17T12:08:44Z" finished-at="2018-04-17T12:09:07Z">
          <reporter-output>
          </reporter-output>
        </test-method> <!-- TC_001_AskQuestionTest -->
        <test-method status="PASS" signature="postCondition(org.testng.ITestResult)[pri:0, instance:com.applect.meritnation.scripts.AsknAnswerTest@6bf053f]" name="postCondition" is-config="true" duration-ms="178" started-at="2018-04-17T12:09:07Z" finished-at="2018-04-17T12:09:07Z">
          <params>
            <param index="0">
              <value>
                <![CDATA[[TestResult name=TC_001_AskQuestionTest status=SUCCESS method=AsknAnswerTest.TC_001_AskQuestionTest()[pri:0, instance:com.applect.meritnation.scripts.AsknAnswerTest@6bf053f] output={null}]]]>
              </value>
            </param>
          </params>
          <reporter-output>
            <line>
              <![CDATA[Script passed]]>
            </line>
            <line>
              <![CDATA[Browser closed]]>
            </line>
          </reporter-output>
        </test-method> <!-- postCondition -->
        <test-method status="PASS" signature="precondition(java.lang.String)[pri:0, instance:com.applect.meritnation.scripts.AsknAnswerTest@6bf053f]" name="precondition" is-config="true" duration-ms="9587" started-at="2018-04-17T12:09:07Z" finished-at="2018-04-17T12:09:16Z">
          <params>
            <param index="0">
              <value>
                <![CDATA[chrome]]>
              </value>
            </param>
          </params>
          <reporter-output>
            <line>
              <![CDATA[Chrome Browser launches]]>
            </line>
            <line>
              <![CDATA[Navigate to the URL]]>
            </line>
          </reporter-output>
        </test-method> <!-- precondition -->
        <test-method status="PASS" signature="TC_003_VerifyUserProfileFromRecommendedQuestionsTest()[pri:0, instance:com.applect.meritnation.scripts.AsknAnswerTest@6bf053f]" name="TC_003_VerifyUserProfileFromRecommendedQuestionsTest" duration-ms="29490" started-at="2018-04-17T12:09:16Z" finished-at="2018-04-17T12:09:46Z">
          <reporter-output>
          </reporter-output>
        </test-method> <!-- TC_003_VerifyUserProfileFromRecommendedQuestionsTest -->
        <test-method status="PASS" signature="postCondition(org.testng.ITestResult)[pri:0, instance:com.applect.meritnation.scripts.AsknAnswerTest@6bf053f]" name="postCondition" is-config="true" duration-ms="210" started-at="2018-04-17T12:09:46Z" finished-at="2018-04-17T12:09:46Z">
          <params>
            <param index="0">
              <value>
                <![CDATA[[TestResult name=TC_003_VerifyUserProfileFromRecommendedQuestionsTest status=SUCCESS method=AsknAnswerTest.TC_003_VerifyUserProfileFromRecommendedQuestionsTest()[pri:0, instance:com.applect.meritnation.scripts.AsknAnswerTest@6bf053f] output={null}]]]>
              </value>
            </param>
          </params>
          <reporter-output>
            <line>
              <![CDATA[Script passed]]>
            </line>
            <line>
              <![CDATA[Browser closed]]>
            </line>
          </reporter-output>
        </test-method> <!-- postCondition -->
      </class> <!-- com.applect.meritnation.scripts.AsknAnswerTest -->
      <class name="com.applect.meritnation.scripts.StudyTest">
        <test-method status="PASS" signature="precondition(java.lang.String)[pri:0, instance:com.applect.meritnation.scripts.StudyTest@5db533b0]" name="precondition" is-config="true" duration-ms="11754" started-at="2018-04-17T11:54:11Z" finished-at="2018-04-17T11:54:23Z">
          <params>
            <param index="0">
              <value>
                <![CDATA[chrome]]>
              </value>
            </param>
          </params>
          <reporter-output>
            <line>
              <![CDATA[Chrome Browser launches]]>
            </line>
            <line>
              <![CDATA[Navigate to the URL]]>
            </line>
          </reporter-output>
        </test-method> <!-- precondition -->
        <test-method status="PASS" signature="TC_001_VerifyStudyPhysicsPageTest()[pri:0, instance:com.applect.meritnation.scripts.StudyTest@5db533b0]" name="TC_001_VerifyStudyPhysicsPageTest" duration-ms="188889" started-at="2018-04-17T11:54:23Z" finished-at="2018-04-17T11:57:32Z">
          <reporter-output>
          </reporter-output>
        </test-method> <!-- TC_001_VerifyStudyPhysicsPageTest -->
        <test-method status="PASS" signature="postCondition(org.testng.ITestResult)[pri:0, instance:com.applect.meritnation.scripts.StudyTest@5db533b0]" name="postCondition" is-config="true" duration-ms="233" started-at="2018-04-17T11:57:32Z" finished-at="2018-04-17T11:57:32Z">
          <params>
            <param index="0">
              <value>
                <![CDATA[[TestResult name=TC_001_VerifyStudyPhysicsPageTest status=SUCCESS method=StudyTest.TC_001_VerifyStudyPhysicsPageTest()[pri:0, instance:com.applect.meritnation.scripts.StudyTest@5db533b0] output={null}]]]>
              </value>
            </param>
          </params>
          <reporter-output>
            <line>
              <![CDATA[Script passed]]>
            </line>
            <line>
              <![CDATA[Browser closed]]>
            </line>
          </reporter-output>
        </test-method> <!-- postCondition -->
        <test-method status="PASS" signature="precondition(java.lang.String)[pri:0, instance:com.applect.meritnation.scripts.StudyTest@5db533b0]" name="precondition" is-config="true" duration-ms="9986" started-at="2018-04-17T11:57:32Z" finished-at="2018-04-17T11:57:42Z">
          <params>
            <param index="0">
              <value>
                <![CDATA[chrome]]>
              </value>
            </param>
          </params>
          <reporter-output>
            <line>
              <![CDATA[Chrome Browser launches]]>
            </line>
            <line>
              <![CDATA[Navigate to the URL]]>
            </line>
          </reporter-output>
        </test-method> <!-- precondition -->
        <test-method status="FAIL" signature="TC_002_verifyStudyPhysicsTopicLiveClasssesTest()[pri:0, instance:com.applect.meritnation.scripts.StudyTest@5db533b0]" name="TC_002_verifyStudyPhysicsTopicLiveClasssesTest" duration-ms="17258" started-at="2018-04-17T11:57:42Z" finished-at="2018-04-17T11:57:59Z">
          <exception class="org.openqa.selenium.NoSuchElementException">
            <message>
              <![CDATA[no such element: Unable to locate element: {"method":"xpath","selector":"//div[@class='mysessionFilter']/div/div/ul/li/a[text()=' Physics Part-I ']"}  (Session info: chrome=63.0.3239.132)  (Driver info: chromedriver=2.33.506092 (733a02544d189eeb751fe0d7ddca79a0ee28cce4),platform=Linux 3.19.0-25-generic x86_64) (WARNING: The server did not provide any stacktrace information)Command duration or timeout: 10.08 secondsFor documentation on this error, please visit: http://seleniumhq.org/exceptions/no_such_element.htmlBuild info: version: '2.48.2', revision: '41bccdd', time: '2015-10-09 19:55:52'System info: host: '58-s07', ip: '127.0.1.1', os.name: 'Linux', os.arch: 'amd64', os.version: '3.19.0-25-generic', java.version: '1.7.0_151'*** Element info: {Using=xpath, value=//div[@class='mysessionFilter']/div/div/ul/li/a[text()=' Physics Part-I ']}Session ID: 71673eaf5961b4703310860039ace5e9Driver info: org.openqa.selenium.chrome.ChromeDriverCapabilities [{platform=LINUX, acceptSslCerts=true, javascriptEnabled=true, browserName=chrome, chrome={userDataDir=/tmp/.org.chromium.Chromium.QaUfIS, chromedriverVersion=2.33.506092 (733a02544d189eeb751fe0d7ddca79a0ee28cce4)}, networkConnectionEnabled=false, unexpectedAlertBehaviour=, rotatable=false, setWindowRect=true, locationContextEnabled=true, mobileEmulationEnabled=false, pageLoadStrategy=normal, version=63.0.3239.132, takesHeapSnapshot=true, cssSelectorsEnabled=true, databaseEnabled=false, handlesAlerts=true, browserConnectionEnabled=false, webStorageEnabled=true, nativeEvents=true, hasTouchScreen=false, applicationCacheEnabled=false, takesScreenshot=true}]]]>
            </message>
            <full-stacktrace>
              <![CDATA[org.openqa.selenium.NoSuchElementException: no such element: Unable to locate element: {"method":"xpath","selector":"//div[@class='mysessionFilter']/div/div/ul/li/a[text()=' Physics Part-I ']"}  (Session info: chrome=63.0.3239.132)  (Driver info: chromedriver=2.33.506092 (733a02544d189eeb751fe0d7ddca79a0ee28cce4),platform=Linux 3.19.0-25-generic x86_64) (WARNING: The server did not provide any stacktrace information)Command duration or timeout: 10.08 secondsFor documentation on this error, please visit: http://seleniumhq.org/exceptions/no_such_element.htmlBuild info: version: '2.48.2', revision: '41bccdd', time: '2015-10-09 19:55:52'System info: host: '58-s07', ip: '127.0.1.1', os.name: 'Linux', os.arch: 'amd64', os.version: '3.19.0-25-generic', java.version: '1.7.0_151'*** Element info: {Using=xpath, value=//div[@class='mysessionFilter']/div/div/ul/li/a[text()=' Physics Part-I ']}Session ID: 71673eaf5961b4703310860039ace5e9Driver info: org.openqa.selenium.chrome.ChromeDriverCapabilities [{platform=LINUX, acceptSslCerts=true, javascriptEnabled=true, browserName=chrome, chrome={userDataDir=/tmp/.org.chromium.Chromium.QaUfIS, chromedriverVersion=2.33.506092 (733a02544d189eeb751fe0d7ddca79a0ee28cce4)}, networkConnectionEnabled=false, unexpectedAlertBehaviour=, rotatable=false, setWindowRect=true, locationContextEnabled=true, mobileEmulationEnabled=false, pageLoadStrategy=normal, version=63.0.3239.132, takesHeapSnapshot=true, cssSelectorsEnabled=true, databaseEnabled=false, handlesAlerts=true, browserConnectionEnabled=false, webStorageEnabled=true, nativeEvents=true, hasTouchScreen=false, applicationCacheEnabled=false, takesScreenshot=true}]at sun.reflect.NativeConstructorAccessorImpl.newInstance0(Native Method)at sun.reflect.NativeConstructorAccessorImpl.newInstance(NativeConstructorAccessorImpl.java:57)at sun.reflect.DelegatingConstructorAccessorImpl.newInstance(DelegatingConstructorAccessorImpl.java:45)at java.lang.reflect.Constructor.newInstance(Constructor.java:526)at org.openqa.selenium.remote.ErrorHandler.createThrowable(ErrorHandler.java:206)at org.openqa.selenium.remote.ErrorHandler.throwIfResponseFailed(ErrorHandler.java:158)at org.openqa.selenium.remote.RemoteWebDriver.execute(RemoteWebDriver.java:647)at org.openqa.selenium.remote.RemoteWebDriver.findElement(RemoteWebDriver.java:353)at org.openqa.selenium.remote.RemoteWebDriver.findElementByXPath(RemoteWebDriver.java:490)at org.openqa.selenium.By$ByXPath.findElement(By.java:361)at org.openqa.selenium.remote.RemoteWebDriver.findElement(RemoteWebDriver.java:345)at org.openqa.selenium.support.pagefactory.DefaultElementLocator.findElement(DefaultElementLocator.java:69)at org.openqa.selenium.support.pagefactory.internal.LocatingElementHandler.invoke(LocatingElementHandler.java:38)at com.sun.proxy.$Proxy7.getAttribute(Unknown Source)at com.applect.meritnation.pageobject.BasePage.isSelected(BasePage.java:163)at com.applect.meritnation.pageobject.StudyPage.clickPhysicsSubject(StudyPage.java:520)at com.applect.meritnation.scripts.StudyTest.TC_002_verifyStudyPhysicsTopicLiveClasssesTest(StudyTest.java:29)at sun.reflect.NativeMethodAccessorImpl.invoke0(Native Method)at sun.reflect.NativeMethodAccessorImpl.invoke(NativeMethodAccessorImpl.java:57)at sun.reflect.DelegatingMethodAccessorImpl.invoke(DelegatingMethodAccessorImpl.java:43)at java.lang.reflect.Method.invoke(Method.java:606)at org.testng.internal.MethodInvocationHelper.invokeMethod(MethodInvocationHelper.java:124)at org.testng.internal.Invoker.invokeMethod(Invoker.java:571)at org.testng.internal.Invoker.invokeTestMethod(Invoker.java:707)at org.testng.internal.Invoker.invokeTestMethods(Invoker.java:979)at org.testng.internal.TestMethodWorker.invokeTestMethods(TestMethodWorker.java:125)at org.testng.internal.TestMethodWorker.run(TestMethodWorker.java:109)at org.testng.TestRunner.privateRun(TestRunner.java:648)at org.testng.TestRunner.run(TestRunner.java:505)at org.testng.SuiteRunner.runTest(SuiteRunner.java:455)at org.testng.SuiteRunner.runSequentially(SuiteRunner.java:450)at org.testng.SuiteRunner.privateRun(SuiteRunner.java:415)at org.testng.SuiteRunner.run(SuiteRunner.java:364)at org.testng.SuiteRunnerWorker.runSuite(SuiteRunnerWorker.java:52)at org.testng.SuiteRunnerWorker.run(SuiteRunnerWorker.java:84)at org.testng.TestNG.runSuitesSequentially(TestNG.java:1187)at org.testng.TestNG.runSuitesLocally(TestNG.java:1116)at org.testng.TestNG.runSuites(TestNG.java:1028)at org.testng.TestNG.run(TestNG.java:996)at org.testng.TestNG.privateMain(TestNG.java:1330)at org.testng.TestNG.main(TestNG.java:1299)]]>
            </full-stacktrace>
          </exception> <!-- org.openqa.selenium.NoSuchElementException -->
          <reporter-output>
          </reporter-output>
        </test-method> <!-- TC_002_verifyStudyPhysicsTopicLiveClasssesTest -->
        <test-method status="PASS" signature="postCondition(org.testng.ITestResult)[pri:0, instance:com.applect.meritnation.scripts.StudyTest@5db533b0]" name="postCondition" is-config="true" duration-ms="477" started-at="2018-04-17T11:57:59Z" finished-at="2018-04-17T11:58:00Z">
          <params>
            <param index="0">
              <value>
                <![CDATA[[TestResult name=TC_002_verifyStudyPhysicsTopicLiveClasssesTest status=FAILURE method=StudyTest.TC_002_verifyStudyPhysicsTopicLiveClasssesTest()[pri:0, instance:com.applect.meritnation.scripts.StudyTest@5db533b0] output={null}]]]>
              </value>
            </param>
          </params>
          <reporter-output>
            <line>
              <![CDATA[Screenshot has been taken]]>
            </line>
            <line>
              <![CDATA[Browser closed]]>
            </line>
          </reporter-output>
        </test-method> <!-- postCondition -->
        <test-method status="PASS" signature="precondition(java.lang.String)[pri:0, instance:com.applect.meritnation.scripts.StudyTest@5db533b0]" name="precondition" is-config="true" duration-ms="9470" started-at="2018-04-17T11:58:00Z" finished-at="2018-04-17T11:58:09Z">
          <params>
            <param index="0">
              <value>
                <![CDATA[chrome]]>
              </value>
            </param>
          </params>
          <reporter-output>
            <line>
              <![CDATA[Chrome Browser launches]]>
            </line>
            <line>
              <![CDATA[Navigate to the URL]]>
            </line>
          </reporter-output>
        </test-method> <!-- precondition -->
        <test-method status="PASS" signature="TC_003_VerifyStudyPhysicsTopicConceptsTest()[pri:0, instance:com.applect.meritnation.scripts.StudyTest@5db533b0]" name="TC_003_VerifyStudyPhysicsTopicConceptsTest" duration-ms="78853" started-at="2018-04-17T11:58:09Z" finished-at="2018-04-17T11:59:28Z">
          <reporter-output>
          </reporter-output>
        </test-method> <!-- TC_003_VerifyStudyPhysicsTopicConceptsTest -->
        <test-method status="PASS" signature="postCondition(org.testng.ITestResult)[pri:0, instance:com.applect.meritnation.scripts.StudyTest@5db533b0]" name="postCondition" is-config="true" duration-ms="233" started-at="2018-04-17T11:59:28Z" finished-at="2018-04-17T11:59:28Z">
          <params>
            <param index="0">
              <value>
                <![CDATA[[TestResult name=TC_003_VerifyStudyPhysicsTopicConceptsTest status=SUCCESS method=StudyTest.TC_003_VerifyStudyPhysicsTopicConceptsTest()[pri:0, instance:com.applect.meritnation.scripts.StudyTest@5db533b0] output={null}]]]>
              </value>
            </param>
          </params>
          <reporter-output>
            <line>
              <![CDATA[Script passed]]>
            </line>
            <line>
              <![CDATA[Browser closed]]>
            </line>
          </reporter-output>
        </test-method> <!-- postCondition -->
        <test-method status="PASS" signature="precondition(java.lang.String)[pri:0, instance:com.applect.meritnation.scripts.StudyTest@5db533b0]" name="precondition" is-config="true" duration-ms="10862" started-at="2018-04-17T11:59:28Z" finished-at="2018-04-17T11:59:39Z">
          <params>
            <param index="0">
              <value>
                <![CDATA[chrome]]>
              </value>
            </param>
          </params>
          <reporter-output>
            <line>
              <![CDATA[Chrome Browser launches]]>
            </line>
            <line>
              <![CDATA[Navigate to the URL]]>
            </line>
          </reporter-output>
        </test-method> <!-- precondition -->
        <test-method status="PASS" signature="TC_004_VerifyStudyPhysicsTopicPracticeTest()[pri:0, instance:com.applect.meritnation.scripts.StudyTest@5db533b0]" name="TC_004_VerifyStudyPhysicsTopicPracticeTest" duration-ms="31221" started-at="2018-04-17T11:59:39Z" finished-at="2018-04-17T12:00:10Z">
          <reporter-output>
          </reporter-output>
        </test-method> <!-- TC_004_VerifyStudyPhysicsTopicPracticeTest -->
        <test-method status="PASS" signature="postCondition(org.testng.ITestResult)[pri:0, instance:com.applect.meritnation.scripts.StudyTest@5db533b0]" name="postCondition" is-config="true" duration-ms="275" started-at="2018-04-17T12:00:10Z" finished-at="2018-04-17T12:00:11Z">
          <params>
            <param index="0">
              <value>
                <![CDATA[[TestResult name=TC_004_VerifyStudyPhysicsTopicPracticeTest status=SUCCESS method=StudyTest.TC_004_VerifyStudyPhysicsTopicPracticeTest()[pri:0, instance:com.applect.meritnation.scripts.StudyTest@5db533b0] output={null}]]]>
              </value>
            </param>
          </params>
          <reporter-output>
            <line>
              <![CDATA[Script passed]]>
            </line>
            <line>
              <![CDATA[Browser closed]]>
            </line>
          </reporter-output>
        </test-method> <!-- postCondition -->
        <test-method status="PASS" signature="precondition(java.lang.String)[pri:0, instance:com.applect.meritnation.scripts.StudyTest@5db533b0]" name="precondition" is-config="true" duration-ms="10686" started-at="2018-04-17T12:00:11Z" finished-at="2018-04-17T12:00:21Z">
          <params>
            <param index="0">
              <value>
                <![CDATA[chrome]]>
              </value>
            </param>
          </params>
          <reporter-output>
            <line>
              <![CDATA[Chrome Browser launches]]>
            </line>
            <line>
              <![CDATA[Navigate to the URL]]>
            </line>
          </reporter-output>
        </test-method> <!-- precondition -->
        <test-method status="PASS" signature="TC_005_VerifyStudyPhysicsTopicAssignmentTest()[pri:0, instance:com.applect.meritnation.scripts.StudyTest@5db533b0]" name="TC_005_VerifyStudyPhysicsTopicAssignmentTest" duration-ms="34685" started-at="2018-04-17T12:00:21Z" finished-at="2018-04-17T12:00:56Z">
          <reporter-output>
          </reporter-output>
        </test-method> <!-- TC_005_VerifyStudyPhysicsTopicAssignmentTest -->
        <test-method status="PASS" signature="postCondition(org.testng.ITestResult)[pri:0, instance:com.applect.meritnation.scripts.StudyTest@5db533b0]" name="postCondition" is-config="true" duration-ms="242" started-at="2018-04-17T12:00:56Z" finished-at="2018-04-17T12:00:56Z">
          <params>
            <param index="0">
              <value>
                <![CDATA[[TestResult name=TC_005_VerifyStudyPhysicsTopicAssignmentTest status=SUCCESS method=StudyTest.TC_005_VerifyStudyPhysicsTopicAssignmentTest()[pri:0, instance:com.applect.meritnation.scripts.StudyTest@5db533b0] output={null}]]]>
              </value>
            </param>
          </params>
          <reporter-output>
            <line>
              <![CDATA[Script passed]]>
            </line>
            <line>
              <![CDATA[Browser closed]]>
            </line>
          </reporter-output>
        </test-method> <!-- postCondition -->
        <test-method status="PASS" signature="precondition(java.lang.String)[pri:0, instance:com.applect.meritnation.scripts.StudyTest@5db533b0]" name="precondition" is-config="true" duration-ms="10729" started-at="2018-04-17T12:00:56Z" finished-at="2018-04-17T12:01:07Z">
          <params>
            <param index="0">
              <value>
                <![CDATA[chrome]]>
              </value>
            </param>
          </params>
          <reporter-output>
            <line>
              <![CDATA[Chrome Browser launches]]>
            </line>
            <line>
              <![CDATA[Navigate to the URL]]>
            </line>
          </reporter-output>
        </test-method> <!-- precondition -->
        <test-method status="PASS" signature="TC_006_VerifyStudyPhysicsTopicTestsTest()[pri:0, instance:com.applect.meritnation.scripts.StudyTest@5db533b0]" name="TC_006_VerifyStudyPhysicsTopicTestsTest" duration-ms="33155" started-at="2018-04-17T12:01:07Z" finished-at="2018-04-17T12:01:40Z">
          <reporter-output>
          </reporter-output>
        </test-method> <!-- TC_006_VerifyStudyPhysicsTopicTestsTest -->
        <test-method status="PASS" signature="postCondition(org.testng.ITestResult)[pri:0, instance:com.applect.meritnation.scripts.StudyTest@5db533b0]" name="postCondition" is-config="true" duration-ms="227" started-at="2018-04-17T12:01:40Z" finished-at="2018-04-17T12:01:40Z">
          <params>
            <param index="0">
              <value>
                <![CDATA[[TestResult name=TC_006_VerifyStudyPhysicsTopicTestsTest status=SUCCESS method=StudyTest.TC_006_VerifyStudyPhysicsTopicTestsTest()[pri:0, instance:com.applect.meritnation.scripts.StudyTest@5db533b0] output={null}]]]>
              </value>
            </param>
          </params>
          <reporter-output>
            <line>
              <![CDATA[Script passed]]>
            </line>
            <line>
              <![CDATA[Browser closed]]>
            </line>
          </reporter-output>
        </test-method> <!-- postCondition -->
        <test-method status="PASS" signature="precondition(java.lang.String)[pri:0, instance:com.applect.meritnation.scripts.StudyTest@5db533b0]" name="precondition" is-config="true" duration-ms="10045" started-at="2018-04-17T12:01:40Z" finished-at="2018-04-17T12:01:50Z">
          <params>
            <param index="0">
              <value>
                <![CDATA[chrome]]>
              </value>
            </param>
          </params>
          <reporter-output>
            <line>
              <![CDATA[Chrome Browser launches]]>
            </line>
            <line>
              <![CDATA[Navigate to the URL]]>
            </line>
          </reporter-output>
        </test-method> <!-- precondition -->
        <test-method status="PASS" signature="TC_007_VerifyStudyPhysicsTopicPupularQuestionsTest()[pri:0, instance:com.applect.meritnation.scripts.StudyTest@5db533b0]" name="TC_007_VerifyStudyPhysicsTopicPupularQuestionsTest" duration-ms="42997" started-at="2018-04-17T12:01:50Z" finished-at="2018-04-17T12:02:33Z">
          <reporter-output>
          </reporter-output>
        </test-method> <!-- TC_007_VerifyStudyPhysicsTopicPupularQuestionsTest -->
        <test-method status="PASS" signature="postCondition(org.testng.ITestResult)[pri:0, instance:com.applect.meritnation.scripts.StudyTest@5db533b0]" name="postCondition" is-config="true" duration-ms="291" started-at="2018-04-17T12:02:33Z" finished-at="2018-04-17T12:02:34Z">
          <params>
            <param index="0">
              <value>
                <![CDATA[[TestResult name=TC_007_VerifyStudyPhysicsTopicPupularQuestionsTest status=SUCCESS method=StudyTest.TC_007_VerifyStudyPhysicsTopicPupularQuestionsTest()[pri:0, instance:com.applect.meritnation.scripts.StudyTest@5db533b0] output={null}]]]>
              </value>
            </param>
          </params>
          <reporter-output>
            <line>
              <![CDATA[Script passed]]>
            </line>
            <line>
              <![CDATA[Browser closed]]>
            </line>
          </reporter-output>
        </test-method> <!-- postCondition -->
        <test-method status="PASS" signature="precondition(java.lang.String)[pri:0, instance:com.applect.meritnation.scripts.StudyTest@5db533b0]" name="precondition" is-config="true" duration-ms="9778" started-at="2018-04-17T12:02:34Z" finished-at="2018-04-17T12:02:43Z">
          <params>
            <param index="0">
              <value>
                <![CDATA[chrome]]>
              </value>
            </param>
          </params>
          <reporter-output>
            <line>
              <![CDATA[Chrome Browser launches]]>
            </line>
            <line>
              <![CDATA[Navigate to the URL]]>
            </line>
          </reporter-output>
        </test-method> <!-- precondition -->
        <test-method status="PASS" signature="TC_009_VerifyStudyPhysicsTopicRevisionNotesTest()[pri:0, instance:com.applect.meritnation.scripts.StudyTest@5db533b0]" name="TC_009_VerifyStudyPhysicsTopicRevisionNotesTest" duration-ms="40119" started-at="2018-04-17T12:02:43Z" finished-at="2018-04-17T12:03:24Z">
          <reporter-output>
          </reporter-output>
        </test-method> <!-- TC_009_VerifyStudyPhysicsTopicRevisionNotesTest -->
        <test-method status="PASS" signature="postCondition(org.testng.ITestResult)[pri:0, instance:com.applect.meritnation.scripts.StudyTest@5db533b0]" name="postCondition" is-config="true" duration-ms="281" started-at="2018-04-17T12:03:24Z" finished-at="2018-04-17T12:03:24Z">
          <params>
            <param index="0">
              <value>
                <![CDATA[[TestResult name=TC_009_VerifyStudyPhysicsTopicRevisionNotesTest status=SUCCESS method=StudyTest.TC_009_VerifyStudyPhysicsTopicRevisionNotesTest()[pri:0, instance:com.applect.meritnation.scripts.StudyTest@5db533b0] output={null}]]]>
              </value>
            </param>
          </params>
          <reporter-output>
            <line>
              <![CDATA[Script passed]]>
            </line>
            <line>
              <![CDATA[Browser closed]]>
            </line>
          </reporter-output>
        </test-method> <!-- postCondition -->
        <test-method status="PASS" signature="precondition(java.lang.String)[pri:0, instance:com.applect.meritnation.scripts.StudyTest@5db533b0]" name="precondition" is-config="true" duration-ms="9736" started-at="2018-04-17T12:03:24Z" finished-at="2018-04-17T12:03:34Z">
          <params>
            <param index="0">
              <value>
                <![CDATA[chrome]]>
              </value>
            </param>
          </params>
          <reporter-output>
            <line>
              <![CDATA[Chrome Browser launches]]>
            </line>
            <line>
              <![CDATA[Navigate to the URL]]>
            </line>
          </reporter-output>
        </test-method> <!-- precondition -->
        <test-method status="PASS" signature="TC_010_VerifyStudyPhysicsTopicBoardPaperQuestionsTest()[pri:0, instance:com.applect.meritnation.scripts.StudyTest@5db533b0]" name="TC_010_VerifyStudyPhysicsTopicBoardPaperQuestionsTest" duration-ms="24967" started-at="2018-04-17T12:03:34Z" finished-at="2018-04-17T12:03:59Z">
          <reporter-output>
          </reporter-output>
        </test-method> <!-- TC_010_VerifyStudyPhysicsTopicBoardPaperQuestionsTest -->
        <test-method status="PASS" signature="postCondition(org.testng.ITestResult)[pri:0, instance:com.applect.meritnation.scripts.StudyTest@5db533b0]" name="postCondition" is-config="true" duration-ms="229" started-at="2018-04-17T12:03:59Z" finished-at="2018-04-17T12:03:59Z">
          <params>
            <param index="0">
              <value>
                <![CDATA[[TestResult name=TC_010_VerifyStudyPhysicsTopicBoardPaperQuestionsTest status=SUCCESS method=StudyTest.TC_010_VerifyStudyPhysicsTopicBoardPaperQuestionsTest()[pri:0, instance:com.applect.meritnation.scripts.StudyTest@5db533b0] output={null}]]]>
              </value>
            </param>
          </params>
          <reporter-output>
            <line>
              <![CDATA[Script passed]]>
            </line>
            <line>
              <![CDATA[Browser closed]]>
            </line>
          </reporter-output>
        </test-method> <!-- postCondition -->
        <test-method status="PASS" signature="precondition(java.lang.String)[pri:0, instance:com.applect.meritnation.scripts.StudyTest@5db533b0]" name="precondition" is-config="true" duration-ms="9486" started-at="2018-04-17T12:03:59Z" finished-at="2018-04-17T12:04:08Z">
          <params>
            <param index="0">
              <value>
                <![CDATA[chrome]]>
              </value>
            </param>
          </params>
          <reporter-output>
            <line>
              <![CDATA[Chrome Browser launches]]>
            </line>
            <line>
              <![CDATA[Navigate to the URL]]>
            </line>
          </reporter-output>
        </test-method> <!-- precondition -->
        <test-method status="PASS" signature="TC_011_VerifyStudyPhysicsTopicFormativeAssesmentTest()[pri:0, instance:com.applect.meritnation.scripts.StudyTest@5db533b0]" name="TC_011_VerifyStudyPhysicsTopicFormativeAssesmentTest" duration-ms="35659" started-at="2018-04-17T12:04:08Z" finished-at="2018-04-17T12:04:44Z">
          <reporter-output>
          </reporter-output>
        </test-method> <!-- TC_011_VerifyStudyPhysicsTopicFormativeAssesmentTest -->
        <test-method status="PASS" signature="postCondition(org.testng.ITestResult)[pri:0, instance:com.applect.meritnation.scripts.StudyTest@5db533b0]" name="postCondition" is-config="true" duration-ms="184" started-at="2018-04-17T12:04:44Z" finished-at="2018-04-17T12:04:44Z">
          <params>
            <param index="0">
              <value>
                <![CDATA[[TestResult name=TC_011_VerifyStudyPhysicsTopicFormativeAssesmentTest status=SUCCESS method=StudyTest.TC_011_VerifyStudyPhysicsTopicFormativeAssesmentTest()[pri:0, instance:com.applect.meritnation.scripts.StudyTest@5db533b0] output={null}]]]>
              </value>
            </param>
          </params>
          <reporter-output>
            <line>
              <![CDATA[Script passed]]>
            </line>
            <line>
              <![CDATA[Browser closed]]>
            </line>
          </reporter-output>
        </test-method> <!-- postCondition -->
        <test-method status="PASS" signature="precondition(java.lang.String)[pri:0, instance:com.applect.meritnation.scripts.StudyTest@5db533b0]" name="precondition" is-config="true" duration-ms="10218" started-at="2018-04-17T12:04:44Z" finished-at="2018-04-17T12:04:54Z">
          <params>
            <param index="0">
              <value>
                <![CDATA[chrome]]>
              </value>
            </param>
          </params>
          <reporter-output>
            <line>
              <![CDATA[Chrome Browser launches]]>
            </line>
            <line>
              <![CDATA[Navigate to the URL]]>
            </line>
          </reporter-output>
        </test-method> <!-- precondition -->
        <test-method status="PASS" signature="TC_053_VerifyBoardPapterSolutionTest()[pri:0, instance:com.applect.meritnation.scripts.StudyTest@5db533b0]" name="TC_053_VerifyBoardPapterSolutionTest" duration-ms="142768" started-at="2018-04-17T12:04:54Z" finished-at="2018-04-17T12:07:17Z">
          <reporter-output>
          </reporter-output>
        </test-method> <!-- TC_053_VerifyBoardPapterSolutionTest -->
        <test-method status="PASS" signature="postCondition(org.testng.ITestResult)[pri:0, instance:com.applect.meritnation.scripts.StudyTest@5db533b0]" name="postCondition" is-config="true" duration-ms="116" started-at="2018-04-17T12:07:17Z" finished-at="2018-04-17T12:07:17Z">
          <params>
            <param index="0">
              <value>
                <![CDATA[[TestResult name=TC_053_VerifyBoardPapterSolutionTest status=SUCCESS method=StudyTest.TC_053_VerifyBoardPapterSolutionTest()[pri:0, instance:com.applect.meritnation.scripts.StudyTest@5db533b0] output={null}]]]>
              </value>
            </param>
          </params>
          <reporter-output>
            <line>
              <![CDATA[Script passed]]>
            </line>
            <line>
              <![CDATA[Browser closed]]>
            </line>
          </reporter-output>
        </test-method> <!-- postCondition -->
      </class> <!-- com.applect.meritnation.scripts.StudyTest -->
      <class name="com.applect.meritnation.scripts.LoginTest">
        <test-method status="PASS" signature="precondition(java.lang.String)[pri:0, instance:com.applect.meritnation.scripts.LoginTest@66f16e8e]" name="precondition" is-config="true" duration-ms="10182" started-at="2018-04-17T12:09:46Z" finished-at="2018-04-17T12:09:56Z">
          <params>
            <param index="0">
              <value>
                <![CDATA[chrome]]>
              </value>
            </param>
          </params>
          <reporter-output>
            <line>
              <![CDATA[Chrome Browser launches]]>
            </line>
            <line>
              <![CDATA[Navigate to the URL]]>
            </line>
          </reporter-output>
        </test-method> <!-- precondition -->
        <test-method status="PASS" signature="TC_001_LoginTest()[pri:0, instance:com.applect.meritnation.scripts.LoginTest@66f16e8e]" name="TC_001_LoginTest" duration-ms="22557" started-at="2018-04-17T12:09:56Z" finished-at="2018-04-17T12:10:19Z">
          <reporter-output>
          </reporter-output>
        </test-method> <!-- TC_001_LoginTest -->
        <test-method status="PASS" signature="postCondition(org.testng.ITestResult)[pri:0, instance:com.applect.meritnation.scripts.LoginTest@66f16e8e]" name="postCondition" is-config="true" duration-ms="220" started-at="2018-04-17T12:10:19Z" finished-at="2018-04-17T12:10:19Z">
          <params>
            <param index="0">
              <value>
                <![CDATA[[TestResult name=TC_001_LoginTest status=SUCCESS method=LoginTest.TC_001_LoginTest()[pri:0, instance:com.applect.meritnation.scripts.LoginTest@66f16e8e] output={null}]]]>
              </value>
            </param>
          </params>
          <reporter-output>
            <line>
              <![CDATA[Script passed]]>
            </line>
            <line>
              <![CDATA[Browser closed]]>
            </line>
          </reporter-output>
        </test-method> <!-- postCondition -->
      </class> <!-- com.applect.meritnation.scripts.LoginTest -->
    </test> <!-- TestNG Test Group -->
  </suite> <!-- Main Test Suite -->
</testng-results>
