<?xml version="1.0" encoding="UTF-8"?>
<!-- Generated by org.testng.reporters.JUnitXMLReporter -->
<testsuite hostname="58-s07" ignored="14" name="Meritnation Mobile Regression" tests="1" failures="1" timestamp="22 Oct 2019 12:55:10 GMT" time="151.342" errors="0">
  <testcase name="TC_001_VerifyStudyPhysicsTopicTest" time="67.703" classname="com.applect.meritnationmobile.scripts.MobileStudyTest">
    <failure type="org.openqa.selenium.NoSuchElementException" message="no such element: Unable to locate element: {&amp;quot;method&amp;quot;:&amp;quot;xpath&amp;quot;,&amp;quot;selector&amp;quot;:&amp;quot;/div[@class = &amp;apos;react-swipeable-view-container&amp;apos;]//div[@class=&amp;apos;posR list&amp;apos;[1]]&amp;quot;}
  (Session info: chrome=69.0.3497.76)
  (Driver info: chromedriver=2.44.609551 (5d576e9a44fe4c5b6a07e568f1ebc753f1214634),platform=Linux 4.4.0-148-generic x86_64) (WARNING: The server did not provide any stacktrace information)
Command duration or timeout: 0 milliseconds
For documentation on this error, please visit: https://www.seleniumhq.org/exceptions/no_such_element.html
Build info: version: &amp;apos;3.141.59&amp;apos;, revision: &amp;apos;e82be7d358&amp;apos;, time: &amp;apos;2018-11-14T08:25:53&amp;apos;
System info: host: &amp;apos;58-s07&amp;apos;, ip: &amp;apos;127.0.1.1&amp;apos;, os.name: &amp;apos;Linux&amp;apos;, os.arch: &amp;apos;amd64&amp;apos;, os.version: &amp;apos;4.4.0-148-generic&amp;apos;, java.version: &amp;apos;1.8.0_201&amp;apos;
Driver info: io.appium.java_client.android.AndroidDriver
Capabilities {automationName: UiAutomator1, browserName: chrome, chromeOptions: {androidPackage: com.android.chrome, args: [disable-geolocation, --disable-notifications], extensions: []}, clearSystemFiles: true, databaseEnabled: false, desired: {automationName: UiAutomator1, browserName: chrome, chromeOptions: {androidPackage: com.android.chrome, args: [disable-geolocation, --disable-notifications], extensions: []}, clearSystemFiles: true, deviceName: Galaxy On5 Pro, locationServicesAuthorized: false, noReset: true, platformName: Android, udid: 420012f9e0ec8525, version: 7.1.1}, deviceManufacturer: samsung, deviceModel: SM-G550FY, deviceName: 420012f9e0ec8525, deviceScreenSize: 720x1280, deviceUDID: 420012f9e0ec8525, javascriptEnabled: true, locationContextEnabled: false, locationServicesAuthorized: false, networkConnectionEnabled: true, noReset: true, platform: LINUX, platformName: Android, platformVersion: 7.1.1, takesScreenshot: true, udid: 420012f9e0ec8525, version: 7.1.1, warnings: {}, webStorageEnabled: false}
Session ID: c39fea1b-6d95-4998-8cf8-e3d5fde783dc
*** Element info: {Using=xpath, value=/div[@class = &amp;apos;react-swipeable-view-container&amp;apos;]//div[@class=&amp;apos;posR list&amp;apos;[1]]}">
      <![CDATA[org.openqa.selenium.NoSuchElementException: no such element: Unable to locate element: {"method":"xpath","selector":"/div[@class = 'react-swipeable-view-container']//div[@class='posR list'[1]]"}  (Session info: chrome=69.0.3497.76)  (Driver info: chromedriver=2.44.609551 (5d576e9a44fe4c5b6a07e568f1ebc753f1214634),platform=Linux 4.4.0-148-generic x86_64) (WARNING: The server did not provide any stacktrace information)Command duration or timeout: 0 millisecondsFor documentation on this error, please visit: https://www.seleniumhq.org/exceptions/no_such_element.htmlBuild info: version: '3.141.59', revision: 'e82be7d358', time: '2018-11-14T08:25:53'System info: host: '58-s07', ip: '127.0.1.1', os.name: 'Linux', os.arch: 'amd64', os.version: '4.4.0-148-generic', java.version: '1.8.0_201'Driver info: io.appium.java_client.android.AndroidDriverCapabilities {automationName: UiAutomator1, browserName: chrome, chromeOptions: {androidPackage: com.android.chrome, args: [disable-geolocation, --disable-notifications], extensions: []}, clearSystemFiles: true, databaseEnabled: false, desired: {automationName: UiAutomator1, browserName: chrome, chromeOptions: {androidPackage: com.android.chrome, args: [disable-geolocation, --disable-notifications], extensions: []}, clearSystemFiles: true, deviceName: Galaxy On5 Pro, locationServicesAuthorized: false, noReset: true, platformName: Android, udid: 420012f9e0ec8525, version: 7.1.1}, deviceManufacturer: samsung, deviceModel: SM-G550FY, deviceName: 420012f9e0ec8525, deviceScreenSize: 720x1280, deviceUDID: 420012f9e0ec8525, javascriptEnabled: true, locationContextEnabled: false, locationServicesAuthorized: false, networkConnectionEnabled: true, noReset: true, platform: LINUX, platformName: Android, platformVersion: 7.1.1, takesScreenshot: true, udid: 420012f9e0ec8525, version: 7.1.1, warnings: {}, webStorageEnabled: false}Session ID: c39fea1b-6d95-4998-8cf8-e3d5fde783dc*** Element info: {Using=xpath, value=/div[@class = 'react-swipeable-view-container']//div[@class='posR list'[1]]}at org.openqa.selenium.remote.ErrorHandler.createThrowable(ErrorHandler.java:214)at org.openqa.selenium.remote.ErrorHandler.throwIfResponseFailed(ErrorHandler.java:166)at org.openqa.selenium.remote.http.JsonHttpResponseCodec.reconstructValue(JsonHttpResponseCodec.java:40)at org.openqa.selenium.remote.http.AbstractHttpResponseCodec.decode(AbstractHttpResponseCodec.java:80)at org.openqa.selenium.remote.http.AbstractHttpResponseCodec.decode(AbstractHttpResponseCodec.java:44)at org.openqa.selenium.remote.HttpCommandExecutor.execute(HttpCommandExecutor.java:158)at io.appium.java_client.remote.AppiumCommandExecutor.execute(AppiumCommandExecutor.java:239)at org.openqa.selenium.remote.RemoteWebDriver.execute(RemoteWebDriver.java:552)at io.appium.java_client.DefaultGenericMobileDriver.execute(DefaultGenericMobileDriver.java:42)at io.appium.java_client.AppiumDriver.execute(AppiumDriver.java:1)at io.appium.java_client.android.AndroidDriver.execute(AndroidDriver.java:1)at org.openqa.selenium.remote.RemoteWebDriver.findElement(RemoteWebDriver.java:323)at io.appium.java_client.DefaultGenericMobileDriver.findElement(DefaultGenericMobileDriver.java:62)at io.appium.java_client.AppiumDriver.findElement(AppiumDriver.java:1)at io.appium.java_client.android.AndroidDriver.findElement(AndroidDriver.java:1)at org.openqa.selenium.remote.RemoteWebDriver.findElementByXPath(RemoteWebDriver.java:428)at io.appium.java_client.DefaultGenericMobileDriver.findElementByXPath(DefaultGenericMobileDriver.java:152)at io.appium.java_client.AppiumDriver.findElementByXPath(AppiumDriver.java:1)at io.appium.java_client.android.AndroidDriver.findElementByXPath(AndroidDriver.java:1)at org.openqa.selenium.By$ByXPath.findElement(By.java:353)at org.openqa.selenium.remote.RemoteWebDriver.findElement(RemoteWebDriver.java:315)at io.appium.java_client.DefaultGenericMobileDriver.findElement(DefaultGenericMobileDriver.java:58)at io.appium.java_client.AppiumDriver.findElement(AppiumDriver.java:1)at io.appium.java_client.android.AndroidDriver.findElement(AndroidDriver.java:1)at com.applect.meritnation.pageobject.MobileStudyPage.openTopicFeatures(MobileStudyPage.java:54)at com.applect.meritnationmobile.scripts.MobileStudyTest.TC_001_VerifyStudyPhysicsTopicTest(MobileStudyTest.java:25)... Removed 28 stack frames]]>
    </failure>
  </testcase> <!-- TC_001_VerifyStudyPhysicsTopicTest -->
  <testcase name="TC_001_VerifyValidLogin" time="0.0" classname="com.applect.meritnationmobile.scripts.MobileLoginTest">
    <ignored/>
  </testcase> <!-- TC_001_VerifyValidLogin -->
  <testcase name="TC002_verifyAskAndAnswerPageOnLogout" time="0.0" classname="com.applect.meritnationmobile.scripts.MobileLogoutTest">
    <ignored/>
  </testcase> <!-- TC002_verifyAskAndAnswerPageOnLogout -->
  <testcase name="TC_001_VerifyValidLogin" time="0.0" classname="com.applect.meritnationmobile.scripts.AppiumTest">
    <ignored/>
  </testcase> <!-- TC_001_VerifyValidLogin -->
  <testcase name="@BeforeSuite deleteOutputDirectory" time="0.0" classname="com.applect.meritnation.generic.BaseLib">
    <ignored/>
  </testcase> <!-- @BeforeSuite deleteOutputDirectory -->
  <testcase name="@BeforeSuite deleteOutputDirectory" time="0.0" classname="com.applect.meritnation.generic.BaseLib">
    <ignored/>
  </testcase> <!-- @BeforeSuite deleteOutputDirectory -->
  <testcase name="@BeforeSuite deleteOutputDirectory" time="0.0" classname="com.applect.meritnation.generic.BaseLib">
    <ignored/>
  </testcase> <!-- @BeforeSuite deleteOutputDirectory -->
  <testcase name="@BeforeSuite deleteOutputDirectory" time="0.0" classname="com.applect.meritnation.generic.BaseLib">
    <ignored/>
  </testcase> <!-- @BeforeSuite deleteOutputDirectory -->
  <testcase name="TC001_SignUpOnAsknAnsTest" time="0.0" classname="com.applect.meritnationmobile.scripts.MobileAskAnswerTest">
    <ignored/>
  </testcase> <!-- TC001_SignUpOnAsknAnsTest -->
  <testcase name="@AfterSuite sendEmail" time="0.0" classname="com.applect.meritnation.generic.BaseLib">
    <ignored/>
  </testcase> <!-- @AfterSuite sendEmail -->
  <testcase name="@AfterSuite sendEmail" time="0.0" classname="com.applect.meritnation.generic.BaseLib">
    <ignored/>
  </testcase> <!-- @AfterSuite sendEmail -->
  <testcase name="@AfterSuite sendEmail" time="0.0" classname="com.applect.meritnation.generic.BaseLib">
    <ignored/>
  </testcase> <!-- @AfterSuite sendEmail -->
  <testcase name="@AfterSuite sendEmail" time="0.0" classname="com.applect.meritnation.generic.BaseLib">
    <ignored/>
  </testcase> <!-- @AfterSuite sendEmail -->
  <testcase name="TC_002_MobileSignup" time="0.0" classname="com.applect.meritnationmobile.scripts.MobileLoginTest">
    <ignored/>
  </testcase> <!-- TC_002_MobileSignup -->
  <testcase name="TC001_UserRegistraionDirectlyFromGoogleLink" time="0.0" classname="com.applect.meritnationmobile.scripts.MobileAskAnswerTest">
    <ignored/>
  </testcase> <!-- TC001_UserRegistraionDirectlyFromGoogleLink -->
</testsuite> <!-- Meritnation Mobile Regression -->
