<?xml version="1.0" encoding="UTF-8"?>
<!-- Generated by org.testng.reporters.JUnitXMLReporter -->
<testsuite hostname="58-s07" name="Meritnation Web Regression" tests="15" failures="4" timestamp="1 Aug 2018 13:27:19 GMT" time="685.488" errors="0">
  <testcase name="TC_001_VerifyStudyPhysicsPageTest" time="154.195" classname="com.applect.meritnation.scripts.StudyTest"/>
  <testcase name="TC_002_verifyStudyPhysicsTopicLiveClasssesTest" time="36.481" classname="com.applect.meritnation.scripts.StudyTest"/>
  <testcase name="TC_003_VerifyStudyPhysicsTopicConceptsTest" time="16.448" classname="com.applect.meritnation.scripts.StudyTest">
    <failure type="org.openqa.selenium.NoSuchElementException" message="no such element: Unable to locate element: {&amp;quot;method&amp;quot;:&amp;quot;xpath&amp;quot;,&amp;quot;selector&amp;quot;:&amp;quot;//div[@class=&amp;apos;mysessionFilter&amp;apos;]/div/div/ul/li/a[text()=&amp;apos; Physics Part-I &amp;apos;]&amp;quot;}
  (Session info: chrome=67.0.3396.87)
  (Driver info: chromedriver=2.40.565383 (76257d1ab79276b2d53ee976b2c3e3b9f335cde7),platform=Linux 3.19.0-25-generic x86_64) (WARNING: The server did not provide any stacktrace information)
Command duration or timeout: 10.07 seconds
For documentation on this error, please visit: http://seleniumhq.org/exceptions/no_such_element.html
Build info: version: &amp;apos;2.53.1&amp;apos;, revision: &amp;apos;a36b8b1&amp;apos;, time: &amp;apos;2016-06-30 17:37:03&amp;apos;
System info: host: &amp;apos;58-s07&amp;apos;, ip: &amp;apos;127.0.1.1&amp;apos;, os.name: &amp;apos;Linux&amp;apos;, os.arch: &amp;apos;amd64&amp;apos;, os.version: &amp;apos;3.19.0-25-generic&amp;apos;, java.version: &amp;apos;1.7.0_151&amp;apos;
*** Element info: {Using=xpath, value=//div[@class=&amp;apos;mysessionFilter&amp;apos;]/div/div/ul/li/a[text()=&amp;apos; Physics Part-I &amp;apos;]}
Session ID: 99032c85be4fb7c97345b9ae88ace878
Driver info: org.openqa.selenium.chrome.ChromeDriver
Capabilities [{platform=LINUX, acceptSslCerts=false, javascriptEnabled=true, browserName=chrome, chrome={userDataDir=/tmp/.org.chromium.Chromium.g3o8iV, chromedriverVersion=2.40.565383 (76257d1ab79276b2d53ee976b2c3e3b9f335cde7)}, networkConnectionEnabled=false, unexpectedAlertBehaviour=, rotatable=false, setWindowRect=true, mobileEmulationEnabled=false, locationContextEnabled=true, pageLoadStrategy=normal, version=67.0.3396.87, takesHeapSnapshot=true, cssSelectorsEnabled=true, databaseEnabled=false, handlesAlerts=true, browserConnectionEnabled=false, webStorageEnabled=true, nativeEvents=true, hasTouchScreen=false, applicationCacheEnabled=false, takesScreenshot=true, acceptInsecureCerts=false}]">
      <![CDATA[org.openqa.selenium.NoSuchElementException: no such element: Unable to locate element: {"method":"xpath","selector":"//div[@class='mysessionFilter']/div/div/ul/li/a[text()=' Physics Part-I ']"}
  (Session info: chrome=67.0.3396.87)
  (Driver info: chromedriver=2.40.565383 (76257d1ab79276b2d53ee976b2c3e3b9f335cde7),platform=Linux 3.19.0-25-generic x86_64) (WARNING: The server did not provide any stacktrace information)
Command duration or timeout: 10.07 seconds
For documentation on this error, please visit: http://seleniumhq.org/exceptions/no_such_element.html
Build info: version: '2.53.1', revision: 'a36b8b1', time: '2016-06-30 17:37:03'
System info: host: '58-s07', ip: '127.0.1.1', os.name: 'Linux', os.arch: 'amd64', os.version: '3.19.0-25-generic', java.version: '1.7.0_151'
*** Element info: {Using=xpath, value=//div[@class='mysessionFilter']/div/div/ul/li/a[text()=' Physics Part-I ']}
Session ID: 99032c85be4fb7c97345b9ae88ace878
Driver info: org.openqa.selenium.chrome.ChromeDriver
Capabilities [{platform=LINUX, acceptSslCerts=false, javascriptEnabled=true, browserName=chrome, chrome={userDataDir=/tmp/.org.chromium.Chromium.g3o8iV, chromedriverVersion=2.40.565383 (76257d1ab79276b2d53ee976b2c3e3b9f335cde7)}, networkConnectionEnabled=false, unexpectedAlertBehaviour=, rotatable=false, setWindowRect=true, mobileEmulationEnabled=false, locationContextEnabled=true, pageLoadStrategy=normal, version=67.0.3396.87, takesHeapSnapshot=true, cssSelectorsEnabled=true, databaseEnabled=false, handlesAlerts=true, browserConnectionEnabled=false, webStorageEnabled=true, nativeEvents=true, hasTouchScreen=false, applicationCacheEnabled=false, takesScreenshot=true, acceptInsecureCerts=false}]
	at org.openqa.selenium.remote.ErrorHandler.createThrowable(ErrorHandler.java:206)
	at org.openqa.selenium.remote.ErrorHandler.throwIfResponseFailed(ErrorHandler.java:158)
	at org.openqa.selenium.remote.RemoteWebDriver.execute(RemoteWebDriver.java:678)
	at org.openqa.selenium.remote.RemoteWebDriver.findElement(RemoteWebDriver.java:363)
	at org.openqa.selenium.remote.RemoteWebDriver.findElementByXPath(RemoteWebDriver.java:500)
	at org.openqa.selenium.By$ByXPath.findElement(By.java:361)
	at org.openqa.selenium.remote.RemoteWebDriver.findElement(RemoteWebDriver.java:355)
	at org.openqa.selenium.support.pagefactory.DefaultElementLocator.findElement(DefaultElementLocator.java:69)
	at org.openqa.selenium.support.pagefactory.internal.LocatingElementHandler.invoke(LocatingElementHandler.java:38)
	at com.sun.proxy.$Proxy10.getAttribute(Unknown Source)
	at com.applect.meritnation.pageobject.BasePage.isSelected(BasePage.java:207)
	at com.applect.meritnation.pageobject.StudyPage.clickPhysicsSubject(StudyPage.java:478)
	at com.applect.meritnation.scripts.StudyTest.TC_003_VerifyStudyPhysicsTopicConceptsTest(StudyTest.java:41)
... Removed 28 stack frames]]>
    </failure>
  </testcase> <!-- TC_003_VerifyStudyPhysicsTopicConceptsTest -->
  <testcase name="TC_004_VerifyStudyPhysicsTopicPracticeTest" time="31.238" classname="com.applect.meritnation.scripts.StudyTest"/>
  <testcase name="TC_005_VerifyStudyPhysicsTopicAssignmentTest" time="32.448" classname="com.applect.meritnation.scripts.StudyTest"/>
  <testcase name="TC_006_VerifyStudyPhysicsTopicTestsTest" time="16.175" classname="com.applect.meritnation.scripts.StudyTest">
    <failure type="org.openqa.selenium.NoSuchElementException" message="no such element: Unable to locate element: {&amp;quot;method&amp;quot;:&amp;quot;xpath&amp;quot;,&amp;quot;selector&amp;quot;:&amp;quot;//div[@class=&amp;apos;mysessionFilter&amp;apos;]/div/div/ul/li/a[text()=&amp;apos; Physics Part-I &amp;apos;]&amp;quot;}
  (Session info: chrome=67.0.3396.87)
  (Driver info: chromedriver=2.40.565383 (76257d1ab79276b2d53ee976b2c3e3b9f335cde7),platform=Linux 3.19.0-25-generic x86_64) (WARNING: The server did not provide any stacktrace information)
Command duration or timeout: 10.02 seconds
For documentation on this error, please visit: http://seleniumhq.org/exceptions/no_such_element.html
Build info: version: &amp;apos;2.53.1&amp;apos;, revision: &amp;apos;a36b8b1&amp;apos;, time: &amp;apos;2016-06-30 17:37:03&amp;apos;
System info: host: &amp;apos;58-s07&amp;apos;, ip: &amp;apos;127.0.1.1&amp;apos;, os.name: &amp;apos;Linux&amp;apos;, os.arch: &amp;apos;amd64&amp;apos;, os.version: &amp;apos;3.19.0-25-generic&amp;apos;, java.version: &amp;apos;1.7.0_151&amp;apos;
*** Element info: {Using=xpath, value=//div[@class=&amp;apos;mysessionFilter&amp;apos;]/div/div/ul/li/a[text()=&amp;apos; Physics Part-I &amp;apos;]}
Session ID: 0dffd1fb39caf4081e1829e0258f9086
Driver info: org.openqa.selenium.chrome.ChromeDriver
Capabilities [{platform=LINUX, acceptSslCerts=false, javascriptEnabled=true, browserName=chrome, chrome={userDataDir=/tmp/.org.chromium.Chromium.iRZ7W3, chromedriverVersion=2.40.565383 (76257d1ab79276b2d53ee976b2c3e3b9f335cde7)}, networkConnectionEnabled=false, unexpectedAlertBehaviour=, rotatable=false, setWindowRect=true, mobileEmulationEnabled=false, locationContextEnabled=true, pageLoadStrategy=normal, version=67.0.3396.87, takesHeapSnapshot=true, cssSelectorsEnabled=true, databaseEnabled=false, handlesAlerts=true, browserConnectionEnabled=false, webStorageEnabled=true, nativeEvents=true, hasTouchScreen=false, applicationCacheEnabled=false, takesScreenshot=true, acceptInsecureCerts=false}]">
      <![CDATA[org.openqa.selenium.NoSuchElementException: no such element: Unable to locate element: {"method":"xpath","selector":"//div[@class='mysessionFilter']/div/div/ul/li/a[text()=' Physics Part-I ']"}
  (Session info: chrome=67.0.3396.87)
  (Driver info: chromedriver=2.40.565383 (76257d1ab79276b2d53ee976b2c3e3b9f335cde7),platform=Linux 3.19.0-25-generic x86_64) (WARNING: The server did not provide any stacktrace information)
Command duration or timeout: 10.02 seconds
For documentation on this error, please visit: http://seleniumhq.org/exceptions/no_such_element.html
Build info: version: '2.53.1', revision: 'a36b8b1', time: '2016-06-30 17:37:03'
System info: host: '58-s07', ip: '127.0.1.1', os.name: 'Linux', os.arch: 'amd64', os.version: '3.19.0-25-generic', java.version: '1.7.0_151'
*** Element info: {Using=xpath, value=//div[@class='mysessionFilter']/div/div/ul/li/a[text()=' Physics Part-I ']}
Session ID: 0dffd1fb39caf4081e1829e0258f9086
Driver info: org.openqa.selenium.chrome.ChromeDriver
Capabilities [{platform=LINUX, acceptSslCerts=false, javascriptEnabled=true, browserName=chrome, chrome={userDataDir=/tmp/.org.chromium.Chromium.iRZ7W3, chromedriverVersion=2.40.565383 (76257d1ab79276b2d53ee976b2c3e3b9f335cde7)}, networkConnectionEnabled=false, unexpectedAlertBehaviour=, rotatable=false, setWindowRect=true, mobileEmulationEnabled=false, locationContextEnabled=true, pageLoadStrategy=normal, version=67.0.3396.87, takesHeapSnapshot=true, cssSelectorsEnabled=true, databaseEnabled=false, handlesAlerts=true, browserConnectionEnabled=false, webStorageEnabled=true, nativeEvents=true, hasTouchScreen=false, applicationCacheEnabled=false, takesScreenshot=true, acceptInsecureCerts=false}]
	at org.openqa.selenium.remote.ErrorHandler.createThrowable(ErrorHandler.java:206)
	at org.openqa.selenium.remote.ErrorHandler.throwIfResponseFailed(ErrorHandler.java:158)
	at org.openqa.selenium.remote.RemoteWebDriver.execute(RemoteWebDriver.java:678)
	at org.openqa.selenium.remote.RemoteWebDriver.findElement(RemoteWebDriver.java:363)
	at org.openqa.selenium.remote.RemoteWebDriver.findElementByXPath(RemoteWebDriver.java:500)
	at org.openqa.selenium.By$ByXPath.findElement(By.java:361)
	at org.openqa.selenium.remote.RemoteWebDriver.findElement(RemoteWebDriver.java:355)
	at org.openqa.selenium.support.pagefactory.DefaultElementLocator.findElement(DefaultElementLocator.java:69)
	at org.openqa.selenium.support.pagefactory.internal.LocatingElementHandler.invoke(LocatingElementHandler.java:38)
	at com.sun.proxy.$Proxy10.getAttribute(Unknown Source)
	at com.applect.meritnation.pageobject.BasePage.isSelected(BasePage.java:207)
	at com.applect.meritnation.pageobject.StudyPage.clickPhysicsSubject(StudyPage.java:478)
	at com.applect.meritnation.scripts.StudyTest.TC_006_VerifyStudyPhysicsTopicTestsTest(StudyTest.java:73)
... Removed 28 stack frames]]>
    </failure>
  </testcase> <!-- TC_006_VerifyStudyPhysicsTopicTestsTest -->
  <testcase name="TC_009_VerifyStudyPhysicsTopicRevisionNotesTest" time="39.372" classname="com.applect.meritnation.scripts.StudyTest"/>
  <testcase name="TC_010_VerifyStudyPhysicsTopicBoardPaperQuestionsTest" time="24.217" classname="com.applect.meritnation.scripts.StudyTest"/>
  <testcase name="TC_011_VerifyStudyPhysicsTopicFormativeAssesmentTest" time="34.743" classname="com.applect.meritnation.scripts.StudyTest"/>
  <testcase name="TC_053_VerifyBoardPapterSolutionTest" time="13.388" classname="com.applect.meritnation.scripts.StudyTest">
    <failure type="org.openqa.selenium.TimeoutException" message="Timed out after 5 seconds waiting for visibility of [[ChromeDriver: chrome on LINUX (6b19076dda8c6dfe2a9d819db315ba7e)] -&amp;gt; xpath: //div[@class=&amp;apos;profilcePic&amp;apos;]/div/img]
Build info: version: &amp;apos;2.53.1&amp;apos;, revision: &amp;apos;a36b8b1&amp;apos;, time: &amp;apos;2016-06-30 17:37:03&amp;apos;
System info: host: &amp;apos;58-s07&amp;apos;, ip: &amp;apos;127.0.1.1&amp;apos;, os.name: &amp;apos;Linux&amp;apos;, os.arch: &amp;apos;amd64&amp;apos;, os.version: &amp;apos;3.19.0-25-generic&amp;apos;, java.version: &amp;apos;1.7.0_151&amp;apos;
Session ID: 6b19076dda8c6dfe2a9d819db315ba7e
Driver info: org.openqa.selenium.chrome.ChromeDriver
Capabilities [{platform=LINUX, acceptSslCerts=false, javascriptEnabled=true, browserName=chrome, chrome={userDataDir=/tmp/.org.chromium.Chromium.a87CPg, chromedriverVersion=2.40.565383 (76257d1ab79276b2d53ee976b2c3e3b9f335cde7)}, networkConnectionEnabled=false, unexpectedAlertBehaviour=, rotatable=false, setWindowRect=true, mobileEmulationEnabled=false, locationContextEnabled=true, pageLoadStrategy=normal, version=67.0.3396.87, takesHeapSnapshot=true, cssSelectorsEnabled=true, databaseEnabled=false, handlesAlerts=true, browserConnectionEnabled=false, webStorageEnabled=true, nativeEvents=true, hasTouchScreen=false, applicationCacheEnabled=false, takesScreenshot=true, acceptInsecureCerts=false}]">
      <![CDATA[org.openqa.selenium.TimeoutException: Timed out after 5 seconds waiting for visibility of [[ChromeDriver: chrome on LINUX (6b19076dda8c6dfe2a9d819db315ba7e)] -> xpath: //div[@class='profilcePic']/div/img]
Build info: version: '2.53.1', revision: 'a36b8b1', time: '2016-06-30 17:37:03'
System info: host: '58-s07', ip: '127.0.1.1', os.name: 'Linux', os.arch: 'amd64', os.version: '3.19.0-25-generic', java.version: '1.7.0_151'
Session ID: 6b19076dda8c6dfe2a9d819db315ba7e
Driver info: org.openqa.selenium.chrome.ChromeDriver
Capabilities [{platform=LINUX, acceptSslCerts=false, javascriptEnabled=true, browserName=chrome, chrome={userDataDir=/tmp/.org.chromium.Chromium.a87CPg, chromedriverVersion=2.40.565383 (76257d1ab79276b2d53ee976b2c3e3b9f335cde7)}, networkConnectionEnabled=false, unexpectedAlertBehaviour=, rotatable=false, setWindowRect=true, mobileEmulationEnabled=false, locationContextEnabled=true, pageLoadStrategy=normal, version=67.0.3396.87, takesHeapSnapshot=true, cssSelectorsEnabled=true, databaseEnabled=false, handlesAlerts=true, browserConnectionEnabled=false, webStorageEnabled=true, nativeEvents=true, hasTouchScreen=false, applicationCacheEnabled=false, takesScreenshot=true, acceptInsecureCerts=false}]
	at org.openqa.selenium.support.ui.WebDriverWait.timeoutException(WebDriverWait.java:80)
	at org.openqa.selenium.support.ui.FluentWait.until(FluentWait.java:261)
	at com.applect.meritnation.generic.WaitStatementLib.explicitWaitForVisiblity(WaitStatementLib.java:32)
	at com.applect.meritnation.pageobject.CreateAccountPage.clickProfileIcon(CreateAccountPage.java:236)
	at com.applect.meritnation.pageobject.StudyPage.verifyBoardPaperSolution(StudyPage.java:300)
	at com.applect.meritnation.scripts.StudyTest.TC_053_VerifyBoardPapterSolutionTest(StudyTest.java:570)
... Removed 24 stack frames]]>
    </failure>
  </testcase> <!-- TC_053_VerifyBoardPapterSolutionTest -->
  <testcase name="TC_001_CreateAccountTest" time="33.066" classname="com.applect.meritnation.scripts.CreateAccountTest"/>
  <testcase name="TC_001_SearchTest" time="29.058" classname="com.applect.meritnation.scripts.SearchTest"/>
  <testcase name="TC_001_AskQuestionTest" time="22.399" classname="com.applect.meritnation.scripts.AsknAnswerTest"/>
  <testcase name="TC_003_VerifyUserProfileFromRecommendedQuestionsTest" time="31.36" classname="com.applect.meritnation.scripts.AsknAnswerTest"/>
  <testcase name="TC_001_LoginTest" time="5.771" classname="com.applect.meritnation.scripts.LoginTest">
    <failure type="java.lang.AssertionError" message="Logo Not Displayed expected [true] but found [false]">
      <![CDATA[java.lang.AssertionError: Logo Not Displayed expected [true] but found [false]
	at com.applect.meritnation.pageobject.LoginPage.checkHeaderDisplay(LoginPage.java:281)
	at com.applect.meritnation.scripts.LoginTest.TC_001_LoginTest(LoginTest.java:20)
... Removed 27 stack frames]]>
    </failure>
  </testcase> <!-- TC_001_LoginTest -->
</testsuite> <!-- Meritnation Web Regression -->
