<?xml version="1.0" encoding="UTF-8"?>
<!-- Generated by org.testng.reporters.JUnitXMLReporter -->
<testsuite hostname="58-s07" ignored="59" name="Meritnation Web Regression(failed)(failed)(failed)(failed)(failed)" tests="2" failures="2" timestamp="03 Sep 2019 09:32:36 GMT" time="76.706" errors="0">
  <testcase name="TC_003_VerifyUserProfileFromRecommendedQuestionsTest" time="22.022" classname="com.applect.meritnation.scripts.AsknAnswerTest">
    <failure type="org.openqa.selenium.ElementClickInterceptedException" message="element click intercepted: Element &amp;lt;a href=&amp;quot;javascript:void(0)&amp;quot; class=&amp;quot;&amp;quot;&amp;gt;...&amp;lt;/a&amp;gt; is not clickable at point (456, 65). Other element would receive the click: &amp;lt;iframe name=&amp;quot;notification-frame-b8a4b175&amp;quot; id=&amp;quot;webklipper-publisher-widget-container-notification-frame&amp;quot; frameborder=&amp;quot;0&amp;quot; marginheight=&amp;quot;0&amp;quot; marginwidth=&amp;quot;0&amp;quot; style=&amp;quot;display: block; z-index: 16776272; width: 100%; visibility: visible; overflow: visible; position: fixed; height: 84px; top: 0px; bottom: auto; left: 0px;&amp;quot; data-notification-layout-id=&amp;quot;~fg00aad&amp;quot; data-notification-layout-name=&amp;quot;undefined&amp;quot; cd_frame_id_=&amp;quot;16e916157db8988b762ec363a1f8578b&amp;quot;&amp;gt;&amp;lt;/iframe&amp;gt;
  (Session info: chrome=76.0.3809.87)
Build info: version: &amp;apos;3.141.59&amp;apos;, revision: &amp;apos;e82be7d358&amp;apos;, time: &amp;apos;2018-11-14T08:25:48&amp;apos;
System info: host: &amp;apos;58-s07&amp;apos;, ip: &amp;apos;127.0.1.1&amp;apos;, os.name: &amp;apos;Linux&amp;apos;, os.arch: &amp;apos;amd64&amp;apos;, os.version: &amp;apos;4.4.0-148-generic&amp;apos;, java.version: &amp;apos;1.8.0_201&amp;apos;
Driver info: org.openqa.selenium.chrome.ChromeDriver
Capabilities {acceptInsecureCerts: false, browserName: chrome, browserVersion: 76.0.3809.87, chrome: {chromedriverVersion: 75.0.3770.140 (2d9f97485c7b..., userDataDir: /tmp/.com.google.Chrome.J0ybUP}, goog:chromeOptions: {debuggerAddress: localhost:42935}, javascriptEnabled: true, networkConnectionEnabled: false, pageLoadStrategy: normal, platform: LINUX, platformName: LINUX, proxy: Proxy(), setWindowRect: true, strictFileInteractability: false, timeouts: {implicit: 0, pageLoad: 300000, script: 30000}, unhandledPromptBehavior: dismiss and notify}
Session ID: a95b082ebac0468d684a677702ac1885">
      <![CDATA[org.openqa.selenium.ElementClickInterceptedException: element click intercepted: Element <a href="javascript:void(0)" class="">...</a> is not clickable at point (456, 65). Other element would receive the click: <iframe name="notification-frame-b8a4b175" id="webklipper-publisher-widget-container-notification-frame" frameborder="0" marginheight="0" marginwidth="0" style="display: block; z-index: 16776272; width: 100%; visibility: visible; overflow: visible; position: fixed; height: 84px; top: 0px; bottom: auto; left: 0px;" data-notification-layout-id="~fg00aad" data-notification-layout-name="undefined" cd_frame_id_="16e916157db8988b762ec363a1f8578b"></iframe>  (Session info: chrome=76.0.3809.87)Build info: version: '3.141.59', revision: 'e82be7d358', time: '2018-11-14T08:25:48'System info: host: '58-s07', ip: '127.0.1.1', os.name: 'Linux', os.arch: 'amd64', os.version: '4.4.0-148-generic', java.version: '1.8.0_201'Driver info: org.openqa.selenium.chrome.ChromeDriverCapabilities {acceptInsecureCerts: false, browserName: chrome, browserVersion: 76.0.3809.87, chrome: {chromedriverVersion: 75.0.3770.140 (2d9f97485c7b..., userDataDir: /tmp/.com.google.Chrome.J0ybUP}, goog:chromeOptions: {debuggerAddress: localhost:42935}, javascriptEnabled: true, networkConnectionEnabled: false, pageLoadStrategy: normal, platform: LINUX, platformName: LINUX, proxy: Proxy(), setWindowRect: true, strictFileInteractability: false, timeouts: {implicit: 0, pageLoad: 300000, script: 30000}, unhandledPromptBehavior: dismiss and notify}Session ID: a95b082ebac0468d684a677702ac1885at org.openqa.selenium.remote.http.W3CHttpResponseCodec.createException(W3CHttpResponseCodec.java:187)at org.openqa.selenium.remote.http.W3CHttpResponseCodec.decode(W3CHttpResponseCodec.java:122)at org.openqa.selenium.remote.http.W3CHttpResponseCodec.decode(W3CHttpResponseCodec.java:49)at org.openqa.selenium.remote.HttpCommandExecutor.execute(HttpCommandExecutor.java:158)at org.openqa.selenium.remote.service.DriverCommandExecutor.execute(DriverCommandExecutor.java:83)at org.openqa.selenium.remote.RemoteWebDriver.execute(RemoteWebDriver.java:552)at org.openqa.selenium.remote.RemoteWebElement.execute(RemoteWebElement.java:285)at org.openqa.selenium.remote.RemoteWebElement.click(RemoteWebElement.java:84)at org.openqa.selenium.support.pagefactory.internal.LocatingElementHandler.invoke(LocatingElementHandler.java:51)at com.sun.proxy.$Proxy12.click(Unknown Source)at com.applect.meritnation.pageobject.BasePage.selectUsingOption(BasePage.java:157)at com.applect.meritnation.pageobject.AsknAnswerPage.clickRecommendedQuestions(AsknAnswerPage.java:173)at com.applect.meritnation.scripts.AsknAnswerTest.TC_003_VerifyUserProfileFromRecommendedQuestionsTest(AsknAnswerTest.java:56)... Removed 33 stack frames]]>
    </failure>
  </testcase> <!-- TC_003_VerifyUserProfileFromRecommendedQuestionsTest -->
  <testcase name="TC_006_VerifyStudyPhysicsTopicTestsTest" time="36.465" classname="com.applect.meritnation.scripts.StudyTest">
    <failure type="org.openqa.selenium.NoSuchElementException" message="no such element: Unable to locate element: {&amp;quot;method&amp;quot;:&amp;quot;xpath&amp;quot;,&amp;quot;selector&amp;quot;:&amp;quot;//div[@class=&amp;apos;mysessionFilter&amp;apos;]/div/div/ul/li/a[text()=&amp;apos; Physics Part-I &amp;apos;]&amp;quot;}
  (Session info: chrome=76.0.3809.87)
For documentation on this error, please visit: https://www.seleniumhq.org/exceptions/no_such_element.html
Build info: version: &amp;apos;3.141.59&amp;apos;, revision: &amp;apos;e82be7d358&amp;apos;, time: &amp;apos;2018-11-14T08:25:48&amp;apos;
System info: host: &amp;apos;58-s07&amp;apos;, ip: &amp;apos;127.0.1.1&amp;apos;, os.name: &amp;apos;Linux&amp;apos;, os.arch: &amp;apos;amd64&amp;apos;, os.version: &amp;apos;4.4.0-148-generic&amp;apos;, java.version: &amp;apos;1.8.0_201&amp;apos;
Driver info: org.openqa.selenium.chrome.ChromeDriver
Capabilities {acceptInsecureCerts: false, browserName: chrome, browserVersion: 76.0.3809.87, chrome: {chromedriverVersion: 75.0.3770.140 (2d9f97485c7b..., userDataDir: /tmp/.com.google.Chrome.O0feNF}, goog:chromeOptions: {debuggerAddress: localhost:36663}, javascriptEnabled: true, networkConnectionEnabled: false, pageLoadStrategy: normal, platform: LINUX, platformName: LINUX, proxy: Proxy(), setWindowRect: true, strictFileInteractability: false, timeouts: {implicit: 0, pageLoad: 300000, script: 30000}, unhandledPromptBehavior: dismiss and notify}
Session ID: e9ba518c9bd1a8fbea72dcc13cd1a9bd
*** Element info: {Using=xpath, value=//div[@class=&amp;apos;mysessionFilter&amp;apos;]/div/div/ul/li/a[text()=&amp;apos; Physics Part-I &amp;apos;]}">
      <![CDATA[org.openqa.selenium.NoSuchElementException: no such element: Unable to locate element: {"method":"xpath","selector":"//div[@class='mysessionFilter']/div/div/ul/li/a[text()=' Physics Part-I ']"}  (Session info: chrome=76.0.3809.87)For documentation on this error, please visit: https://www.seleniumhq.org/exceptions/no_such_element.htmlBuild info: version: '3.141.59', revision: 'e82be7d358', time: '2018-11-14T08:25:48'System info: host: '58-s07', ip: '127.0.1.1', os.name: 'Linux', os.arch: 'amd64', os.version: '4.4.0-148-generic', java.version: '1.8.0_201'Driver info: org.openqa.selenium.chrome.ChromeDriverCapabilities {acceptInsecureCerts: false, browserName: chrome, browserVersion: 76.0.3809.87, chrome: {chromedriverVersion: 75.0.3770.140 (2d9f97485c7b..., userDataDir: /tmp/.com.google.Chrome.O0feNF}, goog:chromeOptions: {debuggerAddress: localhost:36663}, javascriptEnabled: true, networkConnectionEnabled: false, pageLoadStrategy: normal, platform: LINUX, platformName: LINUX, proxy: Proxy(), setWindowRect: true, strictFileInteractability: false, timeouts: {implicit: 0, pageLoad: 300000, script: 30000}, unhandledPromptBehavior: dismiss and notify}Session ID: e9ba518c9bd1a8fbea72dcc13cd1a9bd*** Element info: {Using=xpath, value=//div[@class='mysessionFilter']/div/div/ul/li/a[text()=' Physics Part-I ']}at org.openqa.selenium.remote.http.W3CHttpResponseCodec.createException(W3CHttpResponseCodec.java:187)at org.openqa.selenium.remote.http.W3CHttpResponseCodec.decode(W3CHttpResponseCodec.java:122)at org.openqa.selenium.remote.http.W3CHttpResponseCodec.decode(W3CHttpResponseCodec.java:49)at org.openqa.selenium.remote.HttpCommandExecutor.execute(HttpCommandExecutor.java:158)at org.openqa.selenium.remote.service.DriverCommandExecutor.execute(DriverCommandExecutor.java:83)at org.openqa.selenium.remote.RemoteWebDriver.execute(RemoteWebDriver.java:552)at org.openqa.selenium.remote.RemoteWebDriver.findElement(RemoteWebDriver.java:323)at org.openqa.selenium.remote.RemoteWebDriver.findElementByXPath(RemoteWebDriver.java:428)at org.openqa.selenium.By$ByXPath.findElement(By.java:353)at org.openqa.selenium.remote.RemoteWebDriver.findElement(RemoteWebDriver.java:315)at org.openqa.selenium.support.pagefactory.DefaultElementLocator.findElement(DefaultElementLocator.java:69)at org.openqa.selenium.support.pagefactory.internal.LocatingElementHandler.invoke(LocatingElementHandler.java:38)at com.sun.proxy.$Proxy12.getAttribute(Unknown Source)at com.applect.meritnation.pageobject.BasePage.isSelected(BasePage.java:225)at com.applect.meritnation.pageobject.StudyPage.clickPhysicsSubject(StudyPage.java:512)at com.applect.meritnation.scripts.StudyTest.TC_006_VerifyStudyPhysicsTopicTestsTest(StudyTest.java:73)... Removed 29 stack frames]]>
    </failure>
  </testcase> <!-- TC_006_VerifyStudyPhysicsTopicTestsTest -->
  <testcase name="TC_009_VerifyStudyPhysicsTopicRevisionNotesTest" time="0.0" classname="com.applect.meritnation.scripts.StudyTest">
    <ignored/>
  </testcase> <!-- TC_009_VerifyStudyPhysicsTopicRevisionNotesTest -->
  <testcase name="TC_032_VerifyStudyChemistryTopicConceptsTest" time="0.0" classname="com.applect.meritnation.scripts.StudyTest">
    <ignored/>
  </testcase> <!-- TC_032_VerifyStudyChemistryTopicConceptsTest -->
  <testcase name="TC_053_VerifyBoardPapterSolutionTest" time="0.0" classname="com.applect.meritnation.scripts.StudyTest">
    <ignored/>
  </testcase> <!-- TC_053_VerifyBoardPapterSolutionTest -->
  <testcase name="TC_046_VerifyStudyEnglishTopicActivitiesTest" time="0.0" classname="com.applect.meritnation.scripts.StudyTest">
    <ignored/>
  </testcase> <!-- TC_046_VerifyStudyEnglishTopicActivitiesTest -->
  <testcase name="TC_037_VerifyStudyChemistryTopicActivitiesTest" time="0.0" classname="com.applect.meritnation.scripts.StudyTest">
    <ignored/>
  </testcase> <!-- TC_037_VerifyStudyChemistryTopicActivitiesTest -->
  <testcase name="TC_013_VerifyStudyBiologyTopicConceptsTest" time="0.0" classname="com.applect.meritnation.scripts.StudyTest">
    <ignored/>
  </testcase> <!-- TC_013_VerifyStudyBiologyTopicConceptsTest -->
  <testcase name="TC_004_VerifyAskedquestionDetailFromRecommendedQuestionsTest" time="0.0" classname="com.applect.meritnation.scripts.AsknAnswerTest">
    <ignored/>
  </testcase> <!-- TC_004_VerifyAskedquestionDetailFromRecommendedQuestionsTest -->
  <testcase name="TC_045_VerifyStudyEnglishTopicPupularQuestionsTest" time="0.0" classname="com.applect.meritnation.scripts.StudyTest">
    <ignored/>
  </testcase> <!-- TC_045_VerifyStudyEnglishTopicPupularQuestionsTest -->
  <testcase name="TC_049_VerifyStudyEconomicsTopicTestsTest" time="0.0" classname="com.applect.meritnation.scripts.StudyTest">
    <ignored/>
  </testcase> <!-- TC_049_VerifyStudyEconomicsTopicTestsTest -->
  <testcase name="TC_008_VerifyStudyPhysicsTopicActivitiesTest" time="0.0" classname="com.applect.meritnation.scripts.StudyTest">
    <ignored/>
  </testcase> <!-- TC_008_VerifyStudyPhysicsTopicActivitiesTest -->
  <testcase name="TC_023_VerifyStudyMathTopicConceptsTest" time="0.0" classname="com.applect.meritnation.scripts.StudyTest">
    <ignored/>
  </testcase> <!-- TC_023_VerifyStudyMathTopicConceptsTest -->
  <testcase name="TC_014_VerifyStudyBiologyTopicPracticeTest" time="0.0" classname="com.applect.meritnation.scripts.StudyTest">
    <ignored/>
  </testcase> <!-- TC_014_VerifyStudyBiologyTopicPracticeTest -->
  <testcase name="TC_016_VerifyStudyBiologyTopicTestsTest" time="0.0" classname="com.applect.meritnation.scripts.StudyTest">
    <ignored/>
  </testcase> <!-- TC_016_VerifyStudyBiologyTopicTestsTest -->
  <testcase name="TC_018_VerifyStudyBiologyTopicActivitiesTest" time="0.0" classname="com.applect.meritnation.scripts.StudyTest">
    <ignored/>
  </testcase> <!-- TC_018_VerifyStudyBiologyTopicActivitiesTest -->
  <testcase name="TC_003_VerifyStudyPhysicsTopicConceptsTest" time="0.0" classname="com.applect.meritnation.scripts.StudyTest">
    <ignored/>
  </testcase> <!-- TC_003_VerifyStudyPhysicsTopicConceptsTest -->
  <testcase name="TC_002_VerifyRecommendedQuestionsPageDetailsTest" time="0.0" classname="com.applect.meritnation.scripts.AsknAnswerTest">
    <ignored/>
  </testcase> <!-- TC_002_VerifyRecommendedQuestionsPageDetailsTest -->
  <testcase name="TC_005_VerifyStudyPhysicsTopicAssignmentTest" time="0.0" classname="com.applect.meritnation.scripts.StudyTest">
    <ignored/>
  </testcase> <!-- TC_005_VerifyStudyPhysicsTopicAssignmentTest -->
  <testcase name="@AfterSuite sendEmail" time="0.0" classname="com.applect.meritnation.generic.BaseLib">
    <ignored/>
  </testcase> <!-- @AfterSuite sendEmail -->
  <testcase name="TC_004_VerifyStudyPhysicsTopicPracticeTest" time="0.0" classname="com.applect.meritnation.scripts.StudyTest">
    <ignored/>
  </testcase> <!-- TC_004_VerifyStudyPhysicsTopicPracticeTest -->
  <testcase name="TC_042_VerifyStudyEnglishTopicConceptsTest" time="0.0" classname="com.applect.meritnation.scripts.StudyTest">
    <ignored/>
  </testcase> <!-- TC_042_VerifyStudyEnglishTopicConceptsTest -->
  <testcase name="TC_010_VerifyStudyPhysicsTopicBoardPaperQuestionsTest" time="0.0" classname="com.applect.meritnation.scripts.StudyTest">
    <ignored/>
  </testcase> <!-- TC_010_VerifyStudyPhysicsTopicBoardPaperQuestionsTest -->
  <testcase name="TC_029_VerifyStudyMathTopicBoardPaperQuestionsTest" time="0.0" classname="com.applect.meritnation.scripts.StudyTest">
    <ignored/>
  </testcase> <!-- TC_029_VerifyStudyMathTopicBoardPaperQuestionsTest -->
  <testcase name="TC_043_VerifyStudyEnglishTopicAssignmentTest" time="0.0" classname="com.applect.meritnation.scripts.StudyTest">
    <ignored/>
  </testcase> <!-- TC_043_VerifyStudyEnglishTopicAssignmentTest -->
  <testcase name="TC_051_VerifyStudyEconomicsTopicRevisionNotesTest" time="0.0" classname="com.applect.meritnation.scripts.StudyTest">
    <ignored/>
  </testcase> <!-- TC_051_VerifyStudyEconomicsTopicRevisionNotesTest -->
  <testcase name="TC_031_verifyStudyChemistryTopicLiveClasssesTest" time="0.0" classname="com.applect.meritnation.scripts.StudyTest">
    <ignored/>
  </testcase> <!-- TC_031_verifyStudyChemistryTopicLiveClasssesTest -->
  <testcase name="TC_020_VerifyStudyBiologyTopicBoardPaperQuestionsTest" time="0.0" classname="com.applect.meritnation.scripts.StudyTest">
    <ignored/>
  </testcase> <!-- TC_020_VerifyStudyBiologyTopicBoardPaperQuestionsTest -->
  <testcase name="TC_017_VerifyStudyBiologyTopicPupularQuestionsTest" time="0.0" classname="com.applect.meritnation.scripts.StudyTest">
    <ignored/>
  </testcase> <!-- TC_017_VerifyStudyBiologyTopicPupularQuestionsTest -->
  <testcase name="TC_047_VerifyStudyEnglishTopicRevisionNotesTest" time="0.0" classname="com.applect.meritnation.scripts.StudyTest">
    <ignored/>
  </testcase> <!-- TC_047_VerifyStudyEnglishTopicRevisionNotesTest -->
  <testcase name="TC_025_VerifyStudyMathTopicAssignmentTest" time="0.0" classname="com.applect.meritnation.scripts.StudyTest">
    <ignored/>
  </testcase> <!-- TC_025_VerifyStudyMathTopicAssignmentTest -->
  <testcase name="TC_001_VerifyStudyPhysicsPageTest" time="0.0" classname="com.applect.meritnation.scripts.StudyTest">
    <ignored/>
  </testcase> <!-- TC_001_VerifyStudyPhysicsPageTest -->
  <testcase name="@BeforeSuite deleteOutputDirectory" time="0.0" classname="com.applect.meritnation.generic.BaseLib">
    <ignored/>
  </testcase> <!-- @BeforeSuite deleteOutputDirectory -->
  <testcase name="TC_036_VerifyStudyChemistryTopicPupularQuestionsTest" time="0.0" classname="com.applect.meritnation.scripts.StudyTest">
    <ignored/>
  </testcase> <!-- TC_036_VerifyStudyChemistryTopicPupularQuestionsTest -->
  <testcase name="TC_027_VerifyStudyMathTopicPupularQuestionsTest" time="0.0" classname="com.applect.meritnation.scripts.StudyTest">
    <ignored/>
  </testcase> <!-- TC_027_VerifyStudyMathTopicPupularQuestionsTest -->
  <testcase name="TC_015_VerifyStudyBiologyTopicAssignmentTest" time="0.0" classname="com.applect.meritnation.scripts.StudyTest">
    <ignored/>
  </testcase> <!-- TC_015_VerifyStudyBiologyTopicAssignmentTest -->
  <testcase name="TC_021_VerifyStudyBiologyTopicFormativeAssesmentTest" time="0.0" classname="com.applect.meritnation.scripts.StudyTest">
    <ignored/>
  </testcase> <!-- TC_021_VerifyStudyBiologyTopicFormativeAssesmentTest -->
  <testcase name="TC_007_VerifyStudyPhysicsTopicPupularQuestionsTest" time="0.0" classname="com.applect.meritnation.scripts.StudyTest">
    <ignored/>
  </testcase> <!-- TC_007_VerifyStudyPhysicsTopicPupularQuestionsTest -->
  <testcase name="TC_019_VerifyStudyBiologyTopicRevisionNotesTest" time="0.0" classname="com.applect.meritnation.scripts.StudyTest">
    <ignored/>
  </testcase> <!-- TC_019_VerifyStudyBiologyTopicRevisionNotesTest -->
  <testcase name="TC_001_AskQuestionTest" time="0.0" classname="com.applect.meritnation.scripts.AsknAnswerTest">
    <ignored/>
  </testcase> <!-- TC_001_AskQuestionTest -->
  <testcase name="TC_054_VerifyJuniorLiveClass" time="0.0" classname="com.applect.meritnation.scripts.StudyTest">
    <ignored/>
  </testcase> <!-- TC_054_VerifyJuniorLiveClass -->
  <testcase name="TC_022_verifyStudyMathTopicLiveClasssesTest" time="0.0" classname="com.applect.meritnation.scripts.StudyTest">
    <ignored/>
  </testcase> <!-- TC_022_verifyStudyMathTopicLiveClasssesTest -->
  <testcase name="TC_001_AskQuestionTestWithImage" time="0.0" classname="com.applect.meritnation.scripts.AsknAnswerTest">
    <ignored/>
  </testcase> <!-- TC_001_AskQuestionTestWithImage -->
  <testcase name="TC_011_VerifyStudyPhysicsTopicFormativeAssesmentTest" time="0.0" classname="com.applect.meritnation.scripts.StudyTest">
    <ignored/>
  </testcase> <!-- TC_011_VerifyStudyPhysicsTopicFormativeAssesmentTest -->
  <testcase name="TC_052_VerifyStudyEconomicsTopicBoardPaperQuestionsTest" time="0.0" classname="com.applect.meritnation.scripts.StudyTest">
    <ignored/>
  </testcase> <!-- TC_052_VerifyStudyEconomicsTopicBoardPaperQuestionsTest -->
  <testcase name="TC_002_verifyStudyPhysicsTopicLiveClasssesTest" time="0.0" classname="com.applect.meritnation.scripts.StudyTest">
    <ignored/>
  </testcase> <!-- TC_002_verifyStudyPhysicsTopicLiveClasssesTest -->
  <testcase name="TC_012_verifyStudyBiologyTopicLiveClasssesTest" time="0.0" classname="com.applect.meritnation.scripts.StudyTest">
    <ignored/>
  </testcase> <!-- TC_012_verifyStudyBiologyTopicLiveClasssesTest -->
  <testcase name="TC_039_VerifyStudyChemistryTopicBoardPaperQuestionsTest" time="0.0" classname="com.applect.meritnation.scripts.StudyTest">
    <ignored/>
  </testcase> <!-- TC_039_VerifyStudyChemistryTopicBoardPaperQuestionsTest -->
  <testcase name="TC_038_VerifyStudyChemistryTopicRevisionNotesTest" time="0.0" classname="com.applect.meritnation.scripts.StudyTest">
    <ignored/>
  </testcase> <!-- TC_038_VerifyStudyChemistryTopicRevisionNotesTest -->
  <testcase name="TC_044_VerifyStudyEnglishTopicTestsTest" time="0.0" classname="com.applect.meritnation.scripts.StudyTest">
    <ignored/>
  </testcase> <!-- TC_044_VerifyStudyEnglishTopicTestsTest -->
  <testcase name="TC_024_VerifyStudyMathTopicPracticeTest" time="0.0" classname="com.applect.meritnation.scripts.StudyTest">
    <ignored/>
  </testcase> <!-- TC_024_VerifyStudyMathTopicPracticeTest -->
  <testcase name="TC_033_VerifyStudyChemistryTopicPracticeTest" time="0.0" classname="com.applect.meritnation.scripts.StudyTest">
    <ignored/>
  </testcase> <!-- TC_033_VerifyStudyChemistryTopicPracticeTest -->
  <testcase name="TC_011_OrderFromFrontEnd" time="0.0" classname="com.applect.meritnation.scripts.AsknAnswerTest">
    <ignored/>
  </testcase> <!-- TC_011_OrderFromFrontEnd -->
  <testcase name="TC_026_VerifyStudyMathTopicTestsTest" time="0.0" classname="com.applect.meritnation.scripts.StudyTest">
    <ignored/>
  </testcase> <!-- TC_026_VerifyStudyMathTopicTestsTest -->
  <testcase name="TC_048_VerifyStudyEconomicsTopicConceptsTest" time="0.0" classname="com.applect.meritnation.scripts.StudyTest">
    <ignored/>
  </testcase> <!-- TC_048_VerifyStudyEconomicsTopicConceptsTest -->
  <testcase name="TC_034_VerifyStudyChemistryTopicAssignmentTest" time="0.0" classname="com.applect.meritnation.scripts.StudyTest">
    <ignored/>
  </testcase> <!-- TC_034_VerifyStudyChemistryTopicAssignmentTest -->
  <testcase name="TC_035_VerifyStudyChemistryTopicTestsTest" time="0.0" classname="com.applect.meritnation.scripts.StudyTest">
    <ignored/>
  </testcase> <!-- TC_035_VerifyStudyChemistryTopicTestsTest -->
  <testcase name="TC_028_VerifyStudyMathTopicRevisionNotesTest" time="0.0" classname="com.applect.meritnation.scripts.StudyTest">
    <ignored/>
  </testcase> <!-- TC_028_VerifyStudyMathTopicRevisionNotesTest -->
  <testcase name="TC_050_VerifyStudyEconomicsTopicPupularQuestionsTest" time="0.0" classname="com.applect.meritnation.scripts.StudyTest">
    <ignored/>
  </testcase> <!-- TC_050_VerifyStudyEconomicsTopicPupularQuestionsTest -->
  <testcase name="TC_040_VerifyStudyChemistryTopicFormativeAssesmentTest" time="0.0" classname="com.applect.meritnation.scripts.StudyTest">
    <ignored/>
  </testcase> <!-- TC_040_VerifyStudyChemistryTopicFormativeAssesmentTest -->
  <testcase name="TC_030_VerifyStudyMathTopicFormativeAssesmentTest" time="0.0" classname="com.applect.meritnation.scripts.StudyTest">
    <ignored/>
  </testcase> <!-- TC_030_VerifyStudyMathTopicFormativeAssesmentTest -->
</testsuite> <!-- Meritnation Web Regression(failed)(failed)(failed)(failed)(failed) -->
