<!DOCTYPE html PUBLIC "-//W3C//DTD XHTML 1.1//EN" "http://www.w3.org/TR/xhtml11/DTD/xhtml11.dtd">
<html xmlns="http://www.w3.org/1999/xhtml"><head><title>TestNG Report</title><style type="text/css">table {margin-bottom:10px;border-collapse:collapse;empty-cells:show}th,td {border:1px solid #009;padding:.25em .5em}th {vertical-align:bottom}td {vertical-align:top}table a {font-weight:bold}.stripe td {background-color: #E6EBF9}.num {text-align:right}.passedodd td {background-color: #3F3}.passedeven td {background-color: #0A0}.skippedodd td {background-color: #DDD}.skippedeven td {background-color: #CCC}.failedodd td,.attn {background-color: #F33}.failedeven td,.stripe .attn {background-color: #D00}.stacktrace {white-space:pre;font-family:monospace}.totop {font-size:85%;text-align:center;border-bottom:2px solid #000}</style></head><body><table><tr><th>Test</th><th># Passed</th><th># Skipped</th><th># Failed</th><th>Time (ms)</th><th>Included Groups</th><th>Excluded Groups</th></tr><tr><th colspan="7">Main Test Suite</th></tr><tr><td><a href="#t0">Meritnation Web Regression</a></td><td class="num">13</td><td class="num">0</td><td class="num attn">2</td><td class="num">936,295</td><td>Regression</td><td></td></tr><tr class="stripe"><td><a href="#t1">Meritnation Mobile Web Regression</a></td><td class="num">1</td><td class="num">0</td><td class="num">0</td><td class="num">36,693</td><td>MobileRegression</td><td></td></tr><tr><th>Total</th><th class="num">14</th><th class="num">0</th><th class="num attn">2</th><th class="num">972,988</th><th colspan="2"></th></tr></table><table><thead><tr><th>Class</th><th>Method</th><th>Start</th><th>Time (ms)</th></tr></thead><tbody><tr><th colspan="4">Main Test Suite</th></tr></tbody><tbody id="t0"><tr><th colspan="4">Meritnation Web Regression &#8212; failed</th></tr><tr class="failedeven"><td rowspan="1">com.applect.meritnation.scripts.AsknAnswerTest</td><td><a href="#m0">TC_001_AskQuestionTest</a></td><td rowspan="1">1532503197655</td><td rowspan="1">22402</td></tr><tr class="failedodd"><td rowspan="1">com.applect.meritnation.scripts.SearchTest</td><td><a href="#m1">TC_001_SearchTest</a></td><td rowspan="1">1532503165620</td><td rowspan="1">22358</td></tr><tr><th colspan="4">Meritnation Web Regression &#8212; passed</th></tr><tr class="passedeven"><td rowspan="1">com.applect.meritnation.scripts.AsknAnswerTest</td><td><a href="#m2">TC_003_VerifyUserProfileFromRecommendedQuestionsTest</a></td><td rowspan="1">1532503229342</td><td rowspan="1">32226</td></tr><tr class="passedodd"><td rowspan="1">com.applect.meritnation.scripts.CreateAccountTest</td><td><a href="#m3">TC_001_CreateAccountTest</a></td><td rowspan="1">1532503113190</td><td rowspan="1">43311</td></tr><tr class="passedeven"><td rowspan="1">com.applect.meritnation.scripts.LoginTest</td><td><a href="#m4">TC_001_LoginTest</a></td><td rowspan="1">1532503272552</td><td rowspan="1">24786</td></tr><tr class="passedodd"><td rowspan="10">com.applect.meritnation.scripts.StudyTest</td><td><a href="#m5">TC_001_VerifyStudyPhysicsPageTest</a></td><td rowspan="1">1532502371042</td><td rowspan="1">161537</td></tr><tr class="passedodd"><td><a href="#m6">TC_002_verifyStudyPhysicsTopicLiveClasssesTest</a></td><td rowspan="1">1532502547179</td><td rowspan="1">43191</td></tr><tr class="passedodd"><td><a href="#m7">TC_003_VerifyStudyPhysicsTopicConceptsTest</a></td><td rowspan="1">1532502599762</td><td rowspan="1">79540</td></tr><tr class="passedodd"><td><a href="#m8">TC_004_VerifyStudyPhysicsTopicPracticeTest</a></td><td rowspan="1">1532502685303</td><td rowspan="1">35147</td></tr><tr class="passedodd"><td><a href="#m9">TC_005_VerifyStudyPhysicsTopicAssignmentTest</a></td><td rowspan="1">1532502730953</td><td rowspan="1">36899</td></tr><tr class="passedodd"><td><a href="#m10">TC_006_VerifyStudyPhysicsTopicTestsTest</a></td><td rowspan="1">1532502777410</td><td rowspan="1">32358</td></tr><tr class="passedodd"><td><a href="#m11">TC_009_VerifyStudyPhysicsTopicRevisionNotesTest</a></td><td rowspan="1">1532502819134</td><td rowspan="1">40633</td></tr><tr class="passedodd"><td><a href="#m12">TC_010_VerifyStudyPhysicsTopicBoardPaperQuestionsTest</a></td><td rowspan="1">1532502869354</td><td rowspan="1">25940</td></tr><tr class="passedodd"><td><a href="#m13">TC_011_VerifyStudyPhysicsTopicFormativeAssesmentTest</a></td><td rowspan="1">1532502904247</td><td rowspan="1">39333</td></tr><tr class="passedodd"><td><a href="#m14">TC_053_VerifyBoardPapterSolutionTest</a></td><td rowspan="1">1532502954375</td><td rowspan="1">149905</td></tr></tbody><tbody id="t1"><tr><th colspan="4">Meritnation Mobile Web Regression &#8212; failed (configuration methods)</th></tr><tr class="failedeven"><td rowspan="1">com.applect.meritnationmobile.scripts.MobileLoginTest</td><td><a href="#m15">sendEmail</a></td><td rowspan="1">1532503334294</td><td rowspan="1">0</td></tr><tr><th colspan="4">Meritnation Mobile Web Regression &#8212; passed</th></tr><tr class="passedeven"><td rowspan="1">com.applect.meritnationmobile.scripts.MobileLoginTest</td><td><a href="#m16">TC_001_VerifyValidLogin</a></td><td rowspan="1">1532503302999</td><td rowspan="1">31208</td></tr></tbody></table><h2>Meritnation Web Regression</h2><h3 id="m0">com.applect.meritnation.scripts.AsknAnswerTest#TC_001_AskQuestionTest</h3><table class="result"><tr><th>Exception</th></tr><tr><td><div class="stacktrace">org.openqa.selenium.NoSuchElementException: no such element: Unable to locate element: {&quot;method&quot;:&quot;xpath&quot;,&quot;selector&quot;:&quot;//div[@class=&apos;showChapterSuggestion group marginTop17px&apos;]/ul/li[@class=&apos;sprite sprite-physics&apos;]&quot;}
  (Session info: chrome=67.0.3396.87)
  (Driver info: chromedriver=2.40.565383 (76257d1ab79276b2d53ee976b2c3e3b9f335cde7),platform=Linux 3.19.0-25-generic x86_64) (WARNING: The server did not provide any stacktrace information)
Command duration or timeout: 5.06 seconds
For documentation on this error, please visit: http://seleniumhq.org/exceptions/no_such_element.html
Build info: version: &apos;2.53.1&apos;, revision: &apos;a36b8b1&apos;, time: &apos;2016-06-30 17:37:03&apos;
System info: host: &apos;58-s07&apos;, ip: &apos;127.0.1.1&apos;, os.name: &apos;Linux&apos;, os.arch: &apos;amd64&apos;, os.version: &apos;3.19.0-25-generic&apos;, java.version: &apos;1.7.0_151&apos;
*** Element info: {Using=xpath, value=//div[@class=&apos;showChapterSuggestion group marginTop17px&apos;]/ul/li[@class=&apos;sprite sprite-physics&apos;]}
Session ID: e1e9d26538622fe9b077b1692c273ddd
Driver info: org.openqa.selenium.chrome.ChromeDriver
Capabilities [{platform=LINUX, acceptSslCerts=false, javascriptEnabled=true, browserName=chrome, chrome={userDataDir=/tmp/.org.chromium.Chromium.OJvQ8T, chromedriverVersion=2.40.565383 (76257d1ab79276b2d53ee976b2c3e3b9f335cde7)}, networkConnectionEnabled=false, unexpectedAlertBehaviour=, rotatable=false, setWindowRect=true, mobileEmulationEnabled=false, locationContextEnabled=true, pageLoadStrategy=normal, version=67.0.3396.87, takesHeapSnapshot=true, cssSelectorsEnabled=true, databaseEnabled=false, handlesAlerts=true, browserConnectionEnabled=false, webStorageEnabled=true, nativeEvents=true, hasTouchScreen=false, applicationCacheEnabled=false, takesScreenshot=true, acceptInsecureCerts=false}]
	at org.openqa.selenium.remote.ErrorHandler.createThrowable(ErrorHandler.java:206)
	at org.openqa.selenium.remote.ErrorHandler.throwIfResponseFailed(ErrorHandler.java:158)
	at org.openqa.selenium.remote.RemoteWebDriver.execute(RemoteWebDriver.java:678)
	at org.openqa.selenium.remote.RemoteWebDriver.findElement(RemoteWebDriver.java:363)
	at org.openqa.selenium.remote.RemoteWebDriver.findElementByXPath(RemoteWebDriver.java:500)
	at org.openqa.selenium.By$ByXPath.findElement(By.java:361)
	at org.openqa.selenium.remote.RemoteWebDriver.findElement(RemoteWebDriver.java:355)
	at org.openqa.selenium.support.pagefactory.DefaultElementLocator.findElement(DefaultElementLocator.java:69)
	at org.openqa.selenium.support.pagefactory.internal.LocatingElementHandler.invoke(LocatingElementHandler.java:38)
	at com.sun.proxy.$Proxy10.click(Unknown Source)
	at com.applect.meritnation.pageobject.AsknAnswerPage.tagQuestion(AsknAnswerPage.java:207)
	at com.applect.meritnation.scripts.AsknAnswerTest.TC_001_AskQuestionTest(AsknAnswerTest.java:29)
... Removed 27 stack frames</div></td></tr></table><p class="totop"><a href="#summary">back to summary</a></p><h3 id="m1">com.applect.meritnation.scripts.SearchTest#TC_001_SearchTest</h3><table class="result"><tr><th>Exception</th></tr><tr><td><div class="stacktrace">org.openqa.selenium.NoSuchElementException: no such element: Unable to locate element: {&quot;method&quot;:&quot;xpath&quot;,&quot;selector&quot;:&quot;//div[@class=&apos;ng-scope&apos;]/a[text()=&apos;Chapter&apos;]&quot;}
  (Session info: chrome=67.0.3396.87)
  (Driver info: chromedriver=2.40.565383 (76257d1ab79276b2d53ee976b2c3e3b9f335cde7),platform=Linux 3.19.0-25-generic x86_64) (WARNING: The server did not provide any stacktrace information)
Command duration or timeout: 5.81 seconds
For documentation on this error, please visit: http://seleniumhq.org/exceptions/no_such_element.html
Build info: version: &apos;2.53.1&apos;, revision: &apos;a36b8b1&apos;, time: &apos;2016-06-30 17:37:03&apos;
System info: host: &apos;58-s07&apos;, ip: &apos;127.0.1.1&apos;, os.name: &apos;Linux&apos;, os.arch: &apos;amd64&apos;, os.version: &apos;3.19.0-25-generic&apos;, java.version: &apos;1.7.0_151&apos;
*** Element info: {Using=xpath, value=//div[@class=&apos;ng-scope&apos;]/a[text()=&apos;Chapter&apos;]}
Session ID: f1cc96195e5bf137442e194792726833
Driver info: org.openqa.selenium.chrome.ChromeDriver
Capabilities [{platform=LINUX, acceptSslCerts=false, javascriptEnabled=true, browserName=chrome, chrome={userDataDir=/tmp/.org.chromium.Chromium.0X9SsX, chromedriverVersion=2.40.565383 (76257d1ab79276b2d53ee976b2c3e3b9f335cde7)}, networkConnectionEnabled=false, unexpectedAlertBehaviour=, rotatable=false, setWindowRect=true, mobileEmulationEnabled=false, locationContextEnabled=true, pageLoadStrategy=normal, version=67.0.3396.87, takesHeapSnapshot=true, cssSelectorsEnabled=true, databaseEnabled=false, handlesAlerts=true, browserConnectionEnabled=false, webStorageEnabled=true, nativeEvents=true, hasTouchScreen=false, applicationCacheEnabled=false, takesScreenshot=true, acceptInsecureCerts=false}]
	at org.openqa.selenium.remote.ErrorHandler.createThrowable(ErrorHandler.java:206)
	at org.openqa.selenium.remote.ErrorHandler.throwIfResponseFailed(ErrorHandler.java:158)
	at org.openqa.selenium.remote.RemoteWebDriver.execute(RemoteWebDriver.java:678)
	at org.openqa.selenium.remote.RemoteWebDriver.findElement(RemoteWebDriver.java:363)
	at org.openqa.selenium.remote.RemoteWebDriver.findElementByXPath(RemoteWebDriver.java:500)
	at org.openqa.selenium.By$ByXPath.findElement(By.java:361)
	at org.openqa.selenium.remote.RemoteWebDriver.findElement(RemoteWebDriver.java:355)
	at org.openqa.selenium.support.pagefactory.DefaultElementLocator.findElement(DefaultElementLocator.java:69)
	at org.openqa.selenium.support.pagefactory.internal.LocatingElementHandler.invoke(LocatingElementHandler.java:38)
	at com.sun.proxy.$Proxy10.click(Unknown Source)
	at com.applect.meritnation.pageobject.SearchPage.clickFirstSearchedOption(SearchPage.java:63)
	at com.applect.meritnation.scripts.SearchTest.TC_001_SearchTest(SearchTest.java:19)
... Removed 27 stack frames</div></td></tr></table><p class="totop"><a href="#summary">back to summary</a></p><h3 id="m2">com.applect.meritnation.scripts.AsknAnswerTest#TC_003_VerifyUserProfileFromRecommendedQuestionsTest</h3><table class="result"></table><p class="totop"><a href="#summary">back to summary</a></p><h3 id="m3">com.applect.meritnation.scripts.CreateAccountTest#TC_001_CreateAccountTest</h3><table class="result"></table><p class="totop"><a href="#summary">back to summary</a></p><h3 id="m4">com.applect.meritnation.scripts.LoginTest#TC_001_LoginTest</h3><table class="result"></table><p class="totop"><a href="#summary">back to summary</a></p><h3 id="m5">com.applect.meritnation.scripts.StudyTest#TC_001_VerifyStudyPhysicsPageTest</h3><table class="result"></table><p class="totop"><a href="#summary">back to summary</a></p><h3 id="m6">com.applect.meritnation.scripts.StudyTest#TC_002_verifyStudyPhysicsTopicLiveClasssesTest</h3><table class="result"></table><p class="totop"><a href="#summary">back to summary</a></p><h3 id="m7">com.applect.meritnation.scripts.StudyTest#TC_003_VerifyStudyPhysicsTopicConceptsTest</h3><table class="result"></table><p class="totop"><a href="#summary">back to summary</a></p><h3 id="m8">com.applect.meritnation.scripts.StudyTest#TC_004_VerifyStudyPhysicsTopicPracticeTest</h3><table class="result"></table><p class="totop"><a href="#summary">back to summary</a></p><h3 id="m9">com.applect.meritnation.scripts.StudyTest#TC_005_VerifyStudyPhysicsTopicAssignmentTest</h3><table class="result"></table><p class="totop"><a href="#summary">back to summary</a></p><h3 id="m10">com.applect.meritnation.scripts.StudyTest#TC_006_VerifyStudyPhysicsTopicTestsTest</h3><table class="result"></table><p class="totop"><a href="#summary">back to summary</a></p><h3 id="m11">com.applect.meritnation.scripts.StudyTest#TC_009_VerifyStudyPhysicsTopicRevisionNotesTest</h3><table class="result"></table><p class="totop"><a href="#summary">back to summary</a></p><h3 id="m12">com.applect.meritnation.scripts.StudyTest#TC_010_VerifyStudyPhysicsTopicBoardPaperQuestionsTest</h3><table class="result"></table><p class="totop"><a href="#summary">back to summary</a></p><h3 id="m13">com.applect.meritnation.scripts.StudyTest#TC_011_VerifyStudyPhysicsTopicFormativeAssesmentTest</h3><table class="result"></table><p class="totop"><a href="#summary">back to summary</a></p><h3 id="m14">com.applect.meritnation.scripts.StudyTest#TC_053_VerifyBoardPapterSolutionTest</h3><table class="result"></table><p class="totop"><a href="#summary">back to summary</a></p><h2>Meritnation Mobile Web Regression</h2><h3 id="m15">com.applect.meritnationmobile.scripts.MobileLoginTest#sendEmail</h3><table class="result"><tr><th>Exception</th></tr><tr><td><div class="stacktrace">java.lang.RuntimeException: javax.mail.SendFailedException: Sending failed;
  nested exception is:
	class javax.mail.AuthenticationFailedException
	at com.applect.meritnation.pageobject.BasePage.sendEmail(BasePage.java:503)
	at com.applect.meritnation.generic.BaseLib.sendEmail(BaseLib.java:248)
Caused by: javax.mail.SendFailedException: Sending failed;
  nested exception is:
	class javax.mail.AuthenticationFailedException
	at javax.mail.Transport.send0(Transport.java:218)
	at javax.mail.Transport.send(Transport.java:80)
	at com.applect.meritnation.pageobject.BasePage.sendEmail(BasePage.java:499)
	... 19 more
... Removed 18 stack frames</div></td></tr></table><p class="totop"><a href="#summary">back to summary</a></p><h3 id="m16">com.applect.meritnationmobile.scripts.MobileLoginTest#TC_001_VerifyValidLogin</h3><table class="result"></table><p class="totop"><a href="#summary">back to summary</a></p></body></html>