<!DOCTYPE html>

<html>
  <head>
  <meta charset='utf-8'>
  <title>TestNG reports</title>

    <link type="text/css" href="testng-reports.css" rel="stylesheet" />
    <script type="text/javascript" src="jquery-1.7.1.min.js"></script>
    <script type="text/javascript" src="testng-reports.js"></script>
    <script type="text/javascript" src="https://www.google.com/jsapi"></script>
    <script type='text/javascript'>
      google.load('visualization', '1', {packages:['table']});
      google.setOnLoadCallback(drawTable);
      var suiteTableInitFunctions = new Array();
      var suiteTableData = new Array();
    </script>
    <!--
      <script type="text/javascript" src="jquery-ui/js/jquery-ui-1.8.16.custom.min.js"></script>
     -->
  </head>

  <body>
    <div class="top-banner-root">
      <span class="top-banner-title-font">Test results</span>
      <br/>
      <span class="top-banner-font-1">1 suite, 3 failed tests</span>
    </div> <!-- top-banner-root -->
    <div class="navigator-root">
      <div class="navigator-suite-header">
        <span>All suites</span>
        <a href="#" class="collapse-all-link" title="Collapse/expand all the suites">
          <img class="collapse-all-icon" src="collapseall.gif">
          </img> <!-- collapse-all-icon -->
        </a> <!-- collapse-all-link -->
      </div> <!-- navigator-suite-header -->
      <div class="suite">
        <div class="rounded-window">
          <div class="suite-header light-rounded-window-top">
            <a href="#" class="navigator-link" panel-name="suite-Main_Test_Suite">
              <span class="suite-name border-failed">Main Test Suite</span>
            </a> <!-- navigator-link -->
          </div> <!-- suite-header light-rounded-window-top -->
          <div class="navigator-suite-content">
            <div class="suite-section-title">
              <span>Info</span>
            </div> <!-- suite-section-title -->
            <div class="suite-section-content">
              <ul>
                <li>
                  <a href="#" class="navigator-link " panel-name="test-xml-Main_Test_Suite">
                    <span>RegressionOnChrome.xml</span>
                  </a> <!-- navigator-link  -->
                </li>
                <li>
                  <a href="#" class="navigator-link " panel-name="testlist-Main_Test_Suite">
                    <span class="test-stats">2 tests</span>
                  </a> <!-- navigator-link  -->
                </li>
                <li>
                  <a href="#" class="navigator-link " panel-name="group-Main_Test_Suite">
                    <span>2 groups</span>
                  </a> <!-- navigator-link  -->
                </li>
                <li>
                  <a href="#" class="navigator-link " panel-name="times-Main_Test_Suite">
                    <span>Times</span>
                  </a> <!-- navigator-link  -->
                </li>
                <li>
                  <a href="#" class="navigator-link " panel-name="reporter-Main_Test_Suite">
                    <span>Reporter output</span>
                  </a> <!-- navigator-link  -->
                </li>
                <li>
                  <a href="#" class="navigator-link " panel-name="ignored-methods-Main_Test_Suite">
                    <span>Ignored methods</span>
                  </a> <!-- navigator-link  -->
                </li>
                <li>
                  <a href="#" class="navigator-link " panel-name="chronological-Main_Test_Suite">
                    <span>Chronological view</span>
                  </a> <!-- navigator-link  -->
                </li>
              </ul>
            </div> <!-- suite-section-content -->
            <div class="result-section">
              <div class="suite-section-title">
                <span>Results</span>
              </div> <!-- suite-section-title -->
              <div class="suite-section-content">
                <ul>
                  <li>
                    <span class="method-stats">16 methods, 3 failed,   13 passed</span>
                  </li>
                  <li>
                    <span class="method-list-title failed">Failed methods</span>
                    <span class="show-or-hide-methods failed">
                      <a href="#" panel-name="suite-Main_Test_Suite" class="hide-methods failed suite-Main_Test_Suite"> (hide)</a> <!-- hide-methods failed suite-Main_Test_Suite -->
                      <a href="#" panel-name="suite-Main_Test_Suite" class="show-methods failed suite-Main_Test_Suite"> (show)</a> <!-- show-methods failed suite-Main_Test_Suite -->
                    </span>
                    <div class="method-list-content failed suite-Main_Test_Suite">
                      <span>
                        <img width="3%" src="failed.png"/>
                        <a href="#" class="method navigator-link" panel-name="suite-Main_Test_Suite" title="com.applect.meritnation.scripts.CreateAccountTest" hash-for-method="TC_001_CreateAccountTest">TC_001_CreateAccountTest</a> <!-- method navigator-link -->
                      </span>
                      <br/>
                      <span>
                        <img width="3%" src="failed.png"/>
                        <a href="#" class="method navigator-link" panel-name="suite-Main_Test_Suite" title="com.applect.meritnation.scripts.SearchTest" hash-for-method="TC_001_SearchTest">TC_001_SearchTest</a> <!-- method navigator-link -->
                      </span>
                      <br/>
                      <span>
                        <img width="3%" src="failed.png"/>
                        <a href="#" class="method navigator-link" panel-name="suite-Main_Test_Suite" title="com.applect.meritnationmobile.scripts.MobileLoginTest" hash-for-method="TC_002_MobileSignup">TC_002_MobileSignup</a> <!-- method navigator-link -->
                      </span>
                      <br/>
                    </div> <!-- method-list-content failed suite-Main_Test_Suite -->
                  </li>
                  <li>
                    <span class="method-list-title passed">Passed methods</span>
                    <span class="show-or-hide-methods passed">
                      <a href="#" panel-name="suite-Main_Test_Suite" class="hide-methods passed suite-Main_Test_Suite"> (hide)</a> <!-- hide-methods passed suite-Main_Test_Suite -->
                      <a href="#" panel-name="suite-Main_Test_Suite" class="show-methods passed suite-Main_Test_Suite"> (show)</a> <!-- show-methods passed suite-Main_Test_Suite -->
                    </span>
                    <div class="method-list-content passed suite-Main_Test_Suite">
                      <span>
                        <img width="3%" src="passed.png"/>
                        <a href="#" class="method navigator-link" panel-name="suite-Main_Test_Suite" title="com.applect.meritnation.scripts.AsknAnswerTest" hash-for-method="TC_001_AskQuestionTest">TC_001_AskQuestionTest</a> <!-- method navigator-link -->
                      </span>
                      <br/>
                      <span>
                        <img width="3%" src="passed.png"/>
                        <a href="#" class="method navigator-link" panel-name="suite-Main_Test_Suite" title="com.applect.meritnation.scripts.LoginTest" hash-for-method="TC_001_LoginTest">TC_001_LoginTest</a> <!-- method navigator-link -->
                      </span>
                      <br/>
                      <span>
                        <img width="3%" src="passed.png"/>
                        <a href="#" class="method navigator-link" panel-name="suite-Main_Test_Suite" title="com.applect.meritnation.scripts.StudyTest" hash-for-method="TC_001_VerifyStudyPhysicsPageTest">TC_001_VerifyStudyPhysicsPageTest</a> <!-- method navigator-link -->
                      </span>
                      <br/>
                      <span>
                        <img width="3%" src="passed.png"/>
                        <a href="#" class="method navigator-link" panel-name="suite-Main_Test_Suite" title="com.applect.meritnation.scripts.StudyTest" hash-for-method="TC_002_verifyStudyPhysicsTopicLiveClasssesTest">TC_002_verifyStudyPhysicsTopicLiveClasssesTest</a> <!-- method navigator-link -->
                      </span>
                      <br/>
                      <span>
                        <img width="3%" src="passed.png"/>
                        <a href="#" class="method navigator-link" panel-name="suite-Main_Test_Suite" title="com.applect.meritnation.scripts.StudyTest" hash-for-method="TC_003_VerifyStudyPhysicsTopicConceptsTest">TC_003_VerifyStudyPhysicsTopicConceptsTest</a> <!-- method navigator-link -->
                      </span>
                      <br/>
                      <span>
                        <img width="3%" src="passed.png"/>
                        <a href="#" class="method navigator-link" panel-name="suite-Main_Test_Suite" title="com.applect.meritnation.scripts.AsknAnswerTest" hash-for-method="TC_003_VerifyUserProfileFromRecommendedQuestionsTest">TC_003_VerifyUserProfileFromRecommendedQuestionsTest</a> <!-- method navigator-link -->
                      </span>
                      <br/>
                      <span>
                        <img width="3%" src="passed.png"/>
                        <a href="#" class="method navigator-link" panel-name="suite-Main_Test_Suite" title="com.applect.meritnation.scripts.StudyTest" hash-for-method="TC_004_VerifyStudyPhysicsTopicPracticeTest">TC_004_VerifyStudyPhysicsTopicPracticeTest</a> <!-- method navigator-link -->
                      </span>
                      <br/>
                      <span>
                        <img width="3%" src="passed.png"/>
                        <a href="#" class="method navigator-link" panel-name="suite-Main_Test_Suite" title="com.applect.meritnation.scripts.StudyTest" hash-for-method="TC_005_VerifyStudyPhysicsTopicAssignmentTest">TC_005_VerifyStudyPhysicsTopicAssignmentTest</a> <!-- method navigator-link -->
                      </span>
                      <br/>
                      <span>
                        <img width="3%" src="passed.png"/>
                        <a href="#" class="method navigator-link" panel-name="suite-Main_Test_Suite" title="com.applect.meritnation.scripts.StudyTest" hash-for-method="TC_006_VerifyStudyPhysicsTopicTestsTest">TC_006_VerifyStudyPhysicsTopicTestsTest</a> <!-- method navigator-link -->
                      </span>
                      <br/>
                      <span>
                        <img width="3%" src="passed.png"/>
                        <a href="#" class="method navigator-link" panel-name="suite-Main_Test_Suite" title="com.applect.meritnation.scripts.StudyTest" hash-for-method="TC_009_VerifyStudyPhysicsTopicRevisionNotesTest">TC_009_VerifyStudyPhysicsTopicRevisionNotesTest</a> <!-- method navigator-link -->
                      </span>
                      <br/>
                      <span>
                        <img width="3%" src="passed.png"/>
                        <a href="#" class="method navigator-link" panel-name="suite-Main_Test_Suite" title="com.applect.meritnation.scripts.StudyTest" hash-for-method="TC_010_VerifyStudyPhysicsTopicBoardPaperQuestionsTest">TC_010_VerifyStudyPhysicsTopicBoardPaperQuestionsTest</a> <!-- method navigator-link -->
                      </span>
                      <br/>
                      <span>
                        <img width="3%" src="passed.png"/>
                        <a href="#" class="method navigator-link" panel-name="suite-Main_Test_Suite" title="com.applect.meritnation.scripts.StudyTest" hash-for-method="TC_011_VerifyStudyPhysicsTopicFormativeAssesmentTest">TC_011_VerifyStudyPhysicsTopicFormativeAssesmentTest</a> <!-- method navigator-link -->
                      </span>
                      <br/>
                      <span>
                        <img width="3%" src="passed.png"/>
                        <a href="#" class="method navigator-link" panel-name="suite-Main_Test_Suite" title="com.applect.meritnation.scripts.StudyTest" hash-for-method="TC_053_VerifyBoardPapterSolutionTest">TC_053_VerifyBoardPapterSolutionTest</a> <!-- method navigator-link -->
                      </span>
                      <br/>
                    </div> <!-- method-list-content passed suite-Main_Test_Suite -->
                  </li>
                </ul>
              </div> <!-- suite-section-content -->
            </div> <!-- result-section -->
          </div> <!-- navigator-suite-content -->
        </div> <!-- rounded-window -->
      </div> <!-- suite -->
    </div> <!-- navigator-root -->
    <div class="wrapper">
      <div class="main-panel-root">
        <div panel-name="suite-Main_Test_Suite" class="panel Main_Test_Suite">
          <div class="suite-Main_Test_Suite-class-failed">
            <div class="main-panel-header rounded-window-top">
              <img src="failed.png"/>
              <span class="class-name">com.applect.meritnation.scripts.SearchTest</span>
            </div> <!-- main-panel-header rounded-window-top -->
            <div class="main-panel-content rounded-window-bottom">
              <div class="method">
                <div class="method-content">
                  <a name="TC_001_SearchTest">
                  </a> <!-- TC_001_SearchTest -->
                  <span class="method-name">TC_001_SearchTest</span>
                  <div class="stack-trace">org.openqa.selenium.TimeoutException: Timed out after 5 seconds waiting for element to be clickable: [[ChromeDriver: chrome on LINUX (30c65909fd32abf0b6d5ca4856976d8c)] -&gt; xpath: //div[@class=&apos;headerSearchBox&apos;]/div/div/div/form]
Build info: version: &apos;2.48.2&apos;, revision: &apos;41bccdd&apos;, time: &apos;2015-10-09 19:55:52&apos;
System info: host: &apos;58-s07&apos;, ip: &apos;127.0.1.1&apos;, os.name: &apos;Linux&apos;, os.arch: &apos;amd64&apos;, os.version: &apos;3.19.0-80-generic&apos;, java.version: &apos;1.7.0_181&apos;
Session ID: 30c65909fd32abf0b6d5ca4856976d8c
Driver info: org.openqa.selenium.chrome.ChromeDriver
Capabilities [{platform=LINUX, acceptSslCerts=false, javascriptEnabled=true, browserName=chrome, chrome={userDataDir=/tmp/.org.chromium.Chromium.1F3Prn, chromedriverVersion=2.40.565383 (76257d1ab79276b2d53ee976b2c3e3b9f335cde7)}, networkConnectionEnabled=false, unexpectedAlertBehaviour=, rotatable=false, setWindowRect=true, mobileEmulationEnabled=false, locationContextEnabled=true, pageLoadStrategy=normal, version=70.0.3538.102, takesHeapSnapshot=true, cssSelectorsEnabled=true, databaseEnabled=false, handlesAlerts=true, browserConnectionEnabled=false, webStorageEnabled=true, nativeEvents=true, hasTouchScreen=false, applicationCacheEnabled=false, takesScreenshot=true, acceptInsecureCerts=false}]
	at org.openqa.selenium.support.ui.WebDriverWait.timeoutException(WebDriverWait.java:80)
	at org.openqa.selenium.support.ui.FluentWait.until(FluentWait.java:261)
	at com.applect.meritnation.generic.WaitStatementLib.explicitWaitForClickable(WaitStatementLib.java:26)
	at com.applect.meritnation.pageobject.SearchPage.enterSearchBox(SearchPage.java:54)
	at com.applect.meritnation.scripts.SearchTest.TC_001_SearchTest(SearchTest.java:18)
... Removed 24 stack frames
</div> <!-- stack-trace -->
                </div> <!-- method-content -->
              </div> <!-- method -->
            </div> <!-- main-panel-content rounded-window-bottom -->
          </div> <!-- suite-Main_Test_Suite-class-failed -->
          <div class="suite-Main_Test_Suite-class-failed">
            <div class="main-panel-header rounded-window-top">
              <img src="failed.png"/>
              <span class="class-name">com.applect.meritnationmobile.scripts.MobileLoginTest</span>
            </div> <!-- main-panel-header rounded-window-top -->
            <div class="main-panel-content rounded-window-bottom">
              <div class="method">
                <div class="method-content">
                  <a name="TC_002_MobileSignup">
                  </a> <!-- TC_002_MobileSignup -->
                  <span class="method-name">TC_002_MobileSignup</span>
                  <div class="stack-trace">org.openqa.selenium.NoSuchElementException: no such element: Unable to locate element: {&quot;method&quot;:&quot;xpath&quot;,&quot;selector&quot;:&quot;//span[text()=&apos;Login&apos;]&quot;}
  (Session info: chrome=70.0.3538.102)
  (Driver info: chromedriver=2.40.565383 (76257d1ab79276b2d53ee976b2c3e3b9f335cde7),platform=Linux 3.19.0-80-generic x86_64) (WARNING: The server did not provide any stacktrace information)
Command duration or timeout: 5.03 seconds
For documentation on this error, please visit: http://seleniumhq.org/exceptions/no_such_element.html
Build info: version: &apos;2.48.2&apos;, revision: &apos;41bccdd&apos;, time: &apos;2015-10-09 19:55:52&apos;
System info: host: &apos;58-s07&apos;, ip: &apos;127.0.1.1&apos;, os.name: &apos;Linux&apos;, os.arch: &apos;amd64&apos;, os.version: &apos;3.19.0-80-generic&apos;, java.version: &apos;1.7.0_181&apos;
*** Element info: {Using=xpath, value=//span[text()=&apos;Login&apos;]}
Session ID: 52a94a18fdb837f9284076389c987237
Driver info: org.openqa.selenium.chrome.ChromeDriver
Capabilities [{platform=LINUX, acceptSslCerts=false, javascriptEnabled=true, browserName=chrome, chrome={userDataDir=/tmp/.org.chromium.Chromium.Fu4fSW, chromedriverVersion=2.40.565383 (76257d1ab79276b2d53ee976b2c3e3b9f335cde7)}, networkConnectionEnabled=false, unexpectedAlertBehaviour=, rotatable=false, setWindowRect=true, mobileEmulationEnabled=false, locationContextEnabled=true, pageLoadStrategy=normal, version=70.0.3538.102, takesHeapSnapshot=true, cssSelectorsEnabled=true, databaseEnabled=false, handlesAlerts=true, browserConnectionEnabled=false, webStorageEnabled=true, nativeEvents=true, hasTouchScreen=false, applicationCacheEnabled=false, takesScreenshot=true, acceptInsecureCerts=false}]
	at org.openqa.selenium.remote.ErrorHandler.createThrowable(ErrorHandler.java:206)
	at org.openqa.selenium.remote.ErrorHandler.throwIfResponseFailed(ErrorHandler.java:158)
	at org.openqa.selenium.remote.RemoteWebDriver.execute(RemoteWebDriver.java:647)
	at org.openqa.selenium.remote.RemoteWebDriver.findElement(RemoteWebDriver.java:353)
	at org.openqa.selenium.remote.RemoteWebDriver.findElementByXPath(RemoteWebDriver.java:490)
	at org.openqa.selenium.By$ByXPath.findElement(By.java:361)
	at org.openqa.selenium.remote.RemoteWebDriver.findElement(RemoteWebDriver.java:345)
	at org.openqa.selenium.support.pagefactory.DefaultElementLocator.findElement(DefaultElementLocator.java:69)
	at org.openqa.selenium.support.pagefactory.internal.LocatingElementHandler.invoke(LocatingElementHandler.java:38)
	at com.sun.proxy.$Proxy9.click(Unknown Source)
	at com.applect.meritnation.pageobject.MobileLoginPage.clickLogin(MobileLoginPage.java:107)
	at com.applect.meritnationmobile.scripts.MobileLoginTest.TC_002_MobileSignup(MobileLoginTest.java:21)
... Removed 27 stack frames
</div> <!-- stack-trace -->
                </div> <!-- method-content -->
              </div> <!-- method -->
            </div> <!-- main-panel-content rounded-window-bottom -->
          </div> <!-- suite-Main_Test_Suite-class-failed -->
          <div class="suite-Main_Test_Suite-class-failed">
            <div class="main-panel-header rounded-window-top">
              <img src="failed.png"/>
              <span class="class-name">com.applect.meritnation.scripts.CreateAccountTest</span>
            </div> <!-- main-panel-header rounded-window-top -->
            <div class="main-panel-content rounded-window-bottom">
              <div class="method">
                <div class="method-content">
                  <a name="TC_001_CreateAccountTest">
                  </a> <!-- TC_001_CreateAccountTest -->
                  <span class="method-name">TC_001_CreateAccountTest</span>
                  <div class="stack-trace">org.openqa.selenium.WebDriverException: unknown error: Element &lt;a class=&quot;reg-btn fill-btn hidden-xs&quot; href=&quot;javascript:void(0)&quot; onclick=&quot;mnRegLoginPopup.showRegister(); trackGaEvent(&apos;Register_header&apos;,&apos;Button&apos;,&apos;Click&apos;);&quot;&gt;...&lt;/a&gt; is not clickable at point (1187, 33). Other element would receive the click: &lt;div class=&quot;purechat-collapsed-image&quot; data-trigger=&quot;expand&quot; style=&quot;background-image: url(&amp;quot;https://app.purechat.com/assets/email.3a5bee27873d147010ef.png&amp;quot;) !important; height: 64.44px !important; width: 72px !important; z-index: -9 !important; margin-top: -59.44px !important; margin-left: 128px !important;&quot;&gt;...&lt;/div&gt;
  (Session info: chrome=70.0.3538.102)
  (Driver info: chromedriver=2.40.565383 (76257d1ab79276b2d53ee976b2c3e3b9f335cde7),platform=Linux 3.19.0-80-generic x86_64) (WARNING: The server did not provide any stacktrace information)
Command duration or timeout: 102 milliseconds
Build info: version: &apos;2.48.2&apos;, revision: &apos;41bccdd&apos;, time: &apos;2015-10-09 19:55:52&apos;
System info: host: &apos;58-s07&apos;, ip: &apos;127.0.1.1&apos;, os.name: &apos;Linux&apos;, os.arch: &apos;amd64&apos;, os.version: &apos;3.19.0-80-generic&apos;, java.version: &apos;1.7.0_181&apos;
Session ID: d71de523144dcbbdbb76c4bc9d78465a
Driver info: org.openqa.selenium.chrome.ChromeDriver
Capabilities [{platform=LINUX, acceptSslCerts=false, javascriptEnabled=true, browserName=chrome, chrome={userDataDir=/tmp/.org.chromium.Chromium.AxmIuE, chromedriverVersion=2.40.565383 (76257d1ab79276b2d53ee976b2c3e3b9f335cde7)}, networkConnectionEnabled=false, unexpectedAlertBehaviour=, rotatable=false, setWindowRect=true, mobileEmulationEnabled=false, locationContextEnabled=true, pageLoadStrategy=normal, version=70.0.3538.102, takesHeapSnapshot=true, cssSelectorsEnabled=true, databaseEnabled=false, handlesAlerts=true, browserConnectionEnabled=false, webStorageEnabled=true, nativeEvents=true, hasTouchScreen=false, applicationCacheEnabled=false, takesScreenshot=true, acceptInsecureCerts=false}]
	at org.openqa.selenium.remote.ErrorHandler.createThrowable(ErrorHandler.java:206)
	at org.openqa.selenium.remote.ErrorHandler.throwIfResponseFailed(ErrorHandler.java:158)
	at org.openqa.selenium.remote.RemoteWebDriver.execute(RemoteWebDriver.java:647)
	at org.openqa.selenium.remote.RemoteWebElement.execute(RemoteWebElement.java:326)
	at org.openqa.selenium.remote.RemoteWebElement.click(RemoteWebElement.java:84)
	at org.openqa.selenium.support.pagefactory.internal.LocatingElementHandler.invoke(LocatingElementHandler.java:51)
	at com.sun.proxy.$Proxy9.click(Unknown Source)
	at com.applect.meritnation.pageobject.CreateAccountPage.createAccount(CreateAccountPage.java:108)
	at com.applect.meritnation.scripts.CreateAccountTest.TC_001_CreateAccountTest(CreateAccountTest.java:15)
... Removed 31 stack frames
</div> <!-- stack-trace -->
                </div> <!-- method-content -->
              </div> <!-- method -->
            </div> <!-- main-panel-content rounded-window-bottom -->
          </div> <!-- suite-Main_Test_Suite-class-failed -->
          <div class="suite-Main_Test_Suite-class-passed">
            <div class="main-panel-header rounded-window-top">
              <img src="passed.png"/>
              <span class="class-name">com.applect.meritnation.scripts.StudyTest</span>
            </div> <!-- main-panel-header rounded-window-top -->
            <div class="main-panel-content rounded-window-bottom">
              <div class="method">
                <div class="method-content">
                  <a name="TC_001_VerifyStudyPhysicsPageTest">
                  </a> <!-- TC_001_VerifyStudyPhysicsPageTest -->
                  <span class="method-name">TC_001_VerifyStudyPhysicsPageTest</span>
                </div> <!-- method-content -->
              </div> <!-- method -->
              <div class="method">
                <div class="method-content">
                  <a name="TC_002_verifyStudyPhysicsTopicLiveClasssesTest">
                  </a> <!-- TC_002_verifyStudyPhysicsTopicLiveClasssesTest -->
                  <span class="method-name">TC_002_verifyStudyPhysicsTopicLiveClasssesTest</span>
                </div> <!-- method-content -->
              </div> <!-- method -->
              <div class="method">
                <div class="method-content">
                  <a name="TC_003_VerifyStudyPhysicsTopicConceptsTest">
                  </a> <!-- TC_003_VerifyStudyPhysicsTopicConceptsTest -->
                  <span class="method-name">TC_003_VerifyStudyPhysicsTopicConceptsTest</span>
                </div> <!-- method-content -->
              </div> <!-- method -->
              <div class="method">
                <div class="method-content">
                  <a name="TC_004_VerifyStudyPhysicsTopicPracticeTest">
                  </a> <!-- TC_004_VerifyStudyPhysicsTopicPracticeTest -->
                  <span class="method-name">TC_004_VerifyStudyPhysicsTopicPracticeTest</span>
                </div> <!-- method-content -->
              </div> <!-- method -->
              <div class="method">
                <div class="method-content">
                  <a name="TC_005_VerifyStudyPhysicsTopicAssignmentTest">
                  </a> <!-- TC_005_VerifyStudyPhysicsTopicAssignmentTest -->
                  <span class="method-name">TC_005_VerifyStudyPhysicsTopicAssignmentTest</span>
                </div> <!-- method-content -->
              </div> <!-- method -->
              <div class="method">
                <div class="method-content">
                  <a name="TC_006_VerifyStudyPhysicsTopicTestsTest">
                  </a> <!-- TC_006_VerifyStudyPhysicsTopicTestsTest -->
                  <span class="method-name">TC_006_VerifyStudyPhysicsTopicTestsTest</span>
                </div> <!-- method-content -->
              </div> <!-- method -->
              <div class="method">
                <div class="method-content">
                  <a name="TC_009_VerifyStudyPhysicsTopicRevisionNotesTest">
                  </a> <!-- TC_009_VerifyStudyPhysicsTopicRevisionNotesTest -->
                  <span class="method-name">TC_009_VerifyStudyPhysicsTopicRevisionNotesTest</span>
                </div> <!-- method-content -->
              </div> <!-- method -->
              <div class="method">
                <div class="method-content">
                  <a name="TC_010_VerifyStudyPhysicsTopicBoardPaperQuestionsTest">
                  </a> <!-- TC_010_VerifyStudyPhysicsTopicBoardPaperQuestionsTest -->
                  <span class="method-name">TC_010_VerifyStudyPhysicsTopicBoardPaperQuestionsTest</span>
                </div> <!-- method-content -->
              </div> <!-- method -->
              <div class="method">
                <div class="method-content">
                  <a name="TC_011_VerifyStudyPhysicsTopicFormativeAssesmentTest">
                  </a> <!-- TC_011_VerifyStudyPhysicsTopicFormativeAssesmentTest -->
                  <span class="method-name">TC_011_VerifyStudyPhysicsTopicFormativeAssesmentTest</span>
                </div> <!-- method-content -->
              </div> <!-- method -->
              <div class="method">
                <div class="method-content">
                  <a name="TC_053_VerifyBoardPapterSolutionTest">
                  </a> <!-- TC_053_VerifyBoardPapterSolutionTest -->
                  <span class="method-name">TC_053_VerifyBoardPapterSolutionTest</span>
                </div> <!-- method-content -->
              </div> <!-- method -->
            </div> <!-- main-panel-content rounded-window-bottom -->
          </div> <!-- suite-Main_Test_Suite-class-passed -->
          <div class="suite-Main_Test_Suite-class-passed">
            <div class="main-panel-header rounded-window-top">
              <img src="passed.png"/>
              <span class="class-name">com.applect.meritnation.scripts.LoginTest</span>
            </div> <!-- main-panel-header rounded-window-top -->
            <div class="main-panel-content rounded-window-bottom">
              <div class="method">
                <div class="method-content">
                  <a name="TC_001_LoginTest">
                  </a> <!-- TC_001_LoginTest -->
                  <span class="method-name">TC_001_LoginTest</span>
                </div> <!-- method-content -->
              </div> <!-- method -->
            </div> <!-- main-panel-content rounded-window-bottom -->
          </div> <!-- suite-Main_Test_Suite-class-passed -->
          <div class="suite-Main_Test_Suite-class-passed">
            <div class="main-panel-header rounded-window-top">
              <img src="passed.png"/>
              <span class="class-name">com.applect.meritnation.scripts.AsknAnswerTest</span>
            </div> <!-- main-panel-header rounded-window-top -->
            <div class="main-panel-content rounded-window-bottom">
              <div class="method">
                <div class="method-content">
                  <a name="TC_001_AskQuestionTest">
                  </a> <!-- TC_001_AskQuestionTest -->
                  <span class="method-name">TC_001_AskQuestionTest</span>
                </div> <!-- method-content -->
              </div> <!-- method -->
              <div class="method">
                <div class="method-content">
                  <a name="TC_003_VerifyUserProfileFromRecommendedQuestionsTest">
                  </a> <!-- TC_003_VerifyUserProfileFromRecommendedQuestionsTest -->
                  <span class="method-name">TC_003_VerifyUserProfileFromRecommendedQuestionsTest</span>
                </div> <!-- method-content -->
              </div> <!-- method -->
            </div> <!-- main-panel-content rounded-window-bottom -->
          </div> <!-- suite-Main_Test_Suite-class-passed -->
        </div> <!-- panel Main_Test_Suite -->
        <div panel-name="test-xml-Main_Test_Suite" class="panel">
          <div class="main-panel-header rounded-window-top">
            <span class="header-content">/var/www/mn-testing/Meritnation/RegressionOnChrome.xml</span>
          </div> <!-- main-panel-header rounded-window-top -->
          <div class="main-panel-content rounded-window-bottom">
            <pre>
&lt;?xml version=&quot;1.0&quot; encoding=&quot;UTF-8&quot;?&gt;
&lt;!DOCTYPE suite SYSTEM &quot;http://testng.org/testng-1.0.dtd&quot;&gt;
&lt;suite thread-count=&quot;-1&quot; guice-stage=&quot;DEVELOPMENT&quot; name=&quot;Main Test Suite&quot;&gt;
  &lt;test name=&quot;Meritnation Web Regression&quot;&gt;
    &lt;parameter name=&quot;browser&quot; value=&quot;chrome&quot;/&gt;
    &lt;groups&gt;
      &lt;run&gt;
        &lt;include name=&quot;Regression&quot;/&gt;
      &lt;/run&gt;
    &lt;/groups&gt;
    &lt;packages&gt;
      &lt;package name=&quot;com.applect.meritnation.scripts&quot;/&gt;
    &lt;/packages&gt;
    &lt;classes&gt;
      &lt;class name=&quot;com.applect.meritnation.scripts.StudyTest&quot;/&gt;
      &lt;class name=&quot;com.applect.meritnation.scripts.LogoutTest&quot;/&gt;
      &lt;class name=&quot;com.applect.meritnation.scripts.CreateAccountTest&quot;/&gt;
      &lt;class name=&quot;com.applect.meritnation.scripts.AsknAnswerTest&quot;/&gt;
      &lt;class name=&quot;com.applect.meritnation.scripts.LoginTest&quot;/&gt;
      &lt;class name=&quot;com.applect.meritnation.scripts.GradeTest&quot;/&gt;
      &lt;class name=&quot;com.applect.meritnation.scripts.MyProfileTest&quot;/&gt;
      &lt;class name=&quot;com.applect.meritnation.scripts.SearchTest&quot;/&gt;
    &lt;/classes&gt;
  &lt;/test&gt; &lt;!-- Meritnation Web Regression --&gt;
  &lt;test name=&quot;Meritnation Mobile Web Regression&quot;&gt;
    &lt;parameter name=&quot;browser&quot; value=&quot;chrome&quot;/&gt;
    &lt;groups&gt;
      &lt;run&gt;
        &lt;include name=&quot;MobileRegression&quot;/&gt;
      &lt;/run&gt;
    &lt;/groups&gt;
    &lt;packages&gt;
      &lt;package name=&quot;com.applect.meritnationmobile.scripts&quot;/&gt;
    &lt;/packages&gt;
    &lt;classes&gt;
      &lt;class name=&quot;com.applect.meritnationmobile.scripts.MobileLoginTest&quot;/&gt;
      &lt;class name=&quot;com.applect.meritnationmobile.scripts.MobileAskAnswerTest&quot;/&gt;
    &lt;/classes&gt;
  &lt;/test&gt; &lt;!-- Meritnation Mobile Web Regression --&gt;
&lt;/suite&gt; &lt;!-- Main Test Suite --&gt;
            </pre>
          </div> <!-- main-panel-content rounded-window-bottom -->
        </div> <!-- panel -->
        <div panel-name="testlist-Main_Test_Suite" class="panel">
          <div class="main-panel-header rounded-window-top">
            <span class="header-content">Tests for Main Test Suite</span>
          </div> <!-- main-panel-header rounded-window-top -->
          <div class="main-panel-content rounded-window-bottom">
            <ul>
              <li>
                <span class="test-name">Meritnation Web Regression (8 classes)</span>
              </li>
              <li>
                <span class="test-name">Meritnation Mobile Web Regression (2 classes)</span>
              </li>
            </ul>
          </div> <!-- main-panel-content rounded-window-bottom -->
        </div> <!-- panel -->
        <div panel-name="group-Main_Test_Suite" class="panel">
          <div class="main-panel-header rounded-window-top">
            <span class="header-content">Groups for Main Test Suite</span>
          </div> <!-- main-panel-header rounded-window-top -->
          <div class="main-panel-content rounded-window-bottom">
            <div class="test-group">
              <span class="test-group-name">MobileRegression</span>
              <br/>
              <div class="method-in-group">
                <span class="method-in-group-name">TC_002_MobileSignup</span>
                <br/>
              </div> <!-- method-in-group -->
            </div> <!-- test-group -->
            <div class="test-group">
              <span class="test-group-name">Regression</span>
              <br/>
              <div class="method-in-group">
                <span class="method-in-group-name">TC_001_AskQuestionTest</span>
                <br/>
              </div> <!-- method-in-group -->
              <div class="method-in-group">
                <span class="method-in-group-name">TC_001_CreateAccountTest</span>
                <br/>
              </div> <!-- method-in-group -->
              <div class="method-in-group">
                <span class="method-in-group-name">TC_001_LoginTest</span>
                <br/>
              </div> <!-- method-in-group -->
              <div class="method-in-group">
                <span class="method-in-group-name">TC_001_SearchTest</span>
                <br/>
              </div> <!-- method-in-group -->
              <div class="method-in-group">
                <span class="method-in-group-name">TC_001_VerifyStudyPhysicsPageTest</span>
                <br/>
              </div> <!-- method-in-group -->
              <div class="method-in-group">
                <span class="method-in-group-name">TC_002_verifyStudyPhysicsTopicLiveClasssesTest</span>
                <br/>
              </div> <!-- method-in-group -->
              <div class="method-in-group">
                <span class="method-in-group-name">TC_003_VerifyStudyPhysicsTopicConceptsTest</span>
                <br/>
              </div> <!-- method-in-group -->
              <div class="method-in-group">
                <span class="method-in-group-name">TC_003_VerifyUserProfileFromRecommendedQuestionsTest</span>
                <br/>
              </div> <!-- method-in-group -->
              <div class="method-in-group">
                <span class="method-in-group-name">TC_004_VerifyStudyPhysicsTopicPracticeTest</span>
                <br/>
              </div> <!-- method-in-group -->
              <div class="method-in-group">
                <span class="method-in-group-name">TC_005_VerifyStudyPhysicsTopicAssignmentTest</span>
                <br/>
              </div> <!-- method-in-group -->
              <div class="method-in-group">
                <span class="method-in-group-name">TC_006_VerifyStudyPhysicsTopicTestsTest</span>
                <br/>
              </div> <!-- method-in-group -->
              <div class="method-in-group">
                <span class="method-in-group-name">TC_009_VerifyStudyPhysicsTopicRevisionNotesTest</span>
                <br/>
              </div> <!-- method-in-group -->
              <div class="method-in-group">
                <span class="method-in-group-name">TC_010_VerifyStudyPhysicsTopicBoardPaperQuestionsTest</span>
                <br/>
              </div> <!-- method-in-group -->
              <div class="method-in-group">
                <span class="method-in-group-name">TC_011_VerifyStudyPhysicsTopicFormativeAssesmentTest</span>
                <br/>
              </div> <!-- method-in-group -->
              <div class="method-in-group">
                <span class="method-in-group-name">TC_053_VerifyBoardPapterSolutionTest</span>
                <br/>
              </div> <!-- method-in-group -->
            </div> <!-- test-group -->
          </div> <!-- main-panel-content rounded-window-bottom -->
        </div> <!-- panel -->
        <div panel-name="times-Main_Test_Suite" class="panel">
          <div class="main-panel-header rounded-window-top">
            <span class="header-content">Times for Main Test Suite</span>
          </div> <!-- main-panel-header rounded-window-top -->
          <div class="main-panel-content rounded-window-bottom">
            <div class="times-div">
              <script type="text/javascript">
suiteTableInitFunctions.push('tableData_Main_Test_Suite');
function tableData_Main_Test_Suite() {
var data = new google.visualization.DataTable();
data.addColumn('number', 'Number');
data.addColumn('string', 'Method');
data.addColumn('string', 'Class');
data.addColumn('number', 'Time (ms)');
data.addRows(16);
data.setCell(0, 0, 0)
data.setCell(0, 1, 'TC_053_VerifyBoardPapterSolutionTest')
data.setCell(0, 2, 'com.applect.meritnation.scripts.StudyTest')
data.setCell(0, 3, 174107);
data.setCell(1, 0, 1)
data.setCell(1, 1, 'TC_001_VerifyStudyPhysicsPageTest')
data.setCell(1, 2, 'com.applect.meritnation.scripts.StudyTest')
data.setCell(1, 3, 161991);
data.setCell(2, 0, 2)
data.setCell(2, 1, 'TC_003_VerifyStudyPhysicsTopicConceptsTest')
data.setCell(2, 2, 'com.applect.meritnation.scripts.StudyTest')
data.setCell(2, 3, 85474);
data.setCell(3, 0, 3)
data.setCell(3, 1, 'TC_004_VerifyStudyPhysicsTopicPracticeTest')
data.setCell(3, 2, 'com.applect.meritnation.scripts.StudyTest')
data.setCell(3, 3, 65841);
data.setCell(4, 0, 4)
data.setCell(4, 1, 'TC_009_VerifyStudyPhysicsTopicRevisionNotesTest')
data.setCell(4, 2, 'com.applect.meritnation.scripts.StudyTest')
data.setCell(4, 3, 49005);
data.setCell(5, 0, 5)
data.setCell(5, 1, 'TC_002_verifyStudyPhysicsTopicLiveClasssesTest')
data.setCell(5, 2, 'com.applect.meritnation.scripts.StudyTest')
data.setCell(5, 3, 48307);
data.setCell(6, 0, 6)
data.setCell(6, 1, 'TC_005_VerifyStudyPhysicsTopicAssignmentTest')
data.setCell(6, 2, 'com.applect.meritnation.scripts.StudyTest')
data.setCell(6, 3, 47714);
data.setCell(7, 0, 7)
data.setCell(7, 1, 'TC_011_VerifyStudyPhysicsTopicFormativeAssesmentTest')
data.setCell(7, 2, 'com.applect.meritnation.scripts.StudyTest')
data.setCell(7, 3, 45972);
data.setCell(8, 0, 8)
data.setCell(8, 1, 'TC_006_VerifyStudyPhysicsTopicTestsTest')
data.setCell(8, 2, 'com.applect.meritnation.scripts.StudyTest')
data.setCell(8, 3, 41645);
data.setCell(9, 0, 9)
data.setCell(9, 1, 'TC_010_VerifyStudyPhysicsTopicBoardPaperQuestionsTest')
data.setCell(9, 2, 'com.applect.meritnation.scripts.StudyTest')
data.setCell(9, 3, 34773);
data.setCell(10, 0, 10)
data.setCell(10, 1, 'TC_003_VerifyUserProfileFromRecommendedQuestionsTest')
data.setCell(10, 2, 'com.applect.meritnation.scripts.AsknAnswerTest')
data.setCell(10, 3, 30502);
data.setCell(11, 0, 11)
data.setCell(11, 1, 'TC_001_AskQuestionTest')
data.setCell(11, 2, 'com.applect.meritnation.scripts.AsknAnswerTest')
data.setCell(11, 3, 29371);
data.setCell(12, 0, 12)
data.setCell(12, 1, 'TC_001_SearchTest')
data.setCell(12, 2, 'com.applect.meritnation.scripts.SearchTest')
data.setCell(12, 3, 28579);
data.setCell(13, 0, 13)
data.setCell(13, 1, 'TC_001_LoginTest')
data.setCell(13, 2, 'com.applect.meritnation.scripts.LoginTest')
data.setCell(13, 3, 27502);
data.setCell(14, 0, 14)
data.setCell(14, 1, 'TC_002_MobileSignup')
data.setCell(14, 2, 'com.applect.meritnationmobile.scripts.MobileLoginTest')
data.setCell(14, 3, 5034);
data.setCell(15, 0, 15)
data.setCell(15, 1, 'TC_001_CreateAccountTest')
data.setCell(15, 2, 'com.applect.meritnation.scripts.CreateAccountTest')
data.setCell(15, 3, 2143);
window.suiteTableData['Main_Test_Suite']= { tableData: data, tableDiv: 'times-div-Main_Test_Suite'}
return data;
}
              </script>
              <span class="suite-total-time">Total running time: 14 minutes</span>
              <div id="times-div-Main_Test_Suite">
              </div> <!-- times-div-Main_Test_Suite -->
            </div> <!-- times-div -->
          </div> <!-- main-panel-content rounded-window-bottom -->
        </div> <!-- panel -->
        <div panel-name="reporter-Main_Test_Suite" class="panel">
          <div class="main-panel-header rounded-window-top">
            <span class="header-content">Reporter output for Main Test Suite</span>
          </div> <!-- main-panel-header rounded-window-top -->
          <div class="main-panel-content rounded-window-bottom">
          </div> <!-- main-panel-content rounded-window-bottom -->
        </div> <!-- panel -->
        <div panel-name="ignored-methods-Main_Test_Suite" class="panel">
          <div class="main-panel-header rounded-window-top">
            <span class="header-content">69 ignored methods</span>
          </div> <!-- main-panel-header rounded-window-top -->
          <div class="main-panel-content rounded-window-bottom">
            <div class="ignored-class-div">
              <span class="ignored-class-name">com.applect.meritnation.scripts.StudyTest</span>
              <div class="ignored-methods-div">
                <span class="ignored-method-name">TC_031_verifyStudyChemistryTopicLiveClasssesTest</span>
                <br/>
                <span class="ignored-method-name">TC_013_VerifyStudyBiologyTopicConceptsTest</span>
                <br/>
                <span class="ignored-method-name">TC_021_VerifyStudyBiologyTopicFormativeAssesmentTest</span>
                <br/>
                <span class="ignored-method-name">TC_042_VerifyStudyEnglishTopicConceptsTest</span>
                <br/>
                <span class="ignored-method-name">TC_033_VerifyStudyChemistryTopicPracticeTest</span>
                <br/>
                <span class="ignored-method-name">TC_044_VerifyStudyEnglishTopicTestsTest</span>
                <br/>
                <span class="ignored-method-name">TC_037_VerifyStudyChemistryTopicActivitiesTest</span>
                <br/>
                <span class="ignored-method-name">TC_052_VerifyStudyEconomicsTopicBoardPaperQuestionsTest</span>
                <br/>
                <span class="ignored-method-name">TC_038_VerifyStudyChemistryTopicRevisionNotesTest</span>
                <br/>
                <span class="ignored-method-name">TC_048_VerifyStudyEconomicsTopicConceptsTest</span>
                <br/>
                <span class="ignored-method-name">TC_027_VerifyStudyMathTopicPupularQuestionsTest</span>
                <br/>
                <span class="ignored-method-name">TC_012_verifyStudyBiologyTopicLiveClasssesTest</span>
                <br/>
                <span class="ignored-method-name">TC_036_VerifyStudyChemistryTopicPupularQuestionsTest</span>
                <br/>
                <span class="ignored-method-name">TC_025_VerifyStudyMathTopicAssignmentTest</span>
                <br/>
                <span class="ignored-method-name">TC_045_VerifyStudyEnglishTopicPupularQuestionsTest</span>
                <br/>
                <span class="ignored-method-name">TC_024_VerifyStudyMathTopicPracticeTest</span>
                <br/>
                <span class="ignored-method-name">TC_050_VerifyStudyEconomicsTopicPupularQuestionsTest</span>
                <br/>
                <span class="ignored-method-name">TC_007_VerifyStudyPhysicsTopicPupularQuestionsTest</span>
                <br/>
                <span class="ignored-method-name">TC_016_VerifyStudyBiologyTopicTestsTest</span>
                <br/>
                <span class="ignored-method-name">TC_040_VerifyStudyChemistryTopicFormativeAssesmentTest</span>
                <br/>
                <span class="ignored-method-name">TC_026_VerifyStudyMathTopicTestsTest</span>
                <br/>
                <span class="ignored-method-name">TC_046_VerifyStudyEnglishTopicActivitiesTest</span>
                <br/>
                <span class="ignored-method-name">TC_015_VerifyStudyBiologyTopicAssignmentTest</span>
                <br/>
                <span class="ignored-method-name">TC_020_VerifyStudyBiologyTopicBoardPaperQuestionsTest</span>
                <br/>
                <span class="ignored-method-name">TC_008_VerifyStudyPhysicsTopicActivitiesTest</span>
                <br/>
                <span class="ignored-method-name">TC_032_VerifyStudyChemistryTopicConceptsTest</span>
                <br/>
                <span class="ignored-method-name">TC_034_VerifyStudyChemistryTopicAssignmentTest</span>
                <br/>
                <span class="ignored-method-name">TC_028_VerifyStudyMathTopicRevisionNotesTest</span>
                <br/>
                <span class="ignored-method-name">TC_017_VerifyStudyBiologyTopicPupularQuestionsTest</span>
                <br/>
                <span class="ignored-method-name">TC_023_VerifyStudyMathTopicConceptsTest</span>
                <br/>
                <span class="ignored-method-name">TC_018_VerifyStudyBiologyTopicActivitiesTest</span>
                <br/>
                <span class="ignored-method-name">TC_014_VerifyStudyBiologyTopicPracticeTest</span>
                <br/>
                <span class="ignored-method-name">TC_051_VerifyStudyEconomicsTopicRevisionNotesTest</span>
                <br/>
                <span class="ignored-method-name">TC_022_verifyStudyMathTopicLiveClasssesTest</span>
                <br/>
                <span class="ignored-method-name">TC_047_VerifyStudyEnglishTopicRevisionNotesTest</span>
                <br/>
                <span class="ignored-method-name">TC_029_VerifyStudyMathTopicBoardPaperQuestionsTest</span>
                <br/>
                <span class="ignored-method-name">TC_019_VerifyStudyBiologyTopicRevisionNotesTest</span>
                <br/>
                <span class="ignored-method-name">TC_043_VerifyStudyEnglishTopicAssignmentTest</span>
                <br/>
                <span class="ignored-method-name">TC_035_VerifyStudyChemistryTopicTestsTest</span>
                <br/>
                <span class="ignored-method-name">TC_039_VerifyStudyChemistryTopicBoardPaperQuestionsTest</span>
                <br/>
                <span class="ignored-method-name">TC_030_VerifyStudyMathTopicFormativeAssesmentTest</span>
                <br/>
                <span class="ignored-method-name">TC_049_VerifyStudyEconomicsTopicTestsTest</span>
                <br/>
              </div> <!-- ignored-methods-div -->
            </div> <!-- ignored-class-div -->
            <div class="ignored-class-div">
              <span class="ignored-class-name">com.applect.meritnation.scripts.LogoutTest</span>
              <div class="ignored-methods-div">
                <span class="ignored-method-name">deleteOutputDirectory</span>
                <br/>
                <span class="ignored-method-name">TC_001_VerifyHomePageTest</span>
                <br/>
                <span class="ignored-method-name">sendEmail</span>
                <br/>
                <span class="ignored-method-name">TC_002_VerifyPurchasedProductPrice</span>
                <br/>
              </div> <!-- ignored-methods-div -->
            </div> <!-- ignored-class-div -->
            <div class="ignored-class-div">
              <span class="ignored-class-name">com.applect.meritnation.scripts.LoginTest</span>
              <div class="ignored-methods-div">
                <span class="ignored-method-name">TC_003_AllSpecificPackageUserLoginTest</span>
                <br/>
                <span class="ignored-method-name">deleteOutputDirectory</span>
                <br/>
                <span class="ignored-method-name">sendEmail</span>
                <br/>
                <span class="ignored-method-name">TC_002_AllUserLoginTest</span>
                <br/>
              </div> <!-- ignored-methods-div -->
            </div> <!-- ignored-class-div -->
            <div class="ignored-class-div">
              <span class="ignored-class-name">com.applect.meritnation.scripts.SearchTest</span>
              <div class="ignored-methods-div">
                <span class="ignored-method-name">deleteOutputDirectory</span>
                <br/>
                <span class="ignored-method-name">sendEmail</span>
                <br/>
              </div> <!-- ignored-methods-div -->
            </div> <!-- ignored-class-div -->
            <div class="ignored-class-div">
              <span class="ignored-class-name">com.applect.meritnationmobile.scripts.MobileLoginTest</span>
              <div class="ignored-methods-div">
                <span class="ignored-method-name">TC_001_VerifyValidLogin</span>
                <br/>
              </div> <!-- ignored-methods-div -->
            </div> <!-- ignored-class-div -->
            <div class="ignored-class-div">
              <span class="ignored-class-name">com.applect.meritnation.scripts.CreateAccountTest</span>
              <div class="ignored-methods-div">
                <span class="ignored-method-name">TC_002_CreateAccountAllBoardTest</span>
                <br/>
                <span class="ignored-method-name">deleteOutputDirectory</span>
                <br/>
                <span class="ignored-method-name">sendEmail</span>
                <br/>
              </div> <!-- ignored-methods-div -->
            </div> <!-- ignored-class-div -->
            <div class="ignored-class-div">
              <span class="ignored-class-name">com.applect.meritnation.scripts.AsknAnswerTest</span>
              <div class="ignored-methods-div">
                <span class="ignored-method-name">TC_004_VerifyAskedquestionDetailFromRecommendedQuestionsTest</span>
                <br/>
                <span class="ignored-method-name">deleteOutputDirectory</span>
                <br/>
                <span class="ignored-method-name">sendEmail</span>
                <br/>
                <span class="ignored-method-name">TC_002_VerifyRecommendedQuestionsPageDetailsTest</span>
                <br/>
              </div> <!-- ignored-methods-div -->
            </div> <!-- ignored-class-div -->
            <div class="ignored-class-div">
              <span class="ignored-class-name">com.applect.meritnationmobile.scripts.MobileAskAnswerTest</span>
              <div class="ignored-methods-div">
                <span class="ignored-method-name">deleteOutputDirectory</span>
                <br/>
                <span class="ignored-method-name">sendEmail</span>
                <br/>
                <span class="ignored-method-name">TC001_SignUpOnAsknAnsTest</span>
                <br/>
              </div> <!-- ignored-methods-div -->
            </div> <!-- ignored-class-div -->
            <div class="ignored-class-div">
              <span class="ignored-class-name">com.applect.meritnation.scripts.GradeTest</span>
              <div class="ignored-methods-div">
                <span class="ignored-method-name">deleteOutputDirectory</span>
                <br/>
                <span class="ignored-method-name">sendEmail</span>
                <br/>
                <span class="ignored-method-name">TC_001_VerifyGradePageContent</span>
                <br/>
              </div> <!-- ignored-methods-div -->
            </div> <!-- ignored-class-div -->
            <div class="ignored-class-div">
              <span class="ignored-class-name">com.applect.meritnation.scripts.MyProfileTest</span>
              <div class="ignored-methods-div">
                <span class="ignored-method-name">deleteOutputDirectory</span>
                <br/>
                <span class="ignored-method-name">sendEmail</span>
                <br/>
                <span class="ignored-method-name">TestProfile</span>
                <br/>
              </div> <!-- ignored-methods-div -->
            </div> <!-- ignored-class-div -->
          </div> <!-- main-panel-content rounded-window-bottom -->
        </div> <!-- panel -->
        <div panel-name="chronological-Main_Test_Suite" class="panel">
          <div class="main-panel-header rounded-window-top">
            <span class="header-content">Methods in chronological order</span>
          </div> <!-- main-panel-header rounded-window-top -->
          <div class="main-panel-content rounded-window-bottom">
            <div class="chronological-class">
              <div class="chronological-class-name">com.applect.meritnationmobile.scripts.MobileLoginTest</div> <!-- chronological-class-name -->
              <div class="configuration-suite before">
                <span class="method-name">deleteOutputDirectory</span>
                <span class="method-start">0 ms</span>
              </div> <!-- configuration-suite before -->
            </div> <!-- chronological-class -->
            <div class="chronological-class">
              <div class="chronological-class-name">com.applect.meritnation.scripts.StudyTest</div> <!-- chronological-class-name -->
              <div class="configuration-method before">
                <span class="method-name">preConditionWeb(chrome)</span>
                <span class="method-start">46 ms</span>
              </div> <!-- configuration-method before -->
              <div class="test-method">
                <span class="method-name">TC_001_VerifyStudyPhysicsPageTest</span>
                <span class="method-start">12471 ms</span>
              </div> <!-- test-method -->
              <div class="configuration-method after">
                <span class="method-name">postCondition([TestResult name=TC_001_VerifyStudyPhysicsPageTest status=SUCCESS method=StudyTest.TC_001_VerifyStud...)</span>
                <span class="method-start">174463 ms</span>
              </div> <!-- configuration-method after -->
              <div class="configuration-method before">
                <span class="method-name">preConditionWeb(chrome)</span>
                <span class="method-start">174737 ms</span>
              </div> <!-- configuration-method before -->
              <div class="test-method">
                <span class="method-name">TC_002_verifyStudyPhysicsTopicLiveClasssesTest</span>
                <span class="method-start">181763 ms</span>
              </div> <!-- test-method -->
              <div class="configuration-method after">
                <span class="method-name">postCondition([TestResult name=TC_002_verifyStudyPhysicsTopicLiveClasssesTest status=SUCCESS method=StudyTest.TC_0...)</span>
                <span class="method-start">230071 ms</span>
              </div> <!-- configuration-method after -->
              <div class="configuration-method before">
                <span class="method-name">preConditionWeb(chrome)</span>
                <span class="method-start">230251 ms</span>
              </div> <!-- configuration-method before -->
              <div class="test-method">
                <span class="method-name">TC_003_VerifyStudyPhysicsTopicConceptsTest</span>
                <span class="method-start">237641 ms</span>
              </div> <!-- test-method -->
              <div class="configuration-method after">
                <span class="method-name">postCondition([TestResult name=TC_003_VerifyStudyPhysicsTopicConceptsTest status=SUCCESS method=StudyTest.TC_003_V...)</span>
                <span class="method-start">323116 ms</span>
              </div> <!-- configuration-method after -->
              <div class="configuration-method before">
                <span class="method-name">preConditionWeb(chrome)</span>
                <span class="method-start">323483 ms</span>
              </div> <!-- configuration-method before -->
              <div class="test-method">
                <span class="method-name">TC_004_VerifyStudyPhysicsTopicPracticeTest</span>
                <span class="method-start">330788 ms</span>
              </div> <!-- test-method -->
              <div class="configuration-method after">
                <span class="method-name">postCondition([TestResult name=TC_004_VerifyStudyPhysicsTopicPracticeTest status=SUCCESS method=StudyTest.TC_004_V...)</span>
                <span class="method-start">396630 ms</span>
              </div> <!-- configuration-method after -->
              <div class="configuration-method before">
                <span class="method-name">preConditionWeb(chrome)</span>
                <span class="method-start">396847 ms</span>
              </div> <!-- configuration-method before -->
              <div class="test-method">
                <span class="method-name">TC_005_VerifyStudyPhysicsTopicAssignmentTest</span>
                <span class="method-start">403832 ms</span>
              </div> <!-- test-method -->
              <div class="configuration-method after">
                <span class="method-name">postCondition([TestResult name=TC_005_VerifyStudyPhysicsTopicAssignmentTest status=SUCCESS method=StudyTest.TC_005...)</span>
                <span class="method-start">451546 ms</span>
              </div> <!-- configuration-method after -->
              <div class="configuration-method before">
                <span class="method-name">preConditionWeb(chrome)</span>
                <span class="method-start">451818 ms</span>
              </div> <!-- configuration-method before -->
              <div class="test-method">
                <span class="method-name">TC_006_VerifyStudyPhysicsTopicTestsTest</span>
                <span class="method-start">458984 ms</span>
              </div> <!-- test-method -->
              <div class="configuration-method after">
                <span class="method-name">postCondition([TestResult name=TC_006_VerifyStudyPhysicsTopicTestsTest status=SUCCESS method=StudyTest.TC_006_Veri...)</span>
                <span class="method-start">500629 ms</span>
              </div> <!-- configuration-method after -->
              <div class="configuration-method before">
                <span class="method-name">preConditionWeb(chrome)</span>
                <span class="method-start">500860 ms</span>
              </div> <!-- configuration-method before -->
              <div class="test-method">
                <span class="method-name">TC_009_VerifyStudyPhysicsTopicRevisionNotesTest</span>
                <span class="method-start">507835 ms</span>
              </div> <!-- test-method -->
              <div class="configuration-method after">
                <span class="method-name">postCondition([TestResult name=TC_009_VerifyStudyPhysicsTopicRevisionNotesTest status=SUCCESS method=StudyTest.TC_...)</span>
                <span class="method-start">556840 ms</span>
              </div> <!-- configuration-method after -->
              <div class="configuration-method before">
                <span class="method-name">preConditionWeb(chrome)</span>
                <span class="method-start">557075 ms</span>
              </div> <!-- configuration-method before -->
              <div class="test-method">
                <span class="method-name">TC_010_VerifyStudyPhysicsTopicBoardPaperQuestionsTest</span>
                <span class="method-start">564050 ms</span>
              </div> <!-- test-method -->
              <div class="configuration-method after">
                <span class="method-name">postCondition([TestResult name=TC_010_VerifyStudyPhysicsTopicBoardPaperQuestionsTest status=SUCCESS method=StudyTe...)</span>
                <span class="method-start">598823 ms</span>
              </div> <!-- configuration-method after -->
              <div class="configuration-method before">
                <span class="method-name">preConditionWeb(chrome)</span>
                <span class="method-start">599191 ms</span>
              </div> <!-- configuration-method before -->
              <div class="test-method">
                <span class="method-name">TC_011_VerifyStudyPhysicsTopicFormativeAssesmentTest</span>
                <span class="method-start">607623 ms</span>
              </div> <!-- test-method -->
              <div class="configuration-method after">
                <span class="method-name">postCondition([TestResult name=TC_011_VerifyStudyPhysicsTopicFormativeAssesmentTest status=SUCCESS method=StudyTes...)</span>
                <span class="method-start">653595 ms</span>
              </div> <!-- configuration-method after -->
              <div class="configuration-method before">
                <span class="method-name">preConditionWeb(chrome)</span>
                <span class="method-start">653823 ms</span>
              </div> <!-- configuration-method before -->
              <div class="test-method">
                <span class="method-name">TC_053_VerifyBoardPapterSolutionTest</span>
                <span class="method-start">660581 ms</span>
              </div> <!-- test-method -->
              <div class="configuration-method after">
                <span class="method-name">postCondition([TestResult name=TC_053_VerifyBoardPapterSolutionTest status=SUCCESS method=StudyTest.TC_053_VerifyB...)</span>
                <span class="method-start">834688 ms</span>
              </div> <!-- configuration-method after -->
            </div> <!-- chronological-class -->
            <div class="chronological-class">
              <div class="chronological-class-name">com.applect.meritnation.scripts.CreateAccountTest</div> <!-- chronological-class-name -->
              <div class="configuration-method before">
                <span class="method-name">preConditionWeb(chrome)</span>
                <span class="method-start">834852 ms</span>
              </div> <!-- configuration-method before -->
              <div class="test-method">
                <img src="failed.png">
                </img>
                <span class="method-name">TC_001_CreateAccountTest</span>
                <span class="method-start">841484 ms</span>
              </div> <!-- test-method -->
              <div class="configuration-method after">
                <span class="method-name">postCondition([TestResult name=TC_001_CreateAccountTest status=FAILURE method=CreateAccountTest.TC_001_CreateAccou...)</span>
                <span class="method-start">843627 ms</span>
              </div> <!-- configuration-method after -->
            </div> <!-- chronological-class -->
            <div class="chronological-class">
              <div class="chronological-class-name">com.applect.meritnation.scripts.SearchTest</div> <!-- chronological-class-name -->
              <div class="configuration-method before">
                <span class="method-name">preConditionWeb(chrome)</span>
                <span class="method-start">844366 ms</span>
              </div> <!-- configuration-method before -->
              <div class="test-method">
                <img src="failed.png">
                </img>
                <span class="method-name">TC_001_SearchTest</span>
                <span class="method-start">850935 ms</span>
              </div> <!-- test-method -->
              <div class="configuration-method after">
                <span class="method-name">postCondition([TestResult name=TC_001_SearchTest status=FAILURE method=SearchTest.TC_001_SearchTest()[pri:0, insta...)</span>
                <span class="method-start">879515 ms</span>
              </div> <!-- configuration-method after -->
            </div> <!-- chronological-class -->
            <div class="chronological-class">
              <div class="chronological-class-name">com.applect.meritnation.scripts.AsknAnswerTest</div> <!-- chronological-class-name -->
              <div class="configuration-method before">
                <span class="method-name">preConditionWeb(chrome)</span>
                <span class="method-start">879865 ms</span>
              </div> <!-- configuration-method before -->
              <div class="test-method">
                <span class="method-name">TC_001_AskQuestionTest</span>
                <span class="method-start">887028 ms</span>
              </div> <!-- test-method -->
              <div class="configuration-method after">
                <span class="method-name">postCondition([TestResult name=TC_001_AskQuestionTest status=SUCCESS method=AsknAnswerTest.TC_001_AskQuestionTest(...)</span>
                <span class="method-start">916400 ms</span>
              </div> <!-- configuration-method after -->
              <div class="configuration-method before">
                <span class="method-name">preConditionWeb(chrome)</span>
                <span class="method-start">916570 ms</span>
              </div> <!-- configuration-method before -->
              <div class="test-method">
                <span class="method-name">TC_003_VerifyUserProfileFromRecommendedQuestionsTest</span>
                <span class="method-start">924144 ms</span>
              </div> <!-- test-method -->
              <div class="configuration-method after">
                <span class="method-name">postCondition([TestResult name=TC_003_VerifyUserProfileFromRecommendedQuestionsTest status=SUCCESS method=AsknAnsw...)</span>
                <span class="method-start">954646 ms</span>
              </div> <!-- configuration-method after -->
            </div> <!-- chronological-class -->
            <div class="chronological-class">
              <div class="chronological-class-name">com.applect.meritnation.scripts.LoginTest</div> <!-- chronological-class-name -->
              <div class="configuration-method before">
                <span class="method-name">preConditionWeb(chrome)</span>
                <span class="method-start">954808 ms</span>
              </div> <!-- configuration-method before -->
              <div class="test-method">
                <span class="method-name">TC_001_LoginTest</span>
                <span class="method-start">961783 ms</span>
              </div> <!-- test-method -->
              <div class="configuration-method after">
                <span class="method-name">postCondition([TestResult name=TC_001_LoginTest status=SUCCESS method=LoginTest.TC_001_LoginTest()[pri:0, instance...)</span>
                <span class="method-start">989285 ms</span>
              </div> <!-- configuration-method after -->
            </div> <!-- chronological-class -->
            <div class="chronological-class">
              <div class="chronological-class-name">com.applect.meritnationmobile.scripts.MobileLoginTest</div> <!-- chronological-class-name -->
              <div class="configuration-method before">
                <span class="method-name">preconditionMobile(chrome)</span>
                <span class="method-start">989540 ms</span>
              </div> <!-- configuration-method before -->
              <div class="test-method">
                <img src="failed.png">
                </img>
                <span class="method-name">TC_002_MobileSignup</span>
                <span class="method-start">996364 ms</span>
              </div> <!-- test-method -->
              <div class="configuration-method after">
                <span class="method-name">postCondition([TestResult name=TC_002_MobileSignup status=FAILURE method=MobileLoginTest.TC_002_MobileSignup()[pri...)</span>
                <span class="method-start">1001399 ms</span>
              </div> <!-- configuration-method after -->
              <div class="configuration-suite after">
                <span class="method-name">sendEmail</span>
                <span class="method-start">1001676 ms</span>
              </div> <!-- configuration-suite after -->
          </div> <!-- main-panel-content rounded-window-bottom -->
        </div> <!-- panel -->
      </div> <!-- main-panel-root -->
    </div> <!-- wrapper -->
  </body>
</html>
