<?xml version="1.0" encoding="UTF-8"?>
<testng-results skipped="0" failed="2" total="16" passed="14">
  <reporter-output>
    <line>
      <![CDATA[Chrome Browser launches]]>
    </line>
    <line>
      <![CDATA[Navigate to the URL]]>
    </line>
    <line>
      <![CDATA[Script passed]]>
    </line>
    <line>
      <![CDATA[Browser closed]]>
    </line>
    <line>
      <![CDATA[Chrome Browser launches]]>
    </line>
    <line>
      <![CDATA[Navigate to the URL]]>
    </line>
    <line>
      <![CDATA[Script passed]]>
    </line>
    <line>
      <![CDATA[Browser closed]]>
    </line>
    <line>
      <![CDATA[Chrome Browser launches]]>
    </line>
    <line>
      <![CDATA[Navigate to the URL]]>
    </line>
    <line>
      <![CDATA[Script passed]]>
    </line>
    <line>
      <![CDATA[Browser closed]]>
    </line>
    <line>
      <![CDATA[Chrome Browser launches]]>
    </line>
    <line>
      <![CDATA[Navigate to the URL]]>
    </line>
    <line>
      <![CDATA[Script passed]]>
    </line>
    <line>
      <![CDATA[Browser closed]]>
    </line>
    <line>
      <![CDATA[Chrome Browser launches]]>
    </line>
    <line>
      <![CDATA[Navigate to the URL]]>
    </line>
    <line>
      <![CDATA[Script passed]]>
    </line>
    <line>
      <![CDATA[Browser closed]]>
    </line>
    <line>
      <![CDATA[Chrome Browser launches]]>
    </line>
    <line>
      <![CDATA[Navigate to the URL]]>
    </line>
    <line>
      <![CDATA[Script passed]]>
    </line>
    <line>
      <![CDATA[Browser closed]]>
    </line>
    <line>
      <![CDATA[Chrome Browser launches]]>
    </line>
    <line>
      <![CDATA[Navigate to the URL]]>
    </line>
    <line>
      <![CDATA[Script passed]]>
    </line>
    <line>
      <![CDATA[Browser closed]]>
    </line>
    <line>
      <![CDATA[Chrome Browser launches]]>
    </line>
    <line>
      <![CDATA[Navigate to the URL]]>
    </line>
    <line>
      <![CDATA[Script passed]]>
    </line>
    <line>
      <![CDATA[Browser closed]]>
    </line>
    <line>
      <![CDATA[Chrome Browser launches]]>
    </line>
    <line>
      <![CDATA[Navigate to the URL]]>
    </line>
    <line>
      <![CDATA[Script passed]]>
    </line>
    <line>
      <![CDATA[Browser closed]]>
    </line>
    <line>
      <![CDATA[Chrome Browser launches]]>
    </line>
    <line>
      <![CDATA[Navigate to the URL]]>
    </line>
    <line>
      <![CDATA[Script passed]]>
    </line>
    <line>
      <![CDATA[Browser closed]]>
    </line>
    <line>
      <![CDATA[Chrome Browser launches]]>
    </line>
    <line>
      <![CDATA[Navigate to the URL]]>
    </line>
    <line>
      <![CDATA[Script passed]]>
    </line>
    <line>
      <![CDATA[Browser closed]]>
    </line>
    <line>
      <![CDATA[Chrome Browser launches]]>
    </line>
    <line>
      <![CDATA[Navigate to the URL]]>
    </line>
    <line>
      <![CDATA[Screenshot has been taken]]>
    </line>
    <line>
      <![CDATA[Browser closed]]>
    </line>
    <line>
      <![CDATA[Chrome Browser launches]]>
    </line>
    <line>
      <![CDATA[Navigate to the URL]]>
    </line>
    <line>
      <![CDATA[Screenshot has been taken]]>
    </line>
    <line>
      <![CDATA[Browser closed]]>
    </line>
    <line>
      <![CDATA[Chrome Browser launches]]>
    </line>
    <line>
      <![CDATA[Navigate to the URL]]>
    </line>
    <line>
      <![CDATA[Script passed]]>
    </line>
    <line>
      <![CDATA[Browser closed]]>
    </line>
    <line>
      <![CDATA[Chrome Browser launches]]>
    </line>
    <line>
      <![CDATA[Navigate to the URL]]>
    </line>
    <line>
      <![CDATA[Script passed]]>
    </line>
    <line>
      <![CDATA[Browser closed]]>
    </line>
    <line>
      <![CDATA[Chrome Browser launches]]>
    </line>
    <line>
      <![CDATA[Navigate to the URL]]>
    </line>
    <line>
      <![CDATA[Script passed]]>
    </line>
    <line>
      <![CDATA[Browser closed]]>
    </line>
  </reporter-output>
  <suite name="Main Test Suite" duration-ms="973050" started-at="2018-07-25T07:06:01Z" finished-at="2018-07-25T07:22:14Z">
    <groups>
      <group name="Regression">
        <method signature="AsknAnswerTest.TC_001_AskQuestionTest()[pri:0, instance:com.applect.meritnation.scripts.AsknAnswerTest@7cf4aaca]" name="TC_001_AskQuestionTest" class="com.applect.meritnation.scripts.AsknAnswerTest"/>
        <method signature="AsknAnswerTest.TC_003_VerifyUserProfileFromRecommendedQuestionsTest()[pri:0, instance:com.applect.meritnation.scripts.AsknAnswerTest@7cf4aaca]" name="TC_003_VerifyUserProfileFromRecommendedQuestionsTest" class="com.applect.meritnation.scripts.AsknAnswerTest"/>
        <method signature="CreateAccountTest.TC_001_CreateAccountTest()[pri:0, instance:com.applect.meritnation.scripts.CreateAccountTest@50c94ac]" name="TC_001_CreateAccountTest" class="com.applect.meritnation.scripts.CreateAccountTest"/>
        <method signature="LoginTest.TC_001_LoginTest()[pri:0, instance:com.applect.meritnation.scripts.LoginTest@22f8f3dd]" name="TC_001_LoginTest" class="com.applect.meritnation.scripts.LoginTest"/>
        <method signature="SearchTest.TC_001_SearchTest()[pri:0, instance:com.applect.meritnation.scripts.SearchTest@652441b]" name="TC_001_SearchTest" class="com.applect.meritnation.scripts.SearchTest"/>
        <method signature="StudyTest.TC_001_VerifyStudyPhysicsPageTest()[pri:0, instance:com.applect.meritnation.scripts.StudyTest@7441b1fd]" name="TC_001_VerifyStudyPhysicsPageTest" class="com.applect.meritnation.scripts.StudyTest"/>
        <method signature="StudyTest.TC_002_verifyStudyPhysicsTopicLiveClasssesTest()[pri:0, instance:com.applect.meritnation.scripts.StudyTest@7441b1fd]" name="TC_002_verifyStudyPhysicsTopicLiveClasssesTest" class="com.applect.meritnation.scripts.StudyTest"/>
        <method signature="StudyTest.TC_003_VerifyStudyPhysicsTopicConceptsTest()[pri:0, instance:com.applect.meritnation.scripts.StudyTest@7441b1fd]" name="TC_003_VerifyStudyPhysicsTopicConceptsTest" class="com.applect.meritnation.scripts.StudyTest"/>
        <method signature="StudyTest.TC_004_VerifyStudyPhysicsTopicPracticeTest()[pri:0, instance:com.applect.meritnation.scripts.StudyTest@7441b1fd]" name="TC_004_VerifyStudyPhysicsTopicPracticeTest" class="com.applect.meritnation.scripts.StudyTest"/>
        <method signature="StudyTest.TC_005_VerifyStudyPhysicsTopicAssignmentTest()[pri:0, instance:com.applect.meritnation.scripts.StudyTest@7441b1fd]" name="TC_005_VerifyStudyPhysicsTopicAssignmentTest" class="com.applect.meritnation.scripts.StudyTest"/>
        <method signature="StudyTest.TC_006_VerifyStudyPhysicsTopicTestsTest()[pri:0, instance:com.applect.meritnation.scripts.StudyTest@7441b1fd]" name="TC_006_VerifyStudyPhysicsTopicTestsTest" class="com.applect.meritnation.scripts.StudyTest"/>
        <method signature="StudyTest.TC_009_VerifyStudyPhysicsTopicRevisionNotesTest()[pri:0, instance:com.applect.meritnation.scripts.StudyTest@7441b1fd]" name="TC_009_VerifyStudyPhysicsTopicRevisionNotesTest" class="com.applect.meritnation.scripts.StudyTest"/>
        <method signature="StudyTest.TC_010_VerifyStudyPhysicsTopicBoardPaperQuestionsTest()[pri:0, instance:com.applect.meritnation.scripts.StudyTest@7441b1fd]" name="TC_010_VerifyStudyPhysicsTopicBoardPaperQuestionsTest" class="com.applect.meritnation.scripts.StudyTest"/>
        <method signature="StudyTest.TC_011_VerifyStudyPhysicsTopicFormativeAssesmentTest()[pri:0, instance:com.applect.meritnation.scripts.StudyTest@7441b1fd]" name="TC_011_VerifyStudyPhysicsTopicFormativeAssesmentTest" class="com.applect.meritnation.scripts.StudyTest"/>
        <method signature="StudyTest.TC_053_VerifyBoardPapterSolutionTest()[pri:0, instance:com.applect.meritnation.scripts.StudyTest@7441b1fd]" name="TC_053_VerifyBoardPapterSolutionTest" class="com.applect.meritnation.scripts.StudyTest"/>
      </group> <!-- Regression -->
      <group name="MobileRegression">
        <method signature="MobileLoginTest.TC_001_VerifyValidLogin()[pri:0, instance:com.applect.meritnationmobile.scripts.MobileLoginTest@2119e04f]" name="TC_001_VerifyValidLogin" class="com.applect.meritnationmobile.scripts.MobileLoginTest"/>
      </group> <!-- MobileRegression -->
    </groups>
    <test name="Meritnation Web Regression" duration-ms="936295" started-at="2018-07-25T07:06:01Z" finished-at="2018-07-25T07:21:37Z">
      <class name="com.applect.meritnation.scripts.CreateAccountTest">
        <test-method status="PASS" signature="preConditionMobileRegression(java.lang.String)[pri:0, instance:com.applect.meritnation.scripts.CreateAccountTest@50c94ac]" name="preConditionMobileRegression" is-config="true" duration-ms="8714" started-at="2018-07-25T12:48:24Z" finished-at="2018-07-25T12:48:33Z">
          <params>
            <param index="0">
              <value>
                <![CDATA[chrome]]>
              </value>
            </param>
          </params>
          <reporter-output>
            <line>
              <![CDATA[Chrome Browser launches]]>
            </line>
            <line>
              <![CDATA[Navigate to the URL]]>
            </line>
          </reporter-output>
        </test-method> <!-- preConditionMobileRegression -->
        <test-method status="PASS" signature="TC_001_CreateAccountTest()[pri:0, instance:com.applect.meritnation.scripts.CreateAccountTest@50c94ac]" name="TC_001_CreateAccountTest" duration-ms="43311" started-at="2018-07-25T12:48:33Z" finished-at="2018-07-25T12:49:16Z">
          <reporter-output>
          </reporter-output>
        </test-method> <!-- TC_001_CreateAccountTest -->
        <test-method status="PASS" signature="postCondition(org.testng.ITestResult)[pri:0, instance:com.applect.meritnation.scripts.CreateAccountTest@50c94ac]" name="postCondition" is-config="true" duration-ms="213" started-at="2018-07-25T12:49:16Z" finished-at="2018-07-25T12:49:16Z">
          <params>
            <param index="0">
              <value>
                <![CDATA[[TestResult name=TC_001_CreateAccountTest status=SUCCESS method=CreateAccountTest.TC_001_CreateAccountTest()[pri:0, instance:com.applect.meritnation.scripts.CreateAccountTest@50c94ac] output={null}]]]>
              </value>
            </param>
          </params>
          <reporter-output>
            <line>
              <![CDATA[Script passed]]>
            </line>
            <line>
              <![CDATA[Browser closed]]>
            </line>
          </reporter-output>
        </test-method> <!-- postCondition -->
      </class> <!-- com.applect.meritnation.scripts.CreateAccountTest -->
      <class name="com.applect.meritnation.scripts.SearchTest">
        <test-method status="PASS" signature="preConditionMobileRegression(java.lang.String)[pri:0, instance:com.applect.meritnation.scripts.SearchTest@652441b]" name="preConditionMobileRegression" is-config="true" duration-ms="8899" started-at="2018-07-25T12:49:16Z" finished-at="2018-07-25T12:49:25Z">
          <params>
            <param index="0">
              <value>
                <![CDATA[chrome]]>
              </value>
            </param>
          </params>
          <reporter-output>
            <line>
              <![CDATA[Chrome Browser launches]]>
            </line>
            <line>
              <![CDATA[Navigate to the URL]]>
            </line>
          </reporter-output>
        </test-method> <!-- preConditionMobileRegression -->
        <test-method status="FAIL" signature="TC_001_SearchTest()[pri:0, instance:com.applect.meritnation.scripts.SearchTest@652441b]" name="TC_001_SearchTest" duration-ms="22358" started-at="2018-07-25T12:49:25Z" finished-at="2018-07-25T12:49:47Z">
          <exception class="org.openqa.selenium.NoSuchElementException">
            <message>
              <![CDATA[no such element: Unable to locate element: {"method":"xpath","selector":"//div[@class='ng-scope']/a[text()='Chapter']"}
  (Session info: chrome=67.0.3396.87)
  (Driver info: chromedriver=2.40.565383 (76257d1ab79276b2d53ee976b2c3e3b9f335cde7),platform=Linux 3.19.0-25-generic x86_64) (WARNING: The server did not provide any stacktrace information)
Command duration or timeout: 5.81 seconds
For documentation on this error, please visit: http://seleniumhq.org/exceptions/no_such_element.html
Build info: version: '2.53.1', revision: 'a36b8b1', time: '2016-06-30 17:37:03'
System info: host: '58-s07', ip: '127.0.1.1', os.name: 'Linux', os.arch: 'amd64', os.version: '3.19.0-25-generic', java.version: '1.7.0_151'
*** Element info: {Using=xpath, value=//div[@class='ng-scope']/a[text()='Chapter']}
Session ID: f1cc96195e5bf137442e194792726833
Driver info: org.openqa.selenium.chrome.ChromeDriver
Capabilities [{platform=LINUX, acceptSslCerts=false, javascriptEnabled=true, browserName=chrome, chrome={userDataDir=/tmp/.org.chromium.Chromium.0X9SsX, chromedriverVersion=2.40.565383 (76257d1ab79276b2d53ee976b2c3e3b9f335cde7)}, networkConnectionEnabled=false, unexpectedAlertBehaviour=, rotatable=false, setWindowRect=true, mobileEmulationEnabled=false, locationContextEnabled=true, pageLoadStrategy=normal, version=67.0.3396.87, takesHeapSnapshot=true, cssSelectorsEnabled=true, databaseEnabled=false, handlesAlerts=true, browserConnectionEnabled=false, webStorageEnabled=true, nativeEvents=true, hasTouchScreen=false, applicationCacheEnabled=false, takesScreenshot=true, acceptInsecureCerts=false}]]]>
            </message>
            <full-stacktrace>
              <![CDATA[org.openqa.selenium.NoSuchElementException: no such element: Unable to locate element: {"method":"xpath","selector":"//div[@class='ng-scope']/a[text()='Chapter']"}
  (Session info: chrome=67.0.3396.87)
  (Driver info: chromedriver=2.40.565383 (76257d1ab79276b2d53ee976b2c3e3b9f335cde7),platform=Linux 3.19.0-25-generic x86_64) (WARNING: The server did not provide any stacktrace information)
Command duration or timeout: 5.81 seconds
For documentation on this error, please visit: http://seleniumhq.org/exceptions/no_such_element.html
Build info: version: '2.53.1', revision: 'a36b8b1', time: '2016-06-30 17:37:03'
System info: host: '58-s07', ip: '127.0.1.1', os.name: 'Linux', os.arch: 'amd64', os.version: '3.19.0-25-generic', java.version: '1.7.0_151'
*** Element info: {Using=xpath, value=//div[@class='ng-scope']/a[text()='Chapter']}
Session ID: f1cc96195e5bf137442e194792726833
Driver info: org.openqa.selenium.chrome.ChromeDriver
Capabilities [{platform=LINUX, acceptSslCerts=false, javascriptEnabled=true, browserName=chrome, chrome={userDataDir=/tmp/.org.chromium.Chromium.0X9SsX, chromedriverVersion=2.40.565383 (76257d1ab79276b2d53ee976b2c3e3b9f335cde7)}, networkConnectionEnabled=false, unexpectedAlertBehaviour=, rotatable=false, setWindowRect=true, mobileEmulationEnabled=false, locationContextEnabled=true, pageLoadStrategy=normal, version=67.0.3396.87, takesHeapSnapshot=true, cssSelectorsEnabled=true, databaseEnabled=false, handlesAlerts=true, browserConnectionEnabled=false, webStorageEnabled=true, nativeEvents=true, hasTouchScreen=false, applicationCacheEnabled=false, takesScreenshot=true, acceptInsecureCerts=false}]
	at sun.reflect.GeneratedConstructorAccessor58.newInstance(Unknown Source)
	at sun.reflect.DelegatingConstructorAccessorImpl.newInstance(DelegatingConstructorAccessorImpl.java:45)
	at java.lang.reflect.Constructor.newInstance(Constructor.java:526)
	at org.openqa.selenium.remote.ErrorHandler.createThrowable(ErrorHandler.java:206)
	at org.openqa.selenium.remote.ErrorHandler.throwIfResponseFailed(ErrorHandler.java:158)
	at org.openqa.selenium.remote.RemoteWebDriver.execute(RemoteWebDriver.java:678)
	at org.openqa.selenium.remote.RemoteWebDriver.findElement(RemoteWebDriver.java:363)
	at org.openqa.selenium.remote.RemoteWebDriver.findElementByXPath(RemoteWebDriver.java:500)
	at org.openqa.selenium.By$ByXPath.findElement(By.java:361)
	at org.openqa.selenium.remote.RemoteWebDriver.findElement(RemoteWebDriver.java:355)
	at org.openqa.selenium.support.pagefactory.DefaultElementLocator.findElement(DefaultElementLocator.java:69)
	at org.openqa.selenium.support.pagefactory.internal.LocatingElementHandler.invoke(LocatingElementHandler.java:38)
	at com.sun.proxy.$Proxy10.click(Unknown Source)
	at com.applect.meritnation.pageobject.SearchPage.clickFirstSearchedOption(SearchPage.java:63)
	at com.applect.meritnation.scripts.SearchTest.TC_001_SearchTest(SearchTest.java:19)
	at sun.reflect.NativeMethodAccessorImpl.invoke0(Native Method)
	at sun.reflect.NativeMethodAccessorImpl.invoke(NativeMethodAccessorImpl.java:57)
	at sun.reflect.DelegatingMethodAccessorImpl.invoke(DelegatingMethodAccessorImpl.java:43)
	at java.lang.reflect.Method.invoke(Method.java:606)
	at org.testng.internal.MethodInvocationHelper.invokeMethod(MethodInvocationHelper.java:85)
	at org.testng.internal.Invoker.invokeMethod(Invoker.java:639)
	at org.testng.internal.Invoker.invokeTestMethod(Invoker.java:816)
	at org.testng.internal.Invoker.invokeTestMethods(Invoker.java:1124)
	at org.testng.internal.TestMethodWorker.invokeTestMethods(TestMethodWorker.java:125)
	at org.testng.internal.TestMethodWorker.run(TestMethodWorker.java:108)
	at org.testng.TestRunner.privateRun(TestRunner.java:774)
	at org.testng.TestRunner.run(TestRunner.java:624)
	at org.testng.SuiteRunner.runTest(SuiteRunner.java:359)
	at org.testng.SuiteRunner.runSequentially(SuiteRunner.java:354)
	at org.testng.SuiteRunner.privateRun(SuiteRunner.java:312)
	at org.testng.SuiteRunner.run(SuiteRunner.java:261)
	at org.testng.SuiteRunnerWorker.runSuite(SuiteRunnerWorker.java:52)
	at org.testng.SuiteRunnerWorker.run(SuiteRunnerWorker.java:86)
	at org.testng.TestNG.runSuitesSequentially(TestNG.java:1215)
	at org.testng.TestNG.runSuitesLocally(TestNG.java:1140)
	at org.testng.TestNG.run(TestNG.java:1048)
	at org.testng.remote.AbstractRemoteTestNG.run(AbstractRemoteTestNG.java:114)
	at org.testng.remote.RemoteTestNG.initAndRun(RemoteTestNG.java:251)
	at org.testng.remote.RemoteTestNG.main(RemoteTestNG.java:77)
]]>
            </full-stacktrace>
          </exception> <!-- org.openqa.selenium.NoSuchElementException -->
          <reporter-output>
          </reporter-output>
        </test-method> <!-- TC_001_SearchTest -->
        <test-method status="PASS" signature="postCondition(org.testng.ITestResult)[pri:0, instance:com.applect.meritnation.scripts.SearchTest@652441b]" name="postCondition" is-config="true" duration-ms="676" started-at="2018-07-25T12:49:47Z" finished-at="2018-07-25T12:49:48Z">
          <params>
            <param index="0">
              <value>
                <![CDATA[[TestResult name=TC_001_SearchTest status=FAILURE method=SearchTest.TC_001_SearchTest()[pri:0, instance:com.applect.meritnation.scripts.SearchTest@652441b] output={null}]]]>
              </value>
            </param>
          </params>
          <reporter-output>
            <line>
              <![CDATA[Screenshot has been taken]]>
            </line>
            <line>
              <![CDATA[Browser closed]]>
            </line>
          </reporter-output>
        </test-method> <!-- postCondition -->
      </class> <!-- com.applect.meritnation.scripts.SearchTest -->
      <class name="com.applect.meritnation.scripts.AsknAnswerTest">
        <test-method status="PASS" signature="preConditionMobileRegression(java.lang.String)[pri:0, instance:com.applect.meritnation.scripts.AsknAnswerTest@7cf4aaca]" name="preConditionMobileRegression" is-config="true" duration-ms="8983" started-at="2018-07-25T12:49:48Z" finished-at="2018-07-25T12:49:57Z">
          <params>
            <param index="0">
              <value>
                <![CDATA[chrome]]>
              </value>
            </param>
          </params>
          <reporter-output>
            <line>
              <![CDATA[Chrome Browser launches]]>
            </line>
            <line>
              <![CDATA[Navigate to the URL]]>
            </line>
          </reporter-output>
        </test-method> <!-- preConditionMobileRegression -->
        <test-method status="FAIL" signature="TC_001_AskQuestionTest()[pri:0, instance:com.applect.meritnation.scripts.AsknAnswerTest@7cf4aaca]" name="TC_001_AskQuestionTest" duration-ms="22402" started-at="2018-07-25T12:49:57Z" finished-at="2018-07-25T12:50:20Z">
          <exception class="org.openqa.selenium.NoSuchElementException">
            <message>
              <![CDATA[no such element: Unable to locate element: {"method":"xpath","selector":"//div[@class='showChapterSuggestion group marginTop17px']/ul/li[@class='sprite sprite-physics']"}
  (Session info: chrome=67.0.3396.87)
  (Driver info: chromedriver=2.40.565383 (76257d1ab79276b2d53ee976b2c3e3b9f335cde7),platform=Linux 3.19.0-25-generic x86_64) (WARNING: The server did not provide any stacktrace information)
Command duration or timeout: 5.06 seconds
For documentation on this error, please visit: http://seleniumhq.org/exceptions/no_such_element.html
Build info: version: '2.53.1', revision: 'a36b8b1', time: '2016-06-30 17:37:03'
System info: host: '58-s07', ip: '127.0.1.1', os.name: 'Linux', os.arch: 'amd64', os.version: '3.19.0-25-generic', java.version: '1.7.0_151'
*** Element info: {Using=xpath, value=//div[@class='showChapterSuggestion group marginTop17px']/ul/li[@class='sprite sprite-physics']}
Session ID: e1e9d26538622fe9b077b1692c273ddd
Driver info: org.openqa.selenium.chrome.ChromeDriver
Capabilities [{platform=LINUX, acceptSslCerts=false, javascriptEnabled=true, browserName=chrome, chrome={userDataDir=/tmp/.org.chromium.Chromium.OJvQ8T, chromedriverVersion=2.40.565383 (76257d1ab79276b2d53ee976b2c3e3b9f335cde7)}, networkConnectionEnabled=false, unexpectedAlertBehaviour=, rotatable=false, setWindowRect=true, mobileEmulationEnabled=false, locationContextEnabled=true, pageLoadStrategy=normal, version=67.0.3396.87, takesHeapSnapshot=true, cssSelectorsEnabled=true, databaseEnabled=false, handlesAlerts=true, browserConnectionEnabled=false, webStorageEnabled=true, nativeEvents=true, hasTouchScreen=false, applicationCacheEnabled=false, takesScreenshot=true, acceptInsecureCerts=false}]]]>
            </message>
            <full-stacktrace>
              <![CDATA[org.openqa.selenium.NoSuchElementException: no such element: Unable to locate element: {"method":"xpath","selector":"//div[@class='showChapterSuggestion group marginTop17px']/ul/li[@class='sprite sprite-physics']"}
  (Session info: chrome=67.0.3396.87)
  (Driver info: chromedriver=2.40.565383 (76257d1ab79276b2d53ee976b2c3e3b9f335cde7),platform=Linux 3.19.0-25-generic x86_64) (WARNING: The server did not provide any stacktrace information)
Command duration or timeout: 5.06 seconds
For documentation on this error, please visit: http://seleniumhq.org/exceptions/no_such_element.html
Build info: version: '2.53.1', revision: 'a36b8b1', time: '2016-06-30 17:37:03'
System info: host: '58-s07', ip: '127.0.1.1', os.name: 'Linux', os.arch: 'amd64', os.version: '3.19.0-25-generic', java.version: '1.7.0_151'
*** Element info: {Using=xpath, value=//div[@class='showChapterSuggestion group marginTop17px']/ul/li[@class='sprite sprite-physics']}
Session ID: e1e9d26538622fe9b077b1692c273ddd
Driver info: org.openqa.selenium.chrome.ChromeDriver
Capabilities [{platform=LINUX, acceptSslCerts=false, javascriptEnabled=true, browserName=chrome, chrome={userDataDir=/tmp/.org.chromium.Chromium.OJvQ8T, chromedriverVersion=2.40.565383 (76257d1ab79276b2d53ee976b2c3e3b9f335cde7)}, networkConnectionEnabled=false, unexpectedAlertBehaviour=, rotatable=false, setWindowRect=true, mobileEmulationEnabled=false, locationContextEnabled=true, pageLoadStrategy=normal, version=67.0.3396.87, takesHeapSnapshot=true, cssSelectorsEnabled=true, databaseEnabled=false, handlesAlerts=true, browserConnectionEnabled=false, webStorageEnabled=true, nativeEvents=true, hasTouchScreen=false, applicationCacheEnabled=false, takesScreenshot=true, acceptInsecureCerts=false}]
	at sun.reflect.GeneratedConstructorAccessor58.newInstance(Unknown Source)
	at sun.reflect.DelegatingConstructorAccessorImpl.newInstance(DelegatingConstructorAccessorImpl.java:45)
	at java.lang.reflect.Constructor.newInstance(Constructor.java:526)
	at org.openqa.selenium.remote.ErrorHandler.createThrowable(ErrorHandler.java:206)
	at org.openqa.selenium.remote.ErrorHandler.throwIfResponseFailed(ErrorHandler.java:158)
	at org.openqa.selenium.remote.RemoteWebDriver.execute(RemoteWebDriver.java:678)
	at org.openqa.selenium.remote.RemoteWebDriver.findElement(RemoteWebDriver.java:363)
	at org.openqa.selenium.remote.RemoteWebDriver.findElementByXPath(RemoteWebDriver.java:500)
	at org.openqa.selenium.By$ByXPath.findElement(By.java:361)
	at org.openqa.selenium.remote.RemoteWebDriver.findElement(RemoteWebDriver.java:355)
	at org.openqa.selenium.support.pagefactory.DefaultElementLocator.findElement(DefaultElementLocator.java:69)
	at org.openqa.selenium.support.pagefactory.internal.LocatingElementHandler.invoke(LocatingElementHandler.java:38)
	at com.sun.proxy.$Proxy10.click(Unknown Source)
	at com.applect.meritnation.pageobject.AsknAnswerPage.tagQuestion(AsknAnswerPage.java:207)
	at com.applect.meritnation.scripts.AsknAnswerTest.TC_001_AskQuestionTest(AsknAnswerTest.java:29)
	at sun.reflect.NativeMethodAccessorImpl.invoke0(Native Method)
	at sun.reflect.NativeMethodAccessorImpl.invoke(NativeMethodAccessorImpl.java:57)
	at sun.reflect.DelegatingMethodAccessorImpl.invoke(DelegatingMethodAccessorImpl.java:43)
	at java.lang.reflect.Method.invoke(Method.java:606)
	at org.testng.internal.MethodInvocationHelper.invokeMethod(MethodInvocationHelper.java:85)
	at org.testng.internal.Invoker.invokeMethod(Invoker.java:639)
	at org.testng.internal.Invoker.invokeTestMethod(Invoker.java:816)
	at org.testng.internal.Invoker.invokeTestMethods(Invoker.java:1124)
	at org.testng.internal.TestMethodWorker.invokeTestMethods(TestMethodWorker.java:125)
	at org.testng.internal.TestMethodWorker.run(TestMethodWorker.java:108)
	at org.testng.TestRunner.privateRun(TestRunner.java:774)
	at org.testng.TestRunner.run(TestRunner.java:624)
	at org.testng.SuiteRunner.runTest(SuiteRunner.java:359)
	at org.testng.SuiteRunner.runSequentially(SuiteRunner.java:354)
	at org.testng.SuiteRunner.privateRun(SuiteRunner.java:312)
	at org.testng.SuiteRunner.run(SuiteRunner.java:261)
	at org.testng.SuiteRunnerWorker.runSuite(SuiteRunnerWorker.java:52)
	at org.testng.SuiteRunnerWorker.run(SuiteRunnerWorker.java:86)
	at org.testng.TestNG.runSuitesSequentially(TestNG.java:1215)
	at org.testng.TestNG.runSuitesLocally(TestNG.java:1140)
	at org.testng.TestNG.run(TestNG.java:1048)
	at org.testng.remote.AbstractRemoteTestNG.run(AbstractRemoteTestNG.java:114)
	at org.testng.remote.RemoteTestNG.initAndRun(RemoteTestNG.java:251)
	at org.testng.remote.RemoteTestNG.main(RemoteTestNG.java:77)
]]>
            </full-stacktrace>
          </exception> <!-- org.openqa.selenium.NoSuchElementException -->
          <reporter-output>
          </reporter-output>
        </test-method> <!-- TC_001_AskQuestionTest -->
        <test-method status="PASS" signature="postCondition(org.testng.ITestResult)[pri:0, instance:com.applect.meritnation.scripts.AsknAnswerTest@7cf4aaca]" name="postCondition" is-config="true" duration-ms="494" started-at="2018-07-25T12:50:20Z" finished-at="2018-07-25T12:50:20Z">
          <params>
            <param index="0">
              <value>
                <![CDATA[[TestResult name=TC_001_AskQuestionTest status=FAILURE method=AsknAnswerTest.TC_001_AskQuestionTest()[pri:0, instance:com.applect.meritnation.scripts.AsknAnswerTest@7cf4aaca] output={null}]]]>
              </value>
            </param>
          </params>
          <reporter-output>
            <line>
              <![CDATA[Screenshot has been taken]]>
            </line>
            <line>
              <![CDATA[Browser closed]]>
            </line>
          </reporter-output>
        </test-method> <!-- postCondition -->
        <test-method status="PASS" signature="preConditionMobileRegression(java.lang.String)[pri:0, instance:com.applect.meritnation.scripts.AsknAnswerTest@7cf4aaca]" name="preConditionMobileRegression" is-config="true" duration-ms="8787" started-at="2018-07-25T12:50:20Z" finished-at="2018-07-25T12:50:29Z">
          <params>
            <param index="0">
              <value>
                <![CDATA[chrome]]>
              </value>
            </param>
          </params>
          <reporter-output>
            <line>
              <![CDATA[Chrome Browser launches]]>
            </line>
            <line>
              <![CDATA[Navigate to the URL]]>
            </line>
          </reporter-output>
        </test-method> <!-- preConditionMobileRegression -->
        <test-method status="PASS" signature="TC_003_VerifyUserProfileFromRecommendedQuestionsTest()[pri:0, instance:com.applect.meritnation.scripts.AsknAnswerTest@7cf4aaca]" name="TC_003_VerifyUserProfileFromRecommendedQuestionsTest" duration-ms="32226" started-at="2018-07-25T12:50:29Z" finished-at="2018-07-25T12:51:01Z">
          <reporter-output>
          </reporter-output>
        </test-method> <!-- TC_003_VerifyUserProfileFromRecommendedQuestionsTest -->
        <test-method status="PASS" signature="postCondition(org.testng.ITestResult)[pri:0, instance:com.applect.meritnation.scripts.AsknAnswerTest@7cf4aaca]" name="postCondition" is-config="true" duration-ms="117" started-at="2018-07-25T12:51:01Z" finished-at="2018-07-25T12:51:01Z">
          <params>
            <param index="0">
              <value>
                <![CDATA[[TestResult name=TC_003_VerifyUserProfileFromRecommendedQuestionsTest status=SUCCESS method=AsknAnswerTest.TC_003_VerifyUserProfileFromRecommendedQuestionsTest()[pri:0, instance:com.applect.meritnation.scripts.AsknAnswerTest@7cf4aaca] output={null}]]]>
              </value>
            </param>
          </params>
          <reporter-output>
            <line>
              <![CDATA[Script passed]]>
            </line>
            <line>
              <![CDATA[Browser closed]]>
            </line>
          </reporter-output>
        </test-method> <!-- postCondition -->
      </class> <!-- com.applect.meritnation.scripts.AsknAnswerTest -->
      <class name="com.applect.meritnation.scripts.LoginTest">
        <test-method status="PASS" signature="preConditionMobileRegression(java.lang.String)[pri:0, instance:com.applect.meritnation.scripts.LoginTest@22f8f3dd]" name="preConditionMobileRegression" is-config="true" duration-ms="10861" started-at="2018-07-25T12:51:01Z" finished-at="2018-07-25T12:51:12Z">
          <params>
            <param index="0">
              <value>
                <![CDATA[chrome]]>
              </value>
            </param>
          </params>
          <reporter-output>
            <line>
              <![CDATA[Chrome Browser launches]]>
            </line>
            <line>
              <![CDATA[Navigate to the URL]]>
            </line>
          </reporter-output>
        </test-method> <!-- preConditionMobileRegression -->
        <test-method status="PASS" signature="TC_001_LoginTest()[pri:0, instance:com.applect.meritnation.scripts.LoginTest@22f8f3dd]" name="TC_001_LoginTest" duration-ms="24786" started-at="2018-07-25T12:51:12Z" finished-at="2018-07-25T12:51:37Z">
          <reporter-output>
          </reporter-output>
        </test-method> <!-- TC_001_LoginTest -->
        <test-method status="PASS" signature="postCondition(org.testng.ITestResult)[pri:0, instance:com.applect.meritnation.scripts.LoginTest@22f8f3dd]" name="postCondition" is-config="true" duration-ms="172" started-at="2018-07-25T12:51:37Z" finished-at="2018-07-25T12:51:37Z">
          <params>
            <param index="0">
              <value>
                <![CDATA[[TestResult name=TC_001_LoginTest status=SUCCESS method=LoginTest.TC_001_LoginTest()[pri:0, instance:com.applect.meritnation.scripts.LoginTest@22f8f3dd] output={null}]]]>
              </value>
            </param>
          </params>
          <reporter-output>
            <line>
              <![CDATA[Script passed]]>
            </line>
            <line>
              <![CDATA[Browser closed]]>
            </line>
          </reporter-output>
        </test-method> <!-- postCondition -->
      </class> <!-- com.applect.meritnation.scripts.LoginTest -->
      <class name="com.applect.meritnation.scripts.StudyTest">
        <test-method status="PASS" signature="preConditionMobileRegression(java.lang.String)[pri:0, instance:com.applect.meritnation.scripts.StudyTest@7441b1fd]" name="preConditionMobileRegression" is-config="true" duration-ms="9800" started-at="2018-07-25T12:36:01Z" finished-at="2018-07-25T12:36:11Z">
          <params>
            <param index="0">
              <value>
                <![CDATA[chrome]]>
              </value>
            </param>
          </params>
          <reporter-output>
            <line>
              <![CDATA[Chrome Browser launches]]>
            </line>
            <line>
              <![CDATA[Navigate to the URL]]>
            </line>
          </reporter-output>
        </test-method> <!-- preConditionMobileRegression -->
        <test-method status="PASS" signature="TC_001_VerifyStudyPhysicsPageTest()[pri:0, instance:com.applect.meritnation.scripts.StudyTest@7441b1fd]" name="TC_001_VerifyStudyPhysicsPageTest" duration-ms="161537" started-at="2018-07-25T12:36:11Z" finished-at="2018-07-25T12:38:52Z">
          <reporter-output>
          </reporter-output>
        </test-method> <!-- TC_001_VerifyStudyPhysicsPageTest -->
        <test-method status="PASS" signature="postCondition(org.testng.ITestResult)[pri:0, instance:com.applect.meritnation.scripts.StudyTest@7441b1fd]" name="postCondition" is-config="true" duration-ms="141" started-at="2018-07-25T12:38:52Z" finished-at="2018-07-25T12:38:52Z">
          <params>
            <param index="0">
              <value>
                <![CDATA[[TestResult name=TC_001_VerifyStudyPhysicsPageTest status=SUCCESS method=StudyTest.TC_001_VerifyStudyPhysicsPageTest()[pri:0, instance:com.applect.meritnation.scripts.StudyTest@7441b1fd] output={null}]]]>
              </value>
            </param>
          </params>
          <reporter-output>
            <line>
              <![CDATA[Script passed]]>
            </line>
            <line>
              <![CDATA[Browser closed]]>
            </line>
          </reporter-output>
        </test-method> <!-- postCondition -->
        <test-method status="PASS" signature="preConditionMobileRegression(java.lang.String)[pri:0, instance:com.applect.meritnation.scripts.StudyTest@7441b1fd]" name="preConditionMobileRegression" is-config="true" duration-ms="14451" started-at="2018-07-25T12:38:52Z" finished-at="2018-07-25T12:39:07Z">
          <params>
            <param index="0">
              <value>
                <![CDATA[chrome]]>
              </value>
            </param>
          </params>
          <reporter-output>
            <line>
              <![CDATA[Chrome Browser launches]]>
            </line>
            <line>
              <![CDATA[Navigate to the URL]]>
            </line>
          </reporter-output>
        </test-method> <!-- preConditionMobileRegression -->
        <test-method status="PASS" signature="TC_002_verifyStudyPhysicsTopicLiveClasssesTest()[pri:0, instance:com.applect.meritnation.scripts.StudyTest@7441b1fd]" name="TC_002_verifyStudyPhysicsTopicLiveClasssesTest" duration-ms="43191" started-at="2018-07-25T12:39:07Z" finished-at="2018-07-25T12:39:50Z">
          <reporter-output>
          </reporter-output>
        </test-method> <!-- TC_002_verifyStudyPhysicsTopicLiveClasssesTest -->
        <test-method status="PASS" signature="postCondition(org.testng.ITestResult)[pri:0, instance:com.applect.meritnation.scripts.StudyTest@7441b1fd]" name="postCondition" is-config="true" duration-ms="304" started-at="2018-07-25T12:39:50Z" finished-at="2018-07-25T12:39:50Z">
          <params>
            <param index="0">
              <value>
                <![CDATA[[TestResult name=TC_002_verifyStudyPhysicsTopicLiveClasssesTest status=SUCCESS method=StudyTest.TC_002_verifyStudyPhysicsTopicLiveClasssesTest()[pri:0, instance:com.applect.meritnation.scripts.StudyTest@7441b1fd] output={null}]]]>
              </value>
            </param>
          </params>
          <reporter-output>
            <line>
              <![CDATA[Script passed]]>
            </line>
            <line>
              <![CDATA[Browser closed]]>
            </line>
          </reporter-output>
        </test-method> <!-- postCondition -->
        <test-method status="PASS" signature="preConditionMobileRegression(java.lang.String)[pri:0, instance:com.applect.meritnation.scripts.StudyTest@7441b1fd]" name="preConditionMobileRegression" is-config="true" duration-ms="9081" started-at="2018-07-25T12:39:50Z" finished-at="2018-07-25T12:39:59Z">
          <params>
            <param index="0">
              <value>
                <![CDATA[chrome]]>
              </value>
            </param>
          </params>
          <reporter-output>
            <line>
              <![CDATA[Chrome Browser launches]]>
            </line>
            <line>
              <![CDATA[Navigate to the URL]]>
            </line>
          </reporter-output>
        </test-method> <!-- preConditionMobileRegression -->
        <test-method status="PASS" signature="TC_003_VerifyStudyPhysicsTopicConceptsTest()[pri:0, instance:com.applect.meritnation.scripts.StudyTest@7441b1fd]" name="TC_003_VerifyStudyPhysicsTopicConceptsTest" duration-ms="79540" started-at="2018-07-25T12:39:59Z" finished-at="2018-07-25T12:41:19Z">
          <reporter-output>
          </reporter-output>
        </test-method> <!-- TC_003_VerifyStudyPhysicsTopicConceptsTest -->
        <test-method status="PASS" signature="postCondition(org.testng.ITestResult)[pri:0, instance:com.applect.meritnation.scripts.StudyTest@7441b1fd]" name="postCondition" is-config="true" duration-ms="177" started-at="2018-07-25T12:41:19Z" finished-at="2018-07-25T12:41:19Z">
          <params>
            <param index="0">
              <value>
                <![CDATA[[TestResult name=TC_003_VerifyStudyPhysicsTopicConceptsTest status=SUCCESS method=StudyTest.TC_003_VerifyStudyPhysicsTopicConceptsTest()[pri:0, instance:com.applect.meritnation.scripts.StudyTest@7441b1fd] output={null}]]]>
              </value>
            </param>
          </params>
          <reporter-output>
            <line>
              <![CDATA[Script passed]]>
            </line>
            <line>
              <![CDATA[Browser closed]]>
            </line>
          </reporter-output>
        </test-method> <!-- postCondition -->
        <test-method status="PASS" signature="preConditionMobileRegression(java.lang.String)[pri:0, instance:com.applect.meritnation.scripts.StudyTest@7441b1fd]" name="preConditionMobileRegression" is-config="true" duration-ms="5814" started-at="2018-07-25T12:41:19Z" finished-at="2018-07-25T12:41:25Z">
          <params>
            <param index="0">
              <value>
                <![CDATA[chrome]]>
              </value>
            </param>
          </params>
          <reporter-output>
            <line>
              <![CDATA[Chrome Browser launches]]>
            </line>
            <line>
              <![CDATA[Navigate to the URL]]>
            </line>
          </reporter-output>
        </test-method> <!-- preConditionMobileRegression -->
        <test-method status="PASS" signature="TC_004_VerifyStudyPhysicsTopicPracticeTest()[pri:0, instance:com.applect.meritnation.scripts.StudyTest@7441b1fd]" name="TC_004_VerifyStudyPhysicsTopicPracticeTest" duration-ms="35147" started-at="2018-07-25T12:41:25Z" finished-at="2018-07-25T12:42:00Z">
          <reporter-output>
          </reporter-output>
        </test-method> <!-- TC_004_VerifyStudyPhysicsTopicPracticeTest -->
        <test-method status="PASS" signature="postCondition(org.testng.ITestResult)[pri:0, instance:com.applect.meritnation.scripts.StudyTest@7441b1fd]" name="postCondition" is-config="true" duration-ms="242" started-at="2018-07-25T12:42:00Z" finished-at="2018-07-25T12:42:00Z">
          <params>
            <param index="0">
              <value>
                <![CDATA[[TestResult name=TC_004_VerifyStudyPhysicsTopicPracticeTest status=SUCCESS method=StudyTest.TC_004_VerifyStudyPhysicsTopicPracticeTest()[pri:0, instance:com.applect.meritnation.scripts.StudyTest@7441b1fd] output={null}]]]>
              </value>
            </param>
          </params>
          <reporter-output>
            <line>
              <![CDATA[Script passed]]>
            </line>
            <line>
              <![CDATA[Browser closed]]>
            </line>
          </reporter-output>
        </test-method> <!-- postCondition -->
        <test-method status="PASS" signature="preConditionMobileRegression(java.lang.String)[pri:0, instance:com.applect.meritnation.scripts.StudyTest@7441b1fd]" name="preConditionMobileRegression" is-config="true" duration-ms="10248" started-at="2018-07-25T12:42:00Z" finished-at="2018-07-25T12:42:10Z">
          <params>
            <param index="0">
              <value>
                <![CDATA[chrome]]>
              </value>
            </param>
          </params>
          <reporter-output>
            <line>
              <![CDATA[Chrome Browser launches]]>
            </line>
            <line>
              <![CDATA[Navigate to the URL]]>
            </line>
          </reporter-output>
        </test-method> <!-- preConditionMobileRegression -->
        <test-method status="PASS" signature="TC_005_VerifyStudyPhysicsTopicAssignmentTest()[pri:0, instance:com.applect.meritnation.scripts.StudyTest@7441b1fd]" name="TC_005_VerifyStudyPhysicsTopicAssignmentTest" duration-ms="36899" started-at="2018-07-25T12:42:10Z" finished-at="2018-07-25T12:42:47Z">
          <reporter-output>
          </reporter-output>
        </test-method> <!-- TC_005_VerifyStudyPhysicsTopicAssignmentTest -->
        <test-method status="PASS" signature="postCondition(org.testng.ITestResult)[pri:0, instance:com.applect.meritnation.scripts.StudyTest@7441b1fd]" name="postCondition" is-config="true" duration-ms="252" started-at="2018-07-25T12:42:47Z" finished-at="2018-07-25T12:42:48Z">
          <params>
            <param index="0">
              <value>
                <![CDATA[[TestResult name=TC_005_VerifyStudyPhysicsTopicAssignmentTest status=SUCCESS method=StudyTest.TC_005_VerifyStudyPhysicsTopicAssignmentTest()[pri:0, instance:com.applect.meritnation.scripts.StudyTest@7441b1fd] output={null}]]]>
              </value>
            </param>
          </params>
          <reporter-output>
            <line>
              <![CDATA[Script passed]]>
            </line>
            <line>
              <![CDATA[Browser closed]]>
            </line>
          </reporter-output>
        </test-method> <!-- postCondition -->
        <test-method status="PASS" signature="preConditionMobileRegression(java.lang.String)[pri:0, instance:com.applect.meritnation.scripts.StudyTest@7441b1fd]" name="preConditionMobileRegression" is-config="true" duration-ms="9287" started-at="2018-07-25T12:42:48Z" finished-at="2018-07-25T12:42:57Z">
          <params>
            <param index="0">
              <value>
                <![CDATA[chrome]]>
              </value>
            </param>
          </params>
          <reporter-output>
            <line>
              <![CDATA[Chrome Browser launches]]>
            </line>
            <line>
              <![CDATA[Navigate to the URL]]>
            </line>
          </reporter-output>
        </test-method> <!-- preConditionMobileRegression -->
        <test-method status="PASS" signature="TC_006_VerifyStudyPhysicsTopicTestsTest()[pri:0, instance:com.applect.meritnation.scripts.StudyTest@7441b1fd]" name="TC_006_VerifyStudyPhysicsTopicTestsTest" duration-ms="32358" started-at="2018-07-25T12:42:57Z" finished-at="2018-07-25T12:43:29Z">
          <reporter-output>
          </reporter-output>
        </test-method> <!-- TC_006_VerifyStudyPhysicsTopicTestsTest -->
        <test-method status="PASS" signature="postCondition(org.testng.ITestResult)[pri:0, instance:com.applect.meritnation.scripts.StudyTest@7441b1fd]" name="postCondition" is-config="true" duration-ms="126" started-at="2018-07-25T12:43:29Z" finished-at="2018-07-25T12:43:29Z">
          <params>
            <param index="0">
              <value>
                <![CDATA[[TestResult name=TC_006_VerifyStudyPhysicsTopicTestsTest status=SUCCESS method=StudyTest.TC_006_VerifyStudyPhysicsTopicTestsTest()[pri:0, instance:com.applect.meritnation.scripts.StudyTest@7441b1fd] output={null}]]]>
              </value>
            </param>
          </params>
          <reporter-output>
            <line>
              <![CDATA[Script passed]]>
            </line>
            <line>
              <![CDATA[Browser closed]]>
            </line>
          </reporter-output>
        </test-method> <!-- postCondition -->
        <test-method status="PASS" signature="preConditionMobileRegression(java.lang.String)[pri:0, instance:com.applect.meritnation.scripts.StudyTest@7441b1fd]" name="preConditionMobileRegression" is-config="true" duration-ms="9233" started-at="2018-07-25T12:43:29Z" finished-at="2018-07-25T12:43:39Z">
          <params>
            <param index="0">
              <value>
                <![CDATA[chrome]]>
              </value>
            </param>
          </params>
          <reporter-output>
            <line>
              <![CDATA[Chrome Browser launches]]>
            </line>
            <line>
              <![CDATA[Navigate to the URL]]>
            </line>
          </reporter-output>
        </test-method> <!-- preConditionMobileRegression -->
        <test-method status="PASS" signature="TC_009_VerifyStudyPhysicsTopicRevisionNotesTest()[pri:0, instance:com.applect.meritnation.scripts.StudyTest@7441b1fd]" name="TC_009_VerifyStudyPhysicsTopicRevisionNotesTest" duration-ms="40633" started-at="2018-07-25T12:43:39Z" finished-at="2018-07-25T12:44:19Z">
          <reporter-output>
          </reporter-output>
        </test-method> <!-- TC_009_VerifyStudyPhysicsTopicRevisionNotesTest -->
        <test-method status="PASS" signature="postCondition(org.testng.ITestResult)[pri:0, instance:com.applect.meritnation.scripts.StudyTest@7441b1fd]" name="postCondition" is-config="true" duration-ms="275" started-at="2018-07-25T12:44:19Z" finished-at="2018-07-25T12:44:20Z">
          <params>
            <param index="0">
              <value>
                <![CDATA[[TestResult name=TC_009_VerifyStudyPhysicsTopicRevisionNotesTest status=SUCCESS method=StudyTest.TC_009_VerifyStudyPhysicsTopicRevisionNotesTest()[pri:0, instance:com.applect.meritnation.scripts.StudyTest@7441b1fd] output={null}]]]>
              </value>
            </param>
          </params>
          <reporter-output>
            <line>
              <![CDATA[Script passed]]>
            </line>
            <line>
              <![CDATA[Browser closed]]>
            </line>
          </reporter-output>
        </test-method> <!-- postCondition -->
        <test-method status="PASS" signature="preConditionMobileRegression(java.lang.String)[pri:0, instance:com.applect.meritnation.scripts.StudyTest@7441b1fd]" name="preConditionMobileRegression" is-config="true" duration-ms="9302" started-at="2018-07-25T12:44:20Z" finished-at="2018-07-25T12:44:29Z">
          <params>
            <param index="0">
              <value>
                <![CDATA[chrome]]>
              </value>
            </param>
          </params>
          <reporter-output>
            <line>
              <![CDATA[Chrome Browser launches]]>
            </line>
            <line>
              <![CDATA[Navigate to the URL]]>
            </line>
          </reporter-output>
        </test-method> <!-- preConditionMobileRegression -->
        <test-method status="PASS" signature="TC_010_VerifyStudyPhysicsTopicBoardPaperQuestionsTest()[pri:0, instance:com.applect.meritnation.scripts.StudyTest@7441b1fd]" name="TC_010_VerifyStudyPhysicsTopicBoardPaperQuestionsTest" duration-ms="25940" started-at="2018-07-25T12:44:29Z" finished-at="2018-07-25T12:44:55Z">
          <reporter-output>
          </reporter-output>
        </test-method> <!-- TC_010_VerifyStudyPhysicsTopicBoardPaperQuestionsTest -->
        <test-method status="PASS" signature="postCondition(org.testng.ITestResult)[pri:0, instance:com.applect.meritnation.scripts.StudyTest@7441b1fd]" name="postCondition" is-config="true" duration-ms="192" started-at="2018-07-25T12:44:55Z" finished-at="2018-07-25T12:44:55Z">
          <params>
            <param index="0">
              <value>
                <![CDATA[[TestResult name=TC_010_VerifyStudyPhysicsTopicBoardPaperQuestionsTest status=SUCCESS method=StudyTest.TC_010_VerifyStudyPhysicsTopicBoardPaperQuestionsTest()[pri:0, instance:com.applect.meritnation.scripts.StudyTest@7441b1fd] output={null}]]]>
              </value>
            </param>
          </params>
          <reporter-output>
            <line>
              <![CDATA[Script passed]]>
            </line>
            <line>
              <![CDATA[Browser closed]]>
            </line>
          </reporter-output>
        </test-method> <!-- postCondition -->
        <test-method status="PASS" signature="preConditionMobileRegression(java.lang.String)[pri:0, instance:com.applect.meritnation.scripts.StudyTest@7441b1fd]" name="preConditionMobileRegression" is-config="true" duration-ms="8758" started-at="2018-07-25T12:44:55Z" finished-at="2018-07-25T12:45:04Z">
          <params>
            <param index="0">
              <value>
                <![CDATA[chrome]]>
              </value>
            </param>
          </params>
          <reporter-output>
            <line>
              <![CDATA[Chrome Browser launches]]>
            </line>
            <line>
              <![CDATA[Navigate to the URL]]>
            </line>
          </reporter-output>
        </test-method> <!-- preConditionMobileRegression -->
        <test-method status="PASS" signature="TC_011_VerifyStudyPhysicsTopicFormativeAssesmentTest()[pri:0, instance:com.applect.meritnation.scripts.StudyTest@7441b1fd]" name="TC_011_VerifyStudyPhysicsTopicFormativeAssesmentTest" duration-ms="39333" started-at="2018-07-25T12:45:04Z" finished-at="2018-07-25T12:45:43Z">
          <reporter-output>
          </reporter-output>
        </test-method> <!-- TC_011_VerifyStudyPhysicsTopicFormativeAssesmentTest -->
        <test-method status="PASS" signature="postCondition(org.testng.ITestResult)[pri:0, instance:com.applect.meritnation.scripts.StudyTest@7441b1fd]" name="postCondition" is-config="true" duration-ms="189" started-at="2018-07-25T12:45:43Z" finished-at="2018-07-25T12:45:43Z">
          <params>
            <param index="0">
              <value>
                <![CDATA[[TestResult name=TC_011_VerifyStudyPhysicsTopicFormativeAssesmentTest status=SUCCESS method=StudyTest.TC_011_VerifyStudyPhysicsTopicFormativeAssesmentTest()[pri:0, instance:com.applect.meritnation.scripts.StudyTest@7441b1fd] output={null}]]]>
              </value>
            </param>
          </params>
          <reporter-output>
            <line>
              <![CDATA[Script passed]]>
            </line>
            <line>
              <![CDATA[Browser closed]]>
            </line>
          </reporter-output>
        </test-method> <!-- postCondition -->
        <test-method status="PASS" signature="preConditionMobileRegression(java.lang.String)[pri:0, instance:com.applect.meritnation.scripts.StudyTest@7441b1fd]" name="preConditionMobileRegression" is-config="true" duration-ms="10600" started-at="2018-07-25T12:45:43Z" finished-at="2018-07-25T12:45:54Z">
          <params>
            <param index="0">
              <value>
                <![CDATA[chrome]]>
              </value>
            </param>
          </params>
          <reporter-output>
            <line>
              <![CDATA[Chrome Browser launches]]>
            </line>
            <line>
              <![CDATA[Navigate to the URL]]>
            </line>
          </reporter-output>
        </test-method> <!-- preConditionMobileRegression -->
        <test-method status="PASS" signature="TC_053_VerifyBoardPapterSolutionTest()[pri:0, instance:com.applect.meritnation.scripts.StudyTest@7441b1fd]" name="TC_053_VerifyBoardPapterSolutionTest" duration-ms="149905" started-at="2018-07-25T12:45:54Z" finished-at="2018-07-25T12:48:24Z">
          <reporter-output>
          </reporter-output>
        </test-method> <!-- TC_053_VerifyBoardPapterSolutionTest -->
        <test-method status="PASS" signature="postCondition(org.testng.ITestResult)[pri:0, instance:com.applect.meritnation.scripts.StudyTest@7441b1fd]" name="postCondition" is-config="true" duration-ms="192" started-at="2018-07-25T12:48:24Z" finished-at="2018-07-25T12:48:24Z">
          <params>
            <param index="0">
              <value>
                <![CDATA[[TestResult name=TC_053_VerifyBoardPapterSolutionTest status=SUCCESS method=StudyTest.TC_053_VerifyBoardPapterSolutionTest()[pri:0, instance:com.applect.meritnation.scripts.StudyTest@7441b1fd] output={null}]]]>
              </value>
            </param>
          </params>
          <reporter-output>
            <line>
              <![CDATA[Script passed]]>
            </line>
            <line>
              <![CDATA[Browser closed]]>
            </line>
          </reporter-output>
        </test-method> <!-- postCondition -->
      </class> <!-- com.applect.meritnation.scripts.StudyTest -->
    </test> <!-- Meritnation Web Regression -->
    <test name="Meritnation Mobile Web Regression" duration-ms="36693" started-at="2018-07-25T07:21:37Z" finished-at="2018-07-25T07:22:14Z">
      <class name="com.applect.meritnationmobile.scripts.MobileLoginTest">
        <test-method status="PASS" signature="deleteOutputDirectory()[pri:0, instance:com.applect.meritnationmobile.scripts.MobileLoginTest@2119e04f]" name="deleteOutputDirectory" is-config="true" duration-ms="20" started-at="2018-07-25T12:36:01Z" finished-at="2018-07-25T12:36:01Z">
          <reporter-output>
          </reporter-output>
        </test-method> <!-- deleteOutputDirectory -->
        <test-method status="PASS" signature="precondition(java.lang.String)[pri:0, instance:com.applect.meritnationmobile.scripts.MobileLoginTest@2119e04f]" name="precondition" is-config="true" duration-ms="5412" started-at="2018-07-25T12:51:37Z" finished-at="2018-07-25T12:51:42Z">
          <params>
            <param index="0">
              <value>
                <![CDATA[chrome]]>
              </value>
            </param>
          </params>
          <reporter-output>
            <line>
              <![CDATA[Chrome Browser launches]]>
            </line>
            <line>
              <![CDATA[Navigate to the URL]]>
            </line>
          </reporter-output>
        </test-method> <!-- precondition -->
        <test-method status="PASS" signature="TC_001_VerifyValidLogin()[pri:0, instance:com.applect.meritnationmobile.scripts.MobileLoginTest@2119e04f]" name="TC_001_VerifyValidLogin" duration-ms="31208" started-at="2018-07-25T12:51:42Z" finished-at="2018-07-25T12:52:14Z">
          <reporter-output>
          </reporter-output>
        </test-method> <!-- TC_001_VerifyValidLogin -->
        <test-method status="PASS" signature="postCondition(org.testng.ITestResult)[pri:0, instance:com.applect.meritnationmobile.scripts.MobileLoginTest@2119e04f]" name="postCondition" is-config="true" duration-ms="68" started-at="2018-07-25T12:52:14Z" finished-at="2018-07-25T12:52:14Z">
          <params>
            <param index="0">
              <value>
                <![CDATA[[TestResult name=TC_001_VerifyValidLogin status=SUCCESS method=MobileLoginTest.TC_001_VerifyValidLogin()[pri:0, instance:com.applect.meritnationmobile.scripts.MobileLoginTest@2119e04f] output={null}]]]>
              </value>
            </param>
          </params>
          <reporter-output>
            <line>
              <![CDATA[Script passed]]>
            </line>
            <line>
              <![CDATA[Browser closed]]>
            </line>
          </reporter-output>
        </test-method> <!-- postCondition -->
        <test-method status="FAIL" signature="sendEmail()[pri:0, instance:com.applect.meritnationmobile.scripts.MobileLoginTest@2119e04f]" name="sendEmail" is-config="true" duration-ms="0" started-at="2018-07-25T12:52:14Z" finished-at="2018-07-25T12:52:14Z">
          <exception class="java.lang.RuntimeException">
            <message>
              <![CDATA[javax.mail.SendFailedException: Sending failed;
  nested exception is:
	class javax.mail.AuthenticationFailedException]]>
            </message>
            <full-stacktrace>
              <![CDATA[java.lang.RuntimeException: javax.mail.SendFailedException: Sending failed;
  nested exception is:
	class javax.mail.AuthenticationFailedException
	at com.applect.meritnation.pageobject.BasePage.sendEmail(BasePage.java:503)
	at com.applect.meritnation.generic.BaseLib.sendEmail(BaseLib.java:248)
	at sun.reflect.NativeMethodAccessorImpl.invoke0(Native Method)
	at sun.reflect.NativeMethodAccessorImpl.invoke(NativeMethodAccessorImpl.java:57)
	at sun.reflect.DelegatingMethodAccessorImpl.invoke(DelegatingMethodAccessorImpl.java:43)
	at java.lang.reflect.Method.invoke(Method.java:606)
	at org.testng.internal.MethodInvocationHelper.invokeMethod(MethodInvocationHelper.java:85)
	at org.testng.internal.Invoker.invokeConfigurationMethod(Invoker.java:510)
	at org.testng.internal.Invoker.invokeConfigurations(Invoker.java:211)
	at org.testng.internal.Invoker.invokeConfigurations(Invoker.java:138)
	at org.testng.SuiteRunner.privateRun(SuiteRunner.java:329)
	at org.testng.SuiteRunner.run(SuiteRunner.java:261)
	at org.testng.SuiteRunnerWorker.runSuite(SuiteRunnerWorker.java:52)
	at org.testng.SuiteRunnerWorker.run(SuiteRunnerWorker.java:86)
	at org.testng.TestNG.runSuitesSequentially(TestNG.java:1215)
	at org.testng.TestNG.runSuitesLocally(TestNG.java:1140)
	at org.testng.TestNG.run(TestNG.java:1048)
	at org.testng.remote.AbstractRemoteTestNG.run(AbstractRemoteTestNG.java:114)
	at org.testng.remote.RemoteTestNG.initAndRun(RemoteTestNG.java:251)
	at org.testng.remote.RemoteTestNG.main(RemoteTestNG.java:77)
Caused by: javax.mail.SendFailedException: Sending failed;
  nested exception is:
	class javax.mail.AuthenticationFailedException
	at javax.mail.Transport.send0(Transport.java:218)
	at javax.mail.Transport.send(Transport.java:80)
	at com.applect.meritnation.pageobject.BasePage.sendEmail(BasePage.java:499)
	... 19 more
]]>
            </full-stacktrace>
          </exception> <!-- java.lang.RuntimeException -->
          <reporter-output>
          </reporter-output>
        </test-method> <!-- sendEmail -->
      </class> <!-- com.applect.meritnationmobile.scripts.MobileLoginTest -->
    </test> <!-- Meritnation Mobile Web Regression -->
  </suite> <!-- Main Test Suite -->
</testng-results>
