<html>
<head>
<title>TestNG:  FirefoxTest</title>
<link href="../testng.css" rel="stylesheet" type="text/css" />
<link href="../my-testng.css" rel="stylesheet" type="text/css" />

<style type="text/css">
.log { display: none;} 
.stack-trace { display: none;} 
</style>
<script type="text/javascript">
<!--
function flip(e) {
  current = e.style.display;
  if (current == 'block') {
    e.style.display = 'none';
    return 0;
  }
  else {
    e.style.display = 'block';
    return 1;
  }
}

function toggleBox(szDivId, elem, msg1, msg2)
{
  var res = -1;  if (document.getElementById) {
    res = flip(document.getElementById(szDivId));
  }
  else if (document.all) {
    // this is the way old msie versions work
    res = flip(document.all[szDivId]);
  }
  if(elem) {
    if(res == 0) elem.innerHTML = msg1; else elem.innerHTML = msg2;
  }

}

function toggleAllBoxes() {
  if (document.getElementsByTagName) {
    d = document.getElementsByTagName('div');
    for (i = 0; i < d.length; i++) {
      if (d[i].className == 'log') {
        flip(d[i]);
      }
    }
  }
}

// -->
</script>

</head>
<body>
<h2 align='center'>FirefoxTest</h2><table border='1' align="center">
<tr>
<td>Tests passed/Failed/Skipped:</td><td>0/0/15</td>
</tr><tr>
<td>Started on:</td><td>Mon Aug 20 16:18:14 IST 2018</td>
</tr>
<tr><td>Total time:</td><td>1 seconds (1152 ms)</td>
</tr><tr>
<td>Included groups:</td><td>Regression </td>
</tr><tr>
<td>Excluded groups:</td><td></td>
</tr>
</table><p/>
<small><i>(Hover the method name to see the test class name)</i></small><p/>
<table width='100%' border='1' class='invocation-failed'>
<tr><td colspan='4' align='center'><b>FAILED CONFIGURATIONS</b></td></tr>
<tr><td><b>Test method</b></td>
<td width="30%"><b>Exception</b></td>
<td width="10%"><b>Time (seconds)</b></td>
<td><b>Instance</b></td>
</tr>
<tr>
<td title='com.applect.meritnation.scripts.CreateAccountTest.preConditionWeb()'><b>preConditionWeb</b><br>Test class: com.applect.meritnation.scripts.CreateAccountTest<br>Parameters: firefox</td>
<td><div><pre>org.openqa.selenium.remote.UnreachableBrowserException: Could not start a new session. Possible causes are invalid address of the remote server or browser start-up failure.
Build info: version: &apos;2.53.1&apos;, revision: &apos;a36b8b1&apos;, time: &apos;2016-06-30 17:37:03&apos;
System info: host: &apos;58-s07&apos;, ip: &apos;127.0.1.1&apos;, os.name: &apos;Linux&apos;, os.arch: &apos;amd64&apos;, os.version: &apos;3.19.0-25-generic&apos;, java.version: &apos;1.7.0_151&apos;
Driver info: driver.version: RemoteWebDriver
	at org.openqa.selenium.remote.RemoteWebDriver.execute(RemoteWebDriver.java:665)
	at org.openqa.selenium.remote.RemoteWebDriver.startSession(RemoteWebDriver.java:249)
	at org.openqa.selenium.remote.RemoteWebDriver.&lt;init&gt;(RemoteWebDriver.java:131)
	at org.openqa.selenium.remote.RemoteWebDriver.&lt;init&gt;(RemoteWebDriver.java:158)
	at com.applect.meritnation.generic.BaseLib.preConditionWeb(BaseLib.java:123)
	at java.util.concurrent.FutureTask.run(FutureTask.java:262)
	at java.util.concurrent.ThreadPoolExecutor.runWorker(ThreadPoolExecutor.java:1152)
	at java.util.concurrent.ThreadPoolExecutor$Worker.run(ThreadPoolExecutor.java:622)
	at java.lang.Thread.run(Thread.java:748)
Caused by: org.apache.http.conn.HttpHostConnectException: Connect to 10.0.2.83:6666 [/10.0.2.83] failed: Connection refused (Connection refused)
	at org.apache.http.impl.conn.DefaultHttpClientConnectionOperator.connect(DefaultHttpClientConnectionOperator.java:151)
	at org.apache.http.impl.conn.PoolingHttpClientConnectionManager.connect(PoolingHttpClientConnectionManager.java:353)
	at org.apache.http.impl.execchain.MainClientExec.establishRoute(MainClientExec.java:380)
	at org.apache.http.impl.execchain.MainClientExec.execute(MainClientExec.java:236)
	at org.apache.http.impl.execchain.ProtocolExec.execute(ProtocolExec.java:184)
	at org.apache.http.impl.execchain.RetryExec.execute(RetryExec.java:88)
	at org.apache.http.impl.execchain.RedirectExec.execute(RedirectExec.java:110)
	at org.apache.http.impl.client.InternalHttpClient.doExecute(InternalHttpClient.java:184)
	at org.apache.http.impl.client.CloseableHttpClient.execute(CloseableHttpClient.java:71)
	at org.apache.http.impl.client.CloseableHttpClient.execute(CloseableHttpClient.java:55)
	at org.openqa.selenium.remote.internal.ApacheHttpClient.fallBackExecute(ApacheHttpClient.java:144)
	at org.openqa.selenium.remote.internal.ApacheHttpClient.execute(ApacheHttpClient.java:90)
	at org.openqa.selenium.remote.HttpCommandExecutor.execute(HttpCommandExecutor.java:142)
	at org.openqa.selenium.remote.RemoteWebDriver.execute(RemoteWebDriver.java:644)
	... 26 more
Caused by: java.net.ConnectException: Connection refused (Connection refused)
	at java.net.PlainSocketImpl.socketConnect(Native Method)
	at java.net.AbstractPlainSocketImpl.doConnect(AbstractPlainSocketImpl.java:339)
	at java.net.AbstractPlainSocketImpl.connectToAddress(AbstractPlainSocketImpl.java:200)
	at java.net.AbstractPlainSocketImpl.connect(AbstractPlainSocketImpl.java:182)
	at java.net.SocksSocketImpl.connect(SocksSocketImpl.java:392)
	at java.net.Socket.connect(Socket.java:580)
	at org.apache.http.conn.socket.PlainConnectionSocketFactory.connectSocket(PlainConnectionSocketFactory.java:74)
	at org.apache.http.impl.conn.DefaultHttpClientConnectionOperator.connect(DefaultHttpClientConnectionOperator.java:134)
	... 39 more
... Removed 18 stack frames</pre></div><a href='#' onClick='toggleBox("stack-trace1608041016", this, "Click to show all stack frames", "Click to hide stack frames")'>Click to show all stack frames</a>
<div class='stack-trace' id='stack-trace1608041016'><pre>org.openqa.selenium.remote.UnreachableBrowserException: Could not start a new session. Possible causes are invalid address of the remote server or browser start-up failure.
Build info: version: &apos;2.53.1&apos;, revision: &apos;a36b8b1&apos;, time: &apos;2016-06-30 17:37:03&apos;
System info: host: &apos;58-s07&apos;, ip: &apos;127.0.1.1&apos;, os.name: &apos;Linux&apos;, os.arch: &apos;amd64&apos;, os.version: &apos;3.19.0-25-generic&apos;, java.version: &apos;1.7.0_151&apos;
Driver info: driver.version: RemoteWebDriver
	at org.openqa.selenium.remote.RemoteWebDriver.execute(RemoteWebDriver.java:665)
	at org.openqa.selenium.remote.RemoteWebDriver.startSession(RemoteWebDriver.java:249)
	at org.openqa.selenium.remote.RemoteWebDriver.&lt;init&gt;(RemoteWebDriver.java:131)
	at org.openqa.selenium.remote.RemoteWebDriver.&lt;init&gt;(RemoteWebDriver.java:158)
	at com.applect.meritnation.generic.BaseLib.preConditionWeb(BaseLib.java:123)
	at sun.reflect.NativeMethodAccessorImpl.invoke0(Native Method)
	at sun.reflect.NativeMethodAccessorImpl.invoke(NativeMethodAccessorImpl.java:57)
	at sun.reflect.DelegatingMethodAccessorImpl.invoke(DelegatingMethodAccessorImpl.java:43)
	at java.lang.reflect.Method.invoke(Method.java:606)
	at org.testng.internal.MethodInvocationHelper.invokeMethod(MethodInvocationHelper.java:85)
	at org.testng.internal.Invoker.invokeConfigurationMethod(Invoker.java:510)
	at org.testng.internal.Invoker.invokeConfigurations(Invoker.java:211)
	at org.testng.internal.Invoker.invokeMethod(Invoker.java:585)
	at org.testng.internal.Invoker.invokeTestMethod(Invoker.java:816)
	at org.testng.internal.Invoker.invokeTestMethods(Invoker.java:1124)
	at org.testng.internal.TestMethodWorker.invokeTestMethods(TestMethodWorker.java:125)
	at org.testng.internal.TestMethodWorker.run(TestMethodWorker.java:108)
	at org.testng.TestRunner.privateRun(TestRunner.java:774)
	at org.testng.TestRunner.run(TestRunner.java:624)
	at org.testng.SuiteRunner.runTest(SuiteRunner.java:359)
	at org.testng.SuiteRunner.access$000(SuiteRunner.java:39)
	at org.testng.SuiteRunner$SuiteWorker.run(SuiteRunner.java:393)
	at org.testng.internal.thread.ThreadUtil$2.call(ThreadUtil.java:64)
	at java.util.concurrent.FutureTask.run(FutureTask.java:262)
	at java.util.concurrent.ThreadPoolExecutor.runWorker(ThreadPoolExecutor.java:1152)
	at java.util.concurrent.ThreadPoolExecutor$Worker.run(ThreadPoolExecutor.java:622)
	at java.lang.Thread.run(Thread.java:748)
Caused by: org.apache.http.conn.HttpHostConnectException: Connect to 10.0.2.83:6666 [/10.0.2.83] failed: Connection refused (Connection refused)
	at org.apache.http.impl.conn.DefaultHttpClientConnectionOperator.connect(DefaultHttpClientConnectionOperator.java:151)
	at org.apache.http.impl.conn.PoolingHttpClientConnectionManager.connect(PoolingHttpClientConnectionManager.java:353)
	at org.apache.http.impl.execchain.MainClientExec.establishRoute(MainClientExec.java:380)
	at org.apache.http.impl.execchain.MainClientExec.execute(MainClientExec.java:236)
	at org.apache.http.impl.execchain.ProtocolExec.execute(ProtocolExec.java:184)
	at org.apache.http.impl.execchain.RetryExec.execute(RetryExec.java:88)
	at org.apache.http.impl.execchain.RedirectExec.execute(RedirectExec.java:110)
	at org.apache.http.impl.client.InternalHttpClient.doExecute(InternalHttpClient.java:184)
	at org.apache.http.impl.client.CloseableHttpClient.execute(CloseableHttpClient.java:71)
	at org.apache.http.impl.client.CloseableHttpClient.execute(CloseableHttpClient.java:55)
	at org.openqa.selenium.remote.internal.ApacheHttpClient.fallBackExecute(ApacheHttpClient.java:144)
	at org.openqa.selenium.remote.internal.ApacheHttpClient.execute(ApacheHttpClient.java:90)
	at org.openqa.selenium.remote.HttpCommandExecutor.execute(HttpCommandExecutor.java:142)
	at org.openqa.selenium.remote.RemoteWebDriver.execute(RemoteWebDriver.java:644)
	... 26 more
Caused by: java.net.ConnectException: Connection refused (Connection refused)
	at java.net.PlainSocketImpl.socketConnect(Native Method)
	at java.net.AbstractPlainSocketImpl.doConnect(AbstractPlainSocketImpl.java:339)
	at java.net.AbstractPlainSocketImpl.connectToAddress(AbstractPlainSocketImpl.java:200)
	at java.net.AbstractPlainSocketImpl.connect(AbstractPlainSocketImpl.java:182)
	at java.net.SocksSocketImpl.connect(SocksSocketImpl.java:392)
	at java.net.Socket.connect(Socket.java:580)
	at org.apache.http.conn.socket.PlainConnectionSocketFactory.connectSocket(PlainConnectionSocketFactory.java:74)
	at org.apache.http.impl.conn.DefaultHttpClientConnectionOperator.connect(DefaultHttpClientConnectionOperator.java:134)
	... 39 more
</pre></div></td>
<td>0</td>
<td>com.applect.meritnation.scripts.CreateAccountTest@678e4593</td></tr>
<tr>
<td title='com.applect.meritnation.scripts.CreateAccountTest.postCondition()'><b>postCondition</b><br>Test class: com.applect.meritnation.scripts.CreateAccountTest<br>Parameters: [TestResult name=TC_001_CreateAccountTest status=SKIP method=CreateAccountTest.TC_001_CreateAccountTest()[pri:0, instance:com.applect.meritnation.scripts.CreateAccountTest@678e4593] output={null}]</td>
<td><div><pre>java.lang.NullPointerException
	at com.applect.meritnation.generic.BaseLib.postCondition(BaseLib.java:271)
	at java.util.concurrent.FutureTask.run(FutureTask.java:262)
	at java.util.concurrent.ThreadPoolExecutor.runWorker(ThreadPoolExecutor.java:1152)
	at java.util.concurrent.ThreadPoolExecutor$Worker.run(ThreadPoolExecutor.java:622)
	at java.lang.Thread.run(Thread.java:748)
... Removed 18 stack frames</pre></div><a href='#' onClick='toggleBox("stack-trace1432774630", this, "Click to show all stack frames", "Click to hide stack frames")'>Click to show all stack frames</a>
<div class='stack-trace' id='stack-trace1432774630'><pre>java.lang.NullPointerException
	at com.applect.meritnation.generic.BaseLib.postCondition(BaseLib.java:271)
	at sun.reflect.NativeMethodAccessorImpl.invoke0(Native Method)
	at sun.reflect.NativeMethodAccessorImpl.invoke(NativeMethodAccessorImpl.java:57)
	at sun.reflect.DelegatingMethodAccessorImpl.invoke(DelegatingMethodAccessorImpl.java:43)
	at java.lang.reflect.Method.invoke(Method.java:606)
	at org.testng.internal.MethodInvocationHelper.invokeMethod(MethodInvocationHelper.java:85)
	at org.testng.internal.Invoker.invokeConfigurationMethod(Invoker.java:510)
	at org.testng.internal.Invoker.invokeConfigurations(Invoker.java:211)
	at org.testng.internal.Invoker.invokeMethod(Invoker.java:703)
	at org.testng.internal.Invoker.invokeTestMethod(Invoker.java:816)
	at org.testng.internal.Invoker.invokeTestMethods(Invoker.java:1124)
	at org.testng.internal.TestMethodWorker.invokeTestMethods(TestMethodWorker.java:125)
	at org.testng.internal.TestMethodWorker.run(TestMethodWorker.java:108)
	at org.testng.TestRunner.privateRun(TestRunner.java:774)
	at org.testng.TestRunner.run(TestRunner.java:624)
	at org.testng.SuiteRunner.runTest(SuiteRunner.java:359)
	at org.testng.SuiteRunner.access$000(SuiteRunner.java:39)
	at org.testng.SuiteRunner$SuiteWorker.run(SuiteRunner.java:393)
	at org.testng.internal.thread.ThreadUtil$2.call(ThreadUtil.java:64)
	at java.util.concurrent.FutureTask.run(FutureTask.java:262)
	at java.util.concurrent.ThreadPoolExecutor.runWorker(ThreadPoolExecutor.java:1152)
	at java.util.concurrent.ThreadPoolExecutor$Worker.run(ThreadPoolExecutor.java:622)
	at java.lang.Thread.run(Thread.java:748)
</pre></div></td>
<td>0</td>
<td>com.applect.meritnation.scripts.CreateAccountTest@678e4593</td></tr>
<tr>
<td title='com.applect.meritnation.scripts.SearchTest.postCondition()'><b>postCondition</b><br>Test class: com.applect.meritnation.scripts.SearchTest<br>Parameters: [TestResult name=TC_001_SearchTest status=SKIP method=SearchTest.TC_001_SearchTest()[pri:0, instance:com.applect.meritnation.scripts.SearchTest@2d79eb02] output={null}]</td>
<td><div><pre>java.lang.NullPointerException
	at com.applect.meritnation.generic.BaseLib.postCondition(BaseLib.java:271)
	at java.util.concurrent.FutureTask.run(FutureTask.java:262)
	at java.util.concurrent.ThreadPoolExecutor.runWorker(ThreadPoolExecutor.java:1152)
	at java.util.concurrent.ThreadPoolExecutor$Worker.run(ThreadPoolExecutor.java:622)
	at java.lang.Thread.run(Thread.java:748)
... Removed 18 stack frames</pre></div><a href='#' onClick='toggleBox("stack-trace141886909", this, "Click to show all stack frames", "Click to hide stack frames")'>Click to show all stack frames</a>
<div class='stack-trace' id='stack-trace141886909'><pre>java.lang.NullPointerException
	at com.applect.meritnation.generic.BaseLib.postCondition(BaseLib.java:271)
	at sun.reflect.NativeMethodAccessorImpl.invoke0(Native Method)
	at sun.reflect.NativeMethodAccessorImpl.invoke(NativeMethodAccessorImpl.java:57)
	at sun.reflect.DelegatingMethodAccessorImpl.invoke(DelegatingMethodAccessorImpl.java:43)
	at java.lang.reflect.Method.invoke(Method.java:606)
	at org.testng.internal.MethodInvocationHelper.invokeMethod(MethodInvocationHelper.java:85)
	at org.testng.internal.Invoker.invokeConfigurationMethod(Invoker.java:510)
	at org.testng.internal.Invoker.invokeConfigurations(Invoker.java:211)
	at org.testng.internal.Invoker.invokeMethod(Invoker.java:703)
	at org.testng.internal.Invoker.invokeTestMethod(Invoker.java:816)
	at org.testng.internal.Invoker.invokeTestMethods(Invoker.java:1124)
	at org.testng.internal.TestMethodWorker.invokeTestMethods(TestMethodWorker.java:125)
	at org.testng.internal.TestMethodWorker.run(TestMethodWorker.java:108)
	at org.testng.TestRunner.privateRun(TestRunner.java:774)
	at org.testng.TestRunner.run(TestRunner.java:624)
	at org.testng.SuiteRunner.runTest(SuiteRunner.java:359)
	at org.testng.SuiteRunner.access$000(SuiteRunner.java:39)
	at org.testng.SuiteRunner$SuiteWorker.run(SuiteRunner.java:393)
	at org.testng.internal.thread.ThreadUtil$2.call(ThreadUtil.java:64)
	at java.util.concurrent.FutureTask.run(FutureTask.java:262)
	at java.util.concurrent.ThreadPoolExecutor.runWorker(ThreadPoolExecutor.java:1152)
	at java.util.concurrent.ThreadPoolExecutor$Worker.run(ThreadPoolExecutor.java:622)
	at java.lang.Thread.run(Thread.java:748)
</pre></div></td>
<td>0</td>
<td>com.applect.meritnation.scripts.SearchTest@2d79eb02</td></tr>
<tr>
<td title='com.applect.meritnation.scripts.LoginTest.postCondition()'><b>postCondition</b><br>Test class: com.applect.meritnation.scripts.LoginTest<br>Parameters: [TestResult name=TC_001_LoginTest status=SKIP method=LoginTest.TC_001_LoginTest()[pri:0, instance:com.applect.meritnation.scripts.LoginTest@1f33e7a1] output={null}]</td>
<td><div><pre>java.lang.NullPointerException
	at com.applect.meritnation.generic.BaseLib.postCondition(BaseLib.java:271)
	at java.util.concurrent.FutureTask.run(FutureTask.java:262)
	at java.util.concurrent.ThreadPoolExecutor.runWorker(ThreadPoolExecutor.java:1152)
	at java.util.concurrent.ThreadPoolExecutor$Worker.run(ThreadPoolExecutor.java:622)
	at java.lang.Thread.run(Thread.java:748)
... Removed 18 stack frames</pre></div><a href='#' onClick='toggleBox("stack-trace1140443619", this, "Click to show all stack frames", "Click to hide stack frames")'>Click to show all stack frames</a>
<div class='stack-trace' id='stack-trace1140443619'><pre>java.lang.NullPointerException
	at com.applect.meritnation.generic.BaseLib.postCondition(BaseLib.java:271)
	at sun.reflect.NativeMethodAccessorImpl.invoke0(Native Method)
	at sun.reflect.NativeMethodAccessorImpl.invoke(NativeMethodAccessorImpl.java:57)
	at sun.reflect.DelegatingMethodAccessorImpl.invoke(DelegatingMethodAccessorImpl.java:43)
	at java.lang.reflect.Method.invoke(Method.java:606)
	at org.testng.internal.MethodInvocationHelper.invokeMethod(MethodInvocationHelper.java:85)
	at org.testng.internal.Invoker.invokeConfigurationMethod(Invoker.java:510)
	at org.testng.internal.Invoker.invokeConfigurations(Invoker.java:211)
	at org.testng.internal.Invoker.invokeMethod(Invoker.java:703)
	at org.testng.internal.Invoker.invokeTestMethod(Invoker.java:816)
	at org.testng.internal.Invoker.invokeTestMethods(Invoker.java:1124)
	at org.testng.internal.TestMethodWorker.invokeTestMethods(TestMethodWorker.java:125)
	at org.testng.internal.TestMethodWorker.run(TestMethodWorker.java:108)
	at org.testng.TestRunner.privateRun(TestRunner.java:774)
	at org.testng.TestRunner.run(TestRunner.java:624)
	at org.testng.SuiteRunner.runTest(SuiteRunner.java:359)
	at org.testng.SuiteRunner.access$000(SuiteRunner.java:39)
	at org.testng.SuiteRunner$SuiteWorker.run(SuiteRunner.java:393)
	at org.testng.internal.thread.ThreadUtil$2.call(ThreadUtil.java:64)
	at java.util.concurrent.FutureTask.run(FutureTask.java:262)
	at java.util.concurrent.ThreadPoolExecutor.runWorker(ThreadPoolExecutor.java:1152)
	at java.util.concurrent.ThreadPoolExecutor$Worker.run(ThreadPoolExecutor.java:622)
	at java.lang.Thread.run(Thread.java:748)
</pre></div></td>
<td>0</td>
<td>com.applect.meritnation.scripts.LoginTest@1f33e7a1</td></tr>
<tr>
<td title='com.applect.meritnation.scripts.AsknAnswerTest.postCondition()'><b>postCondition</b><br>Test class: com.applect.meritnation.scripts.AsknAnswerTest<br>Parameters: [TestResult name=TC_001_AskQuestionTest status=SKIP method=AsknAnswerTest.TC_001_AskQuestionTest()[pri:0, instance:com.applect.meritnation.scripts.AsknAnswerTest@8ac0b08] output={null}]</td>
<td><div><pre>java.lang.NullPointerException
	at com.applect.meritnation.generic.BaseLib.postCondition(BaseLib.java:271)
	at java.util.concurrent.FutureTask.run(FutureTask.java:262)
	at java.util.concurrent.ThreadPoolExecutor.runWorker(ThreadPoolExecutor.java:1152)
	at java.util.concurrent.ThreadPoolExecutor$Worker.run(ThreadPoolExecutor.java:622)
	at java.lang.Thread.run(Thread.java:748)
... Removed 18 stack frames</pre></div><a href='#' onClick='toggleBox("stack-trace656283750", this, "Click to show all stack frames", "Click to hide stack frames")'>Click to show all stack frames</a>
<div class='stack-trace' id='stack-trace656283750'><pre>java.lang.NullPointerException
	at com.applect.meritnation.generic.BaseLib.postCondition(BaseLib.java:271)
	at sun.reflect.NativeMethodAccessorImpl.invoke0(Native Method)
	at sun.reflect.NativeMethodAccessorImpl.invoke(NativeMethodAccessorImpl.java:57)
	at sun.reflect.DelegatingMethodAccessorImpl.invoke(DelegatingMethodAccessorImpl.java:43)
	at java.lang.reflect.Method.invoke(Method.java:606)
	at org.testng.internal.MethodInvocationHelper.invokeMethod(MethodInvocationHelper.java:85)
	at org.testng.internal.Invoker.invokeConfigurationMethod(Invoker.java:510)
	at org.testng.internal.Invoker.invokeConfigurations(Invoker.java:211)
	at org.testng.internal.Invoker.invokeMethod(Invoker.java:703)
	at org.testng.internal.Invoker.invokeTestMethod(Invoker.java:816)
	at org.testng.internal.Invoker.invokeTestMethods(Invoker.java:1124)
	at org.testng.internal.TestMethodWorker.invokeTestMethods(TestMethodWorker.java:125)
	at org.testng.internal.TestMethodWorker.run(TestMethodWorker.java:108)
	at org.testng.TestRunner.privateRun(TestRunner.java:774)
	at org.testng.TestRunner.run(TestRunner.java:624)
	at org.testng.SuiteRunner.runTest(SuiteRunner.java:359)
	at org.testng.SuiteRunner.access$000(SuiteRunner.java:39)
	at org.testng.SuiteRunner$SuiteWorker.run(SuiteRunner.java:393)
	at org.testng.internal.thread.ThreadUtil$2.call(ThreadUtil.java:64)
	at java.util.concurrent.FutureTask.run(FutureTask.java:262)
	at java.util.concurrent.ThreadPoolExecutor.runWorker(ThreadPoolExecutor.java:1152)
	at java.util.concurrent.ThreadPoolExecutor$Worker.run(ThreadPoolExecutor.java:622)
	at java.lang.Thread.run(Thread.java:748)
</pre></div></td>
<td>0</td>
<td>com.applect.meritnation.scripts.AsknAnswerTest@8ac0b08</td></tr>
<tr>
<td title='com.applect.meritnation.scripts.AsknAnswerTest.postCondition()'><b>postCondition</b><br>Test class: com.applect.meritnation.scripts.AsknAnswerTest<br>Parameters: [TestResult name=TC_003_VerifyUserProfileFromRecommendedQuestionsTest status=SKIP method=AsknAnswerTest.TC_003_VerifyUserProfileFromRecommendedQuestionsTest()[pri:0, instance:com.applect.meritnation.scripts.AsknAnswerTest@8ac0b08] output={null}]</td>
<td><div><pre>java.lang.NullPointerException
	at com.applect.meritnation.generic.BaseLib.postCondition(BaseLib.java:271)
	at java.util.concurrent.FutureTask.run(FutureTask.java:262)
	at java.util.concurrent.ThreadPoolExecutor.runWorker(ThreadPoolExecutor.java:1152)
	at java.util.concurrent.ThreadPoolExecutor$Worker.run(ThreadPoolExecutor.java:622)
	at java.lang.Thread.run(Thread.java:748)
... Removed 18 stack frames</pre></div><a href='#' onClick='toggleBox("stack-trace1109639184", this, "Click to show all stack frames", "Click to hide stack frames")'>Click to show all stack frames</a>
<div class='stack-trace' id='stack-trace1109639184'><pre>java.lang.NullPointerException
	at com.applect.meritnation.generic.BaseLib.postCondition(BaseLib.java:271)
	at sun.reflect.NativeMethodAccessorImpl.invoke0(Native Method)
	at sun.reflect.NativeMethodAccessorImpl.invoke(NativeMethodAccessorImpl.java:57)
	at sun.reflect.DelegatingMethodAccessorImpl.invoke(DelegatingMethodAccessorImpl.java:43)
	at java.lang.reflect.Method.invoke(Method.java:606)
	at org.testng.internal.MethodInvocationHelper.invokeMethod(MethodInvocationHelper.java:85)
	at org.testng.internal.Invoker.invokeConfigurationMethod(Invoker.java:510)
	at org.testng.internal.Invoker.invokeConfigurations(Invoker.java:211)
	at org.testng.internal.Invoker.invokeMethod(Invoker.java:703)
	at org.testng.internal.Invoker.invokeTestMethod(Invoker.java:816)
	at org.testng.internal.Invoker.invokeTestMethods(Invoker.java:1124)
	at org.testng.internal.TestMethodWorker.invokeTestMethods(TestMethodWorker.java:125)
	at org.testng.internal.TestMethodWorker.run(TestMethodWorker.java:108)
	at org.testng.TestRunner.privateRun(TestRunner.java:774)
	at org.testng.TestRunner.run(TestRunner.java:624)
	at org.testng.SuiteRunner.runTest(SuiteRunner.java:359)
	at org.testng.SuiteRunner.access$000(SuiteRunner.java:39)
	at org.testng.SuiteRunner$SuiteWorker.run(SuiteRunner.java:393)
	at org.testng.internal.thread.ThreadUtil$2.call(ThreadUtil.java:64)
	at java.util.concurrent.FutureTask.run(FutureTask.java:262)
	at java.util.concurrent.ThreadPoolExecutor.runWorker(ThreadPoolExecutor.java:1152)
	at java.util.concurrent.ThreadPoolExecutor$Worker.run(ThreadPoolExecutor.java:622)
	at java.lang.Thread.run(Thread.java:748)
</pre></div></td>
<td>0</td>
<td>com.applect.meritnation.scripts.AsknAnswerTest@8ac0b08</td></tr>
<tr>
<td title='com.applect.meritnation.scripts.StudyTest.postCondition()'><b>postCondition</b><br>Test class: com.applect.meritnation.scripts.StudyTest<br>Parameters: [TestResult name=TC_001_VerifyStudyPhysicsPageTest status=SKIP method=StudyTest.TC_001_VerifyStudyPhysicsPageTest()[pri:0, instance:com.applect.meritnation.scripts.StudyTest@57083eaa] output={null}]</td>
<td><div><pre>java.lang.NullPointerException
	at com.applect.meritnation.generic.BaseLib.postCondition(BaseLib.java:271)
	at java.util.concurrent.FutureTask.run(FutureTask.java:262)
	at java.util.concurrent.ThreadPoolExecutor.runWorker(ThreadPoolExecutor.java:1152)
	at java.util.concurrent.ThreadPoolExecutor$Worker.run(ThreadPoolExecutor.java:622)
	at java.lang.Thread.run(Thread.java:748)
... Removed 18 stack frames</pre></div><a href='#' onClick='toggleBox("stack-trace277086846", this, "Click to show all stack frames", "Click to hide stack frames")'>Click to show all stack frames</a>
<div class='stack-trace' id='stack-trace277086846'><pre>java.lang.NullPointerException
	at com.applect.meritnation.generic.BaseLib.postCondition(BaseLib.java:271)
	at sun.reflect.NativeMethodAccessorImpl.invoke0(Native Method)
	at sun.reflect.NativeMethodAccessorImpl.invoke(NativeMethodAccessorImpl.java:57)
	at sun.reflect.DelegatingMethodAccessorImpl.invoke(DelegatingMethodAccessorImpl.java:43)
	at java.lang.reflect.Method.invoke(Method.java:606)
	at org.testng.internal.MethodInvocationHelper.invokeMethod(MethodInvocationHelper.java:85)
	at org.testng.internal.Invoker.invokeConfigurationMethod(Invoker.java:510)
	at org.testng.internal.Invoker.invokeConfigurations(Invoker.java:211)
	at org.testng.internal.Invoker.invokeMethod(Invoker.java:703)
	at org.testng.internal.Invoker.invokeTestMethod(Invoker.java:816)
	at org.testng.internal.Invoker.invokeTestMethods(Invoker.java:1124)
	at org.testng.internal.TestMethodWorker.invokeTestMethods(TestMethodWorker.java:125)
	at org.testng.internal.TestMethodWorker.run(TestMethodWorker.java:108)
	at org.testng.TestRunner.privateRun(TestRunner.java:774)
	at org.testng.TestRunner.run(TestRunner.java:624)
	at org.testng.SuiteRunner.runTest(SuiteRunner.java:359)
	at org.testng.SuiteRunner.access$000(SuiteRunner.java:39)
	at org.testng.SuiteRunner$SuiteWorker.run(SuiteRunner.java:393)
	at org.testng.internal.thread.ThreadUtil$2.call(ThreadUtil.java:64)
	at java.util.concurrent.FutureTask.run(FutureTask.java:262)
	at java.util.concurrent.ThreadPoolExecutor.runWorker(ThreadPoolExecutor.java:1152)
	at java.util.concurrent.ThreadPoolExecutor$Worker.run(ThreadPoolExecutor.java:622)
	at java.lang.Thread.run(Thread.java:748)
</pre></div></td>
<td>0</td>
<td>com.applect.meritnation.scripts.StudyTest@57083eaa</td></tr>
<tr>
<td title='com.applect.meritnation.scripts.StudyTest.postCondition()'><b>postCondition</b><br>Test class: com.applect.meritnation.scripts.StudyTest<br>Parameters: [TestResult name=TC_002_verifyStudyPhysicsTopicLiveClasssesTest status=SKIP method=StudyTest.TC_002_verifyStudyPhysicsTopicLiveClasssesTest()[pri:0, instance:com.applect.meritnation.scripts.StudyTest@57083eaa] output={null}]</td>
<td><div><pre>java.lang.NullPointerException
	at com.applect.meritnation.generic.BaseLib.postCondition(BaseLib.java:271)
	at java.util.concurrent.FutureTask.run(FutureTask.java:262)
	at java.util.concurrent.ThreadPoolExecutor.runWorker(ThreadPoolExecutor.java:1152)
	at java.util.concurrent.ThreadPoolExecutor$Worker.run(ThreadPoolExecutor.java:622)
	at java.lang.Thread.run(Thread.java:748)
... Removed 18 stack frames</pre></div><a href='#' onClick='toggleBox("stack-trace1013939722", this, "Click to show all stack frames", "Click to hide stack frames")'>Click to show all stack frames</a>
<div class='stack-trace' id='stack-trace1013939722'><pre>java.lang.NullPointerException
	at com.applect.meritnation.generic.BaseLib.postCondition(BaseLib.java:271)
	at sun.reflect.NativeMethodAccessorImpl.invoke0(Native Method)
	at sun.reflect.NativeMethodAccessorImpl.invoke(NativeMethodAccessorImpl.java:57)
	at sun.reflect.DelegatingMethodAccessorImpl.invoke(DelegatingMethodAccessorImpl.java:43)
	at java.lang.reflect.Method.invoke(Method.java:606)
	at org.testng.internal.MethodInvocationHelper.invokeMethod(MethodInvocationHelper.java:85)
	at org.testng.internal.Invoker.invokeConfigurationMethod(Invoker.java:510)
	at org.testng.internal.Invoker.invokeConfigurations(Invoker.java:211)
	at org.testng.internal.Invoker.invokeMethod(Invoker.java:703)
	at org.testng.internal.Invoker.invokeTestMethod(Invoker.java:816)
	at org.testng.internal.Invoker.invokeTestMethods(Invoker.java:1124)
	at org.testng.internal.TestMethodWorker.invokeTestMethods(TestMethodWorker.java:125)
	at org.testng.internal.TestMethodWorker.run(TestMethodWorker.java:108)
	at org.testng.TestRunner.privateRun(TestRunner.java:774)
	at org.testng.TestRunner.run(TestRunner.java:624)
	at org.testng.SuiteRunner.runTest(SuiteRunner.java:359)
	at org.testng.SuiteRunner.access$000(SuiteRunner.java:39)
	at org.testng.SuiteRunner$SuiteWorker.run(SuiteRunner.java:393)
	at org.testng.internal.thread.ThreadUtil$2.call(ThreadUtil.java:64)
	at java.util.concurrent.FutureTask.run(FutureTask.java:262)
	at java.util.concurrent.ThreadPoolExecutor.runWorker(ThreadPoolExecutor.java:1152)
	at java.util.concurrent.ThreadPoolExecutor$Worker.run(ThreadPoolExecutor.java:622)
	at java.lang.Thread.run(Thread.java:748)
</pre></div></td>
<td>0</td>
<td>com.applect.meritnation.scripts.StudyTest@57083eaa</td></tr>
<tr>
<td title='com.applect.meritnation.scripts.StudyTest.postCondition()'><b>postCondition</b><br>Test class: com.applect.meritnation.scripts.StudyTest<br>Parameters: [TestResult name=TC_003_VerifyStudyPhysicsTopicConceptsTest status=SKIP method=StudyTest.TC_003_VerifyStudyPhysicsTopicConceptsTest()[pri:0, instance:com.applect.meritnation.scripts.StudyTest@57083eaa] output={null}]</td>
<td><div><pre>java.lang.NullPointerException
	at com.applect.meritnation.generic.BaseLib.postCondition(BaseLib.java:271)
	at java.util.concurrent.FutureTask.run(FutureTask.java:262)
	at java.util.concurrent.ThreadPoolExecutor.runWorker(ThreadPoolExecutor.java:1152)
	at java.util.concurrent.ThreadPoolExecutor$Worker.run(ThreadPoolExecutor.java:622)
	at java.lang.Thread.run(Thread.java:748)
... Removed 18 stack frames</pre></div><a href='#' onClick='toggleBox("stack-trace553461287", this, "Click to show all stack frames", "Click to hide stack frames")'>Click to show all stack frames</a>
<div class='stack-trace' id='stack-trace553461287'><pre>java.lang.NullPointerException
	at com.applect.meritnation.generic.BaseLib.postCondition(BaseLib.java:271)
	at sun.reflect.NativeMethodAccessorImpl.invoke0(Native Method)
	at sun.reflect.NativeMethodAccessorImpl.invoke(NativeMethodAccessorImpl.java:57)
	at sun.reflect.DelegatingMethodAccessorImpl.invoke(DelegatingMethodAccessorImpl.java:43)
	at java.lang.reflect.Method.invoke(Method.java:606)
	at org.testng.internal.MethodInvocationHelper.invokeMethod(MethodInvocationHelper.java:85)
	at org.testng.internal.Invoker.invokeConfigurationMethod(Invoker.java:510)
	at org.testng.internal.Invoker.invokeConfigurations(Invoker.java:211)
	at org.testng.internal.Invoker.invokeMethod(Invoker.java:703)
	at org.testng.internal.Invoker.invokeTestMethod(Invoker.java:816)
	at org.testng.internal.Invoker.invokeTestMethods(Invoker.java:1124)
	at org.testng.internal.TestMethodWorker.invokeTestMethods(TestMethodWorker.java:125)
	at org.testng.internal.TestMethodWorker.run(TestMethodWorker.java:108)
	at org.testng.TestRunner.privateRun(TestRunner.java:774)
	at org.testng.TestRunner.run(TestRunner.java:624)
	at org.testng.SuiteRunner.runTest(SuiteRunner.java:359)
	at org.testng.SuiteRunner.access$000(SuiteRunner.java:39)
	at org.testng.SuiteRunner$SuiteWorker.run(SuiteRunner.java:393)
	at org.testng.internal.thread.ThreadUtil$2.call(ThreadUtil.java:64)
	at java.util.concurrent.FutureTask.run(FutureTask.java:262)
	at java.util.concurrent.ThreadPoolExecutor.runWorker(ThreadPoolExecutor.java:1152)
	at java.util.concurrent.ThreadPoolExecutor$Worker.run(ThreadPoolExecutor.java:622)
	at java.lang.Thread.run(Thread.java:748)
</pre></div></td>
<td>0</td>
<td>com.applect.meritnation.scripts.StudyTest@57083eaa</td></tr>
<tr>
<td title='com.applect.meritnation.scripts.StudyTest.postCondition()'><b>postCondition</b><br>Test class: com.applect.meritnation.scripts.StudyTest<br>Parameters: [TestResult name=TC_004_VerifyStudyPhysicsTopicPracticeTest status=SKIP method=StudyTest.TC_004_VerifyStudyPhysicsTopicPracticeTest()[pri:0, instance:com.applect.meritnation.scripts.StudyTest@57083eaa] output={null}]</td>
<td><div><pre>java.lang.NullPointerException
	at com.applect.meritnation.generic.BaseLib.postCondition(BaseLib.java:271)
	at java.util.concurrent.FutureTask.run(FutureTask.java:262)
	at java.util.concurrent.ThreadPoolExecutor.runWorker(ThreadPoolExecutor.java:1152)
	at java.util.concurrent.ThreadPoolExecutor$Worker.run(ThreadPoolExecutor.java:622)
	at java.lang.Thread.run(Thread.java:748)
... Removed 18 stack frames</pre></div><a href='#' onClick='toggleBox("stack-trace637957322", this, "Click to show all stack frames", "Click to hide stack frames")'>Click to show all stack frames</a>
<div class='stack-trace' id='stack-trace637957322'><pre>java.lang.NullPointerException
	at com.applect.meritnation.generic.BaseLib.postCondition(BaseLib.java:271)
	at sun.reflect.NativeMethodAccessorImpl.invoke0(Native Method)
	at sun.reflect.NativeMethodAccessorImpl.invoke(NativeMethodAccessorImpl.java:57)
	at sun.reflect.DelegatingMethodAccessorImpl.invoke(DelegatingMethodAccessorImpl.java:43)
	at java.lang.reflect.Method.invoke(Method.java:606)
	at org.testng.internal.MethodInvocationHelper.invokeMethod(MethodInvocationHelper.java:85)
	at org.testng.internal.Invoker.invokeConfigurationMethod(Invoker.java:510)
	at org.testng.internal.Invoker.invokeConfigurations(Invoker.java:211)
	at org.testng.internal.Invoker.invokeMethod(Invoker.java:703)
	at org.testng.internal.Invoker.invokeTestMethod(Invoker.java:816)
	at org.testng.internal.Invoker.invokeTestMethods(Invoker.java:1124)
	at org.testng.internal.TestMethodWorker.invokeTestMethods(TestMethodWorker.java:125)
	at org.testng.internal.TestMethodWorker.run(TestMethodWorker.java:108)
	at org.testng.TestRunner.privateRun(TestRunner.java:774)
	at org.testng.TestRunner.run(TestRunner.java:624)
	at org.testng.SuiteRunner.runTest(SuiteRunner.java:359)
	at org.testng.SuiteRunner.access$000(SuiteRunner.java:39)
	at org.testng.SuiteRunner$SuiteWorker.run(SuiteRunner.java:393)
	at org.testng.internal.thread.ThreadUtil$2.call(ThreadUtil.java:64)
	at java.util.concurrent.FutureTask.run(FutureTask.java:262)
	at java.util.concurrent.ThreadPoolExecutor.runWorker(ThreadPoolExecutor.java:1152)
	at java.util.concurrent.ThreadPoolExecutor$Worker.run(ThreadPoolExecutor.java:622)
	at java.lang.Thread.run(Thread.java:748)
</pre></div></td>
<td>0</td>
<td>com.applect.meritnation.scripts.StudyTest@57083eaa</td></tr>
<tr>
<td title='com.applect.meritnation.scripts.StudyTest.postCondition()'><b>postCondition</b><br>Test class: com.applect.meritnation.scripts.StudyTest<br>Parameters: [TestResult name=TC_005_VerifyStudyPhysicsTopicAssignmentTest status=SKIP method=StudyTest.TC_005_VerifyStudyPhysicsTopicAssignmentTest()[pri:0, instance:com.applect.meritnation.scripts.StudyTest@57083eaa] output={null}]</td>
<td><div><pre>java.lang.NullPointerException
	at com.applect.meritnation.generic.BaseLib.postCondition(BaseLib.java:271)
	at java.util.concurrent.FutureTask.run(FutureTask.java:262)
	at java.util.concurrent.ThreadPoolExecutor.runWorker(ThreadPoolExecutor.java:1152)
	at java.util.concurrent.ThreadPoolExecutor$Worker.run(ThreadPoolExecutor.java:622)
	at java.lang.Thread.run(Thread.java:748)
... Removed 18 stack frames</pre></div><a href='#' onClick='toggleBox("stack-trace1925928653", this, "Click to show all stack frames", "Click to hide stack frames")'>Click to show all stack frames</a>
<div class='stack-trace' id='stack-trace1925928653'><pre>java.lang.NullPointerException
	at com.applect.meritnation.generic.BaseLib.postCondition(BaseLib.java:271)
	at sun.reflect.NativeMethodAccessorImpl.invoke0(Native Method)
	at sun.reflect.NativeMethodAccessorImpl.invoke(NativeMethodAccessorImpl.java:57)
	at sun.reflect.DelegatingMethodAccessorImpl.invoke(DelegatingMethodAccessorImpl.java:43)
	at java.lang.reflect.Method.invoke(Method.java:606)
	at org.testng.internal.MethodInvocationHelper.invokeMethod(MethodInvocationHelper.java:85)
	at org.testng.internal.Invoker.invokeConfigurationMethod(Invoker.java:510)
	at org.testng.internal.Invoker.invokeConfigurations(Invoker.java:211)
	at org.testng.internal.Invoker.invokeMethod(Invoker.java:703)
	at org.testng.internal.Invoker.invokeTestMethod(Invoker.java:816)
	at org.testng.internal.Invoker.invokeTestMethods(Invoker.java:1124)
	at org.testng.internal.TestMethodWorker.invokeTestMethods(TestMethodWorker.java:125)
	at org.testng.internal.TestMethodWorker.run(TestMethodWorker.java:108)
	at org.testng.TestRunner.privateRun(TestRunner.java:774)
	at org.testng.TestRunner.run(TestRunner.java:624)
	at org.testng.SuiteRunner.runTest(SuiteRunner.java:359)
	at org.testng.SuiteRunner.access$000(SuiteRunner.java:39)
	at org.testng.SuiteRunner$SuiteWorker.run(SuiteRunner.java:393)
	at org.testng.internal.thread.ThreadUtil$2.call(ThreadUtil.java:64)
	at java.util.concurrent.FutureTask.run(FutureTask.java:262)
	at java.util.concurrent.ThreadPoolExecutor.runWorker(ThreadPoolExecutor.java:1152)
	at java.util.concurrent.ThreadPoolExecutor$Worker.run(ThreadPoolExecutor.java:622)
	at java.lang.Thread.run(Thread.java:748)
</pre></div></td>
<td>0</td>
<td>com.applect.meritnation.scripts.StudyTest@57083eaa</td></tr>
<tr>
<td title='com.applect.meritnation.scripts.StudyTest.postCondition()'><b>postCondition</b><br>Test class: com.applect.meritnation.scripts.StudyTest<br>Parameters: [TestResult name=TC_006_VerifyStudyPhysicsTopicTestsTest status=SKIP method=StudyTest.TC_006_VerifyStudyPhysicsTopicTestsTest()[pri:0, instance:com.applect.meritnation.scripts.StudyTest@57083eaa] output={null}]</td>
<td><div><pre>java.lang.NullPointerException
	at com.applect.meritnation.generic.BaseLib.postCondition(BaseLib.java:271)
	at java.util.concurrent.FutureTask.run(FutureTask.java:262)
	at java.util.concurrent.ThreadPoolExecutor.runWorker(ThreadPoolExecutor.java:1152)
	at java.util.concurrent.ThreadPoolExecutor$Worker.run(ThreadPoolExecutor.java:622)
	at java.lang.Thread.run(Thread.java:748)
... Removed 18 stack frames</pre></div><a href='#' onClick='toggleBox("stack-trace1661295464", this, "Click to show all stack frames", "Click to hide stack frames")'>Click to show all stack frames</a>
<div class='stack-trace' id='stack-trace1661295464'><pre>java.lang.NullPointerException
	at com.applect.meritnation.generic.BaseLib.postCondition(BaseLib.java:271)
	at sun.reflect.NativeMethodAccessorImpl.invoke0(Native Method)
	at sun.reflect.NativeMethodAccessorImpl.invoke(NativeMethodAccessorImpl.java:57)
	at sun.reflect.DelegatingMethodAccessorImpl.invoke(DelegatingMethodAccessorImpl.java:43)
	at java.lang.reflect.Method.invoke(Method.java:606)
	at org.testng.internal.MethodInvocationHelper.invokeMethod(MethodInvocationHelper.java:85)
	at org.testng.internal.Invoker.invokeConfigurationMethod(Invoker.java:510)
	at org.testng.internal.Invoker.invokeConfigurations(Invoker.java:211)
	at org.testng.internal.Invoker.invokeMethod(Invoker.java:703)
	at org.testng.internal.Invoker.invokeTestMethod(Invoker.java:816)
	at org.testng.internal.Invoker.invokeTestMethods(Invoker.java:1124)
	at org.testng.internal.TestMethodWorker.invokeTestMethods(TestMethodWorker.java:125)
	at org.testng.internal.TestMethodWorker.run(TestMethodWorker.java:108)
	at org.testng.TestRunner.privateRun(TestRunner.java:774)
	at org.testng.TestRunner.run(TestRunner.java:624)
	at org.testng.SuiteRunner.runTest(SuiteRunner.java:359)
	at org.testng.SuiteRunner.access$000(SuiteRunner.java:39)
	at org.testng.SuiteRunner$SuiteWorker.run(SuiteRunner.java:393)
	at org.testng.internal.thread.ThreadUtil$2.call(ThreadUtil.java:64)
	at java.util.concurrent.FutureTask.run(FutureTask.java:262)
	at java.util.concurrent.ThreadPoolExecutor.runWorker(ThreadPoolExecutor.java:1152)
	at java.util.concurrent.ThreadPoolExecutor$Worker.run(ThreadPoolExecutor.java:622)
	at java.lang.Thread.run(Thread.java:748)
</pre></div></td>
<td>0</td>
<td>com.applect.meritnation.scripts.StudyTest@57083eaa</td></tr>
<tr>
<td title='com.applect.meritnation.scripts.StudyTest.postCondition()'><b>postCondition</b><br>Test class: com.applect.meritnation.scripts.StudyTest<br>Parameters: [TestResult name=TC_009_VerifyStudyPhysicsTopicRevisionNotesTest status=SKIP method=StudyTest.TC_009_VerifyStudyPhysicsTopicRevisionNotesTest()[pri:0, instance:com.applect.meritnation.scripts.StudyTest@57083eaa] output={null}]</td>
<td><div><pre>java.lang.NullPointerException
	at com.applect.meritnation.generic.BaseLib.postCondition(BaseLib.java:271)
	at java.util.concurrent.FutureTask.run(FutureTask.java:262)
	at java.util.concurrent.ThreadPoolExecutor.runWorker(ThreadPoolExecutor.java:1152)
	at java.util.concurrent.ThreadPoolExecutor$Worker.run(ThreadPoolExecutor.java:622)
	at java.lang.Thread.run(Thread.java:748)
... Removed 18 stack frames</pre></div><a href='#' onClick='toggleBox("stack-trace1562139511", this, "Click to show all stack frames", "Click to hide stack frames")'>Click to show all stack frames</a>
<div class='stack-trace' id='stack-trace1562139511'><pre>java.lang.NullPointerException
	at com.applect.meritnation.generic.BaseLib.postCondition(BaseLib.java:271)
	at sun.reflect.NativeMethodAccessorImpl.invoke0(Native Method)
	at sun.reflect.NativeMethodAccessorImpl.invoke(NativeMethodAccessorImpl.java:57)
	at sun.reflect.DelegatingMethodAccessorImpl.invoke(DelegatingMethodAccessorImpl.java:43)
	at java.lang.reflect.Method.invoke(Method.java:606)
	at org.testng.internal.MethodInvocationHelper.invokeMethod(MethodInvocationHelper.java:85)
	at org.testng.internal.Invoker.invokeConfigurationMethod(Invoker.java:510)
	at org.testng.internal.Invoker.invokeConfigurations(Invoker.java:211)
	at org.testng.internal.Invoker.invokeMethod(Invoker.java:703)
	at org.testng.internal.Invoker.invokeTestMethod(Invoker.java:816)
	at org.testng.internal.Invoker.invokeTestMethods(Invoker.java:1124)
	at org.testng.internal.TestMethodWorker.invokeTestMethods(TestMethodWorker.java:125)
	at org.testng.internal.TestMethodWorker.run(TestMethodWorker.java:108)
	at org.testng.TestRunner.privateRun(TestRunner.java:774)
	at org.testng.TestRunner.run(TestRunner.java:624)
	at org.testng.SuiteRunner.runTest(SuiteRunner.java:359)
	at org.testng.SuiteRunner.access$000(SuiteRunner.java:39)
	at org.testng.SuiteRunner$SuiteWorker.run(SuiteRunner.java:393)
	at org.testng.internal.thread.ThreadUtil$2.call(ThreadUtil.java:64)
	at java.util.concurrent.FutureTask.run(FutureTask.java:262)
	at java.util.concurrent.ThreadPoolExecutor.runWorker(ThreadPoolExecutor.java:1152)
	at java.util.concurrent.ThreadPoolExecutor$Worker.run(ThreadPoolExecutor.java:622)
	at java.lang.Thread.run(Thread.java:748)
</pre></div></td>
<td>0</td>
<td>com.applect.meritnation.scripts.StudyTest@57083eaa</td></tr>
<tr>
<td title='com.applect.meritnation.scripts.StudyTest.postCondition()'><b>postCondition</b><br>Test class: com.applect.meritnation.scripts.StudyTest<br>Parameters: [TestResult name=TC_010_VerifyStudyPhysicsTopicBoardPaperQuestionsTest status=SKIP method=StudyTest.TC_010_VerifyStudyPhysicsTopicBoardPaperQuestionsTest()[pri:0, instance:com.applect.meritnation.scripts.StudyTest@57083eaa] output={null}]</td>
<td><div><pre>java.lang.NullPointerException
	at com.applect.meritnation.generic.BaseLib.postCondition(BaseLib.java:271)
	at java.util.concurrent.FutureTask.run(FutureTask.java:262)
	at java.util.concurrent.ThreadPoolExecutor.runWorker(ThreadPoolExecutor.java:1152)
	at java.util.concurrent.ThreadPoolExecutor$Worker.run(ThreadPoolExecutor.java:622)
	at java.lang.Thread.run(Thread.java:748)
... Removed 18 stack frames</pre></div><a href='#' onClick='toggleBox("stack-trace1724391914", this, "Click to show all stack frames", "Click to hide stack frames")'>Click to show all stack frames</a>
<div class='stack-trace' id='stack-trace1724391914'><pre>java.lang.NullPointerException
	at com.applect.meritnation.generic.BaseLib.postCondition(BaseLib.java:271)
	at sun.reflect.NativeMethodAccessorImpl.invoke0(Native Method)
	at sun.reflect.NativeMethodAccessorImpl.invoke(NativeMethodAccessorImpl.java:57)
	at sun.reflect.DelegatingMethodAccessorImpl.invoke(DelegatingMethodAccessorImpl.java:43)
	at java.lang.reflect.Method.invoke(Method.java:606)
	at org.testng.internal.MethodInvocationHelper.invokeMethod(MethodInvocationHelper.java:85)
	at org.testng.internal.Invoker.invokeConfigurationMethod(Invoker.java:510)
	at org.testng.internal.Invoker.invokeConfigurations(Invoker.java:211)
	at org.testng.internal.Invoker.invokeMethod(Invoker.java:703)
	at org.testng.internal.Invoker.invokeTestMethod(Invoker.java:816)
	at org.testng.internal.Invoker.invokeTestMethods(Invoker.java:1124)
	at org.testng.internal.TestMethodWorker.invokeTestMethods(TestMethodWorker.java:125)
	at org.testng.internal.TestMethodWorker.run(TestMethodWorker.java:108)
	at org.testng.TestRunner.privateRun(TestRunner.java:774)
	at org.testng.TestRunner.run(TestRunner.java:624)
	at org.testng.SuiteRunner.runTest(SuiteRunner.java:359)
	at org.testng.SuiteRunner.access$000(SuiteRunner.java:39)
	at org.testng.SuiteRunner$SuiteWorker.run(SuiteRunner.java:393)
	at org.testng.internal.thread.ThreadUtil$2.call(ThreadUtil.java:64)
	at java.util.concurrent.FutureTask.run(FutureTask.java:262)
	at java.util.concurrent.ThreadPoolExecutor.runWorker(ThreadPoolExecutor.java:1152)
	at java.util.concurrent.ThreadPoolExecutor$Worker.run(ThreadPoolExecutor.java:622)
	at java.lang.Thread.run(Thread.java:748)
</pre></div></td>
<td>0</td>
<td>com.applect.meritnation.scripts.StudyTest@57083eaa</td></tr>
<tr>
<td title='com.applect.meritnation.scripts.StudyTest.postCondition()'><b>postCondition</b><br>Test class: com.applect.meritnation.scripts.StudyTest<br>Parameters: [TestResult name=TC_011_VerifyStudyPhysicsTopicFormativeAssesmentTest status=SKIP method=StudyTest.TC_011_VerifyStudyPhysicsTopicFormativeAssesmentTest()[pri:0, instance:com.applect.meritnation.scripts.StudyTest@57083eaa] output={null}]</td>
<td><div><pre>java.lang.NullPointerException
	at com.applect.meritnation.generic.BaseLib.postCondition(BaseLib.java:271)
	at java.util.concurrent.FutureTask.run(FutureTask.java:262)
	at java.util.concurrent.ThreadPoolExecutor.runWorker(ThreadPoolExecutor.java:1152)
	at java.util.concurrent.ThreadPoolExecutor$Worker.run(ThreadPoolExecutor.java:622)
	at java.lang.Thread.run(Thread.java:748)
... Removed 18 stack frames</pre></div><a href='#' onClick='toggleBox("stack-trace1812109446", this, "Click to show all stack frames", "Click to hide stack frames")'>Click to show all stack frames</a>
<div class='stack-trace' id='stack-trace1812109446'><pre>java.lang.NullPointerException
	at com.applect.meritnation.generic.BaseLib.postCondition(BaseLib.java:271)
	at sun.reflect.NativeMethodAccessorImpl.invoke0(Native Method)
	at sun.reflect.NativeMethodAccessorImpl.invoke(NativeMethodAccessorImpl.java:57)
	at sun.reflect.DelegatingMethodAccessorImpl.invoke(DelegatingMethodAccessorImpl.java:43)
	at java.lang.reflect.Method.invoke(Method.java:606)
	at org.testng.internal.MethodInvocationHelper.invokeMethod(MethodInvocationHelper.java:85)
	at org.testng.internal.Invoker.invokeConfigurationMethod(Invoker.java:510)
	at org.testng.internal.Invoker.invokeConfigurations(Invoker.java:211)
	at org.testng.internal.Invoker.invokeMethod(Invoker.java:703)
	at org.testng.internal.Invoker.invokeTestMethod(Invoker.java:816)
	at org.testng.internal.Invoker.invokeTestMethods(Invoker.java:1124)
	at org.testng.internal.TestMethodWorker.invokeTestMethods(TestMethodWorker.java:125)
	at org.testng.internal.TestMethodWorker.run(TestMethodWorker.java:108)
	at org.testng.TestRunner.privateRun(TestRunner.java:774)
	at org.testng.TestRunner.run(TestRunner.java:624)
	at org.testng.SuiteRunner.runTest(SuiteRunner.java:359)
	at org.testng.SuiteRunner.access$000(SuiteRunner.java:39)
	at org.testng.SuiteRunner$SuiteWorker.run(SuiteRunner.java:393)
	at org.testng.internal.thread.ThreadUtil$2.call(ThreadUtil.java:64)
	at java.util.concurrent.FutureTask.run(FutureTask.java:262)
	at java.util.concurrent.ThreadPoolExecutor.runWorker(ThreadPoolExecutor.java:1152)
	at java.util.concurrent.ThreadPoolExecutor$Worker.run(ThreadPoolExecutor.java:622)
	at java.lang.Thread.run(Thread.java:748)
</pre></div></td>
<td>0</td>
<td>com.applect.meritnation.scripts.StudyTest@57083eaa</td></tr>
<tr>
<td title='com.applect.meritnation.scripts.StudyTest.postCondition()'><b>postCondition</b><br>Test class: com.applect.meritnation.scripts.StudyTest<br>Parameters: [TestResult name=TC_053_VerifyBoardPapterSolutionTest status=SKIP method=StudyTest.TC_053_VerifyBoardPapterSolutionTest()[pri:0, instance:com.applect.meritnation.scripts.StudyTest@57083eaa] output={null}]</td>
<td><div><pre>java.lang.NullPointerException
	at com.applect.meritnation.generic.BaseLib.postCondition(BaseLib.java:271)
	at java.util.concurrent.FutureTask.run(FutureTask.java:262)
	at java.util.concurrent.ThreadPoolExecutor.runWorker(ThreadPoolExecutor.java:1152)
	at java.util.concurrent.ThreadPoolExecutor$Worker.run(ThreadPoolExecutor.java:622)
	at java.lang.Thread.run(Thread.java:748)
... Removed 18 stack frames</pre></div><a href='#' onClick='toggleBox("stack-trace1004224776", this, "Click to show all stack frames", "Click to hide stack frames")'>Click to show all stack frames</a>
<div class='stack-trace' id='stack-trace1004224776'><pre>java.lang.NullPointerException
	at com.applect.meritnation.generic.BaseLib.postCondition(BaseLib.java:271)
	at sun.reflect.NativeMethodAccessorImpl.invoke0(Native Method)
	at sun.reflect.NativeMethodAccessorImpl.invoke(NativeMethodAccessorImpl.java:57)
	at sun.reflect.DelegatingMethodAccessorImpl.invoke(DelegatingMethodAccessorImpl.java:43)
	at java.lang.reflect.Method.invoke(Method.java:606)
	at org.testng.internal.MethodInvocationHelper.invokeMethod(MethodInvocationHelper.java:85)
	at org.testng.internal.Invoker.invokeConfigurationMethod(Invoker.java:510)
	at org.testng.internal.Invoker.invokeConfigurations(Invoker.java:211)
	at org.testng.internal.Invoker.invokeMethod(Invoker.java:703)
	at org.testng.internal.Invoker.invokeTestMethod(Invoker.java:816)
	at org.testng.internal.Invoker.invokeTestMethods(Invoker.java:1124)
	at org.testng.internal.TestMethodWorker.invokeTestMethods(TestMethodWorker.java:125)
	at org.testng.internal.TestMethodWorker.run(TestMethodWorker.java:108)
	at org.testng.TestRunner.privateRun(TestRunner.java:774)
	at org.testng.TestRunner.run(TestRunner.java:624)
	at org.testng.SuiteRunner.runTest(SuiteRunner.java:359)
	at org.testng.SuiteRunner.access$000(SuiteRunner.java:39)
	at org.testng.SuiteRunner$SuiteWorker.run(SuiteRunner.java:393)
	at org.testng.internal.thread.ThreadUtil$2.call(ThreadUtil.java:64)
	at java.util.concurrent.FutureTask.run(FutureTask.java:262)
	at java.util.concurrent.ThreadPoolExecutor.runWorker(ThreadPoolExecutor.java:1152)
	at java.util.concurrent.ThreadPoolExecutor$Worker.run(ThreadPoolExecutor.java:622)
	at java.lang.Thread.run(Thread.java:748)
</pre></div></td>
<td>0</td>
<td>com.applect.meritnation.scripts.StudyTest@57083eaa</td></tr>
</table><p>
<table width='100%' border='1' class='invocation-skipped'>
<tr><td colspan='4' align='center'><b>SKIPPED CONFIGURATIONS</b></td></tr>
<tr><td><b>Test method</b></td>
<td width="30%"><b>Exception</b></td>
<td width="10%"><b>Time (seconds)</b></td>
<td><b>Instance</b></td>
</tr>
<tr>
<td title='com.applect.meritnation.scripts.SearchTest.preConditionWeb()'><b>preConditionWeb</b><br>Test class: com.applect.meritnation.scripts.SearchTest</td>
<td></td>
<td>0</td>
<td>com.applect.meritnation.scripts.SearchTest@2d79eb02</td></tr>
<tr>
<td title='com.applect.meritnation.scripts.LoginTest.preConditionWeb()'><b>preConditionWeb</b><br>Test class: com.applect.meritnation.scripts.LoginTest</td>
<td></td>
<td>0</td>
<td>com.applect.meritnation.scripts.LoginTest@1f33e7a1</td></tr>
<tr>
<td title='com.applect.meritnation.scripts.AsknAnswerTest.preConditionWeb()'><b>preConditionWeb</b><br>Test class: com.applect.meritnation.scripts.AsknAnswerTest</td>
<td></td>
<td>0</td>
<td>com.applect.meritnation.scripts.AsknAnswerTest@8ac0b08</td></tr>
<tr>
<td title='com.applect.meritnation.scripts.AsknAnswerTest.preConditionWeb()'><b>preConditionWeb</b><br>Test class: com.applect.meritnation.scripts.AsknAnswerTest</td>
<td></td>
<td>0</td>
<td>com.applect.meritnation.scripts.AsknAnswerTest@8ac0b08</td></tr>
<tr>
<td title='com.applect.meritnation.scripts.StudyTest.preConditionWeb()'><b>preConditionWeb</b><br>Test class: com.applect.meritnation.scripts.StudyTest</td>
<td></td>
<td>0</td>
<td>com.applect.meritnation.scripts.StudyTest@57083eaa</td></tr>
<tr>
<td title='com.applect.meritnation.scripts.StudyTest.preConditionWeb()'><b>preConditionWeb</b><br>Test class: com.applect.meritnation.scripts.StudyTest</td>
<td></td>
<td>0</td>
<td>com.applect.meritnation.scripts.StudyTest@57083eaa</td></tr>
<tr>
<td title='com.applect.meritnation.scripts.StudyTest.preConditionWeb()'><b>preConditionWeb</b><br>Test class: com.applect.meritnation.scripts.StudyTest</td>
<td></td>
<td>0</td>
<td>com.applect.meritnation.scripts.StudyTest@57083eaa</td></tr>
<tr>
<td title='com.applect.meritnation.scripts.StudyTest.preConditionWeb()'><b>preConditionWeb</b><br>Test class: com.applect.meritnation.scripts.StudyTest</td>
<td></td>
<td>0</td>
<td>com.applect.meritnation.scripts.StudyTest@57083eaa</td></tr>
<tr>
<td title='com.applect.meritnation.scripts.StudyTest.preConditionWeb()'><b>preConditionWeb</b><br>Test class: com.applect.meritnation.scripts.StudyTest</td>
<td></td>
<td>0</td>
<td>com.applect.meritnation.scripts.StudyTest@57083eaa</td></tr>
<tr>
<td title='com.applect.meritnation.scripts.StudyTest.preConditionWeb()'><b>preConditionWeb</b><br>Test class: com.applect.meritnation.scripts.StudyTest</td>
<td></td>
<td>0</td>
<td>com.applect.meritnation.scripts.StudyTest@57083eaa</td></tr>
<tr>
<td title='com.applect.meritnation.scripts.StudyTest.preConditionWeb()'><b>preConditionWeb</b><br>Test class: com.applect.meritnation.scripts.StudyTest</td>
<td></td>
<td>0</td>
<td>com.applect.meritnation.scripts.StudyTest@57083eaa</td></tr>
<tr>
<td title='com.applect.meritnation.scripts.StudyTest.preConditionWeb()'><b>preConditionWeb</b><br>Test class: com.applect.meritnation.scripts.StudyTest</td>
<td></td>
<td>0</td>
<td>com.applect.meritnation.scripts.StudyTest@57083eaa</td></tr>
<tr>
<td title='com.applect.meritnation.scripts.StudyTest.preConditionWeb()'><b>preConditionWeb</b><br>Test class: com.applect.meritnation.scripts.StudyTest</td>
<td></td>
<td>0</td>
<td>com.applect.meritnation.scripts.StudyTest@57083eaa</td></tr>
<tr>
<td title='com.applect.meritnation.scripts.StudyTest.preConditionWeb()'><b>preConditionWeb</b><br>Test class: com.applect.meritnation.scripts.StudyTest</td>
<td></td>
<td>0</td>
<td>com.applect.meritnation.scripts.StudyTest@57083eaa</td></tr>
</table><p>
<table width='100%' border='1' class='invocation-skipped'>
<tr><td colspan='4' align='center'><b>SKIPPED TESTS</b></td></tr>
<tr><td><b>Test method</b></td>
<td width="30%"><b>Exception</b></td>
<td width="10%"><b>Time (seconds)</b></td>
<td><b>Instance</b></td>
</tr>
<tr>
<td title='com.applect.meritnation.scripts.AsknAnswerTest.TC_001_AskQuestionTest()'><b>TC_001_AskQuestionTest</b><br>Test class: com.applect.meritnation.scripts.AsknAnswerTest</td>
<td></td>
<td>0</td>
<td>com.applect.meritnation.scripts.AsknAnswerTest@8ac0b08</td></tr>
<tr>
<td title='com.applect.meritnation.scripts.CreateAccountTest.TC_001_CreateAccountTest()'><b>TC_001_CreateAccountTest</b><br>Test class: com.applect.meritnation.scripts.CreateAccountTest</td>
<td></td>
<td>0</td>
<td>com.applect.meritnation.scripts.CreateAccountTest@678e4593</td></tr>
<tr>
<td title='com.applect.meritnation.scripts.LoginTest.TC_001_LoginTest()'><b>TC_001_LoginTest</b><br>Test class: com.applect.meritnation.scripts.LoginTest</td>
<td></td>
<td>0</td>
<td>com.applect.meritnation.scripts.LoginTest@1f33e7a1</td></tr>
<tr>
<td title='com.applect.meritnation.scripts.SearchTest.TC_001_SearchTest()'><b>TC_001_SearchTest</b><br>Test class: com.applect.meritnation.scripts.SearchTest</td>
<td></td>
<td>0</td>
<td>com.applect.meritnation.scripts.SearchTest@2d79eb02</td></tr>
<tr>
<td title='com.applect.meritnation.scripts.StudyTest.TC_001_VerifyStudyPhysicsPageTest()'><b>TC_001_VerifyStudyPhysicsPageTest</b><br>Test class: com.applect.meritnation.scripts.StudyTest</td>
<td></td>
<td>0</td>
<td>com.applect.meritnation.scripts.StudyTest@57083eaa</td></tr>
<tr>
<td title='com.applect.meritnation.scripts.StudyTest.TC_002_verifyStudyPhysicsTopicLiveClasssesTest()'><b>TC_002_verifyStudyPhysicsTopicLiveClasssesTest</b><br>Test class: com.applect.meritnation.scripts.StudyTest</td>
<td></td>
<td>0</td>
<td>com.applect.meritnation.scripts.StudyTest@57083eaa</td></tr>
<tr>
<td title='com.applect.meritnation.scripts.StudyTest.TC_003_VerifyStudyPhysicsTopicConceptsTest()'><b>TC_003_VerifyStudyPhysicsTopicConceptsTest</b><br>Test class: com.applect.meritnation.scripts.StudyTest</td>
<td></td>
<td>0</td>
<td>com.applect.meritnation.scripts.StudyTest@57083eaa</td></tr>
<tr>
<td title='com.applect.meritnation.scripts.AsknAnswerTest.TC_003_VerifyUserProfileFromRecommendedQuestionsTest()'><b>TC_003_VerifyUserProfileFromRecommendedQuestionsTest</b><br>Test class: com.applect.meritnation.scripts.AsknAnswerTest</td>
<td></td>
<td>0</td>
<td>com.applect.meritnation.scripts.AsknAnswerTest@8ac0b08</td></tr>
<tr>
<td title='com.applect.meritnation.scripts.StudyTest.TC_004_VerifyStudyPhysicsTopicPracticeTest()'><b>TC_004_VerifyStudyPhysicsTopicPracticeTest</b><br>Test class: com.applect.meritnation.scripts.StudyTest</td>
<td></td>
<td>0</td>
<td>com.applect.meritnation.scripts.StudyTest@57083eaa</td></tr>
<tr>
<td title='com.applect.meritnation.scripts.StudyTest.TC_005_VerifyStudyPhysicsTopicAssignmentTest()'><b>TC_005_VerifyStudyPhysicsTopicAssignmentTest</b><br>Test class: com.applect.meritnation.scripts.StudyTest</td>
<td></td>
<td>0</td>
<td>com.applect.meritnation.scripts.StudyTest@57083eaa</td></tr>
<tr>
<td title='com.applect.meritnation.scripts.StudyTest.TC_006_VerifyStudyPhysicsTopicTestsTest()'><b>TC_006_VerifyStudyPhysicsTopicTestsTest</b><br>Test class: com.applect.meritnation.scripts.StudyTest</td>
<td></td>
<td>0</td>
<td>com.applect.meritnation.scripts.StudyTest@57083eaa</td></tr>
<tr>
<td title='com.applect.meritnation.scripts.StudyTest.TC_009_VerifyStudyPhysicsTopicRevisionNotesTest()'><b>TC_009_VerifyStudyPhysicsTopicRevisionNotesTest</b><br>Test class: com.applect.meritnation.scripts.StudyTest</td>
<td></td>
<td>0</td>
<td>com.applect.meritnation.scripts.StudyTest@57083eaa</td></tr>
<tr>
<td title='com.applect.meritnation.scripts.StudyTest.TC_010_VerifyStudyPhysicsTopicBoardPaperQuestionsTest()'><b>TC_010_VerifyStudyPhysicsTopicBoardPaperQuestionsTest</b><br>Test class: com.applect.meritnation.scripts.StudyTest</td>
<td></td>
<td>0</td>
<td>com.applect.meritnation.scripts.StudyTest@57083eaa</td></tr>
<tr>
<td title='com.applect.meritnation.scripts.StudyTest.TC_011_VerifyStudyPhysicsTopicFormativeAssesmentTest()'><b>TC_011_VerifyStudyPhysicsTopicFormativeAssesmentTest</b><br>Test class: com.applect.meritnation.scripts.StudyTest</td>
<td></td>
<td>0</td>
<td>com.applect.meritnation.scripts.StudyTest@57083eaa</td></tr>
<tr>
<td title='com.applect.meritnation.scripts.StudyTest.TC_053_VerifyBoardPapterSolutionTest()'><b>TC_053_VerifyBoardPapterSolutionTest</b><br>Test class: com.applect.meritnation.scripts.StudyTest</td>
<td></td>
<td>0</td>
<td>com.applect.meritnation.scripts.StudyTest@57083eaa</td></tr>
</table><p>
</body>
</html>