<?xml version="1.0" encoding="UTF-8"?>
<!-- Generated by org.testng.reporters.JUnitXMLReporter -->
<testsuite hostname="58-s07" name="Meritnation Mobile Web Regression(failed)" tests="1" failures="1" timestamp="25 Jul 2018 06:40:51 GMT" time="18.754" errors="0">
  <testcase name="TC_001_VerifyValidLogin" time="14.787" classname="com.applect.meritnationmobile.scripts.MobileLoginTest">
    <failure type="org.openqa.selenium.WebDriverException" message="unknown error: Element &amp;lt;i class=&amp;quot;mn-search&amp;quot;&amp;gt;&amp;lt;/i&amp;gt; is not clickable at point (382, 27). Other element would receive the click: &amp;lt;iframe name=&amp;quot;notification-frame-17304b6ab&amp;quot; id=&amp;quot;webklipper-publisher-widget-container-notification-frame&amp;quot; frameborder=&amp;quot;0&amp;quot; marginheight=&amp;quot;0&amp;quot; marginwidth=&amp;quot;0&amp;quot; style=&amp;quot;display: block; z-index: 16776272; width: 100%; visibility: visible; overflow: visible; position: fixed; height: 107px; top: 0px; bottom: auto; left: 0px;&amp;quot; data-notification-layout-id=&amp;quot;~fg00aad&amp;quot; data-notification-layout-name=&amp;quot;undefined&amp;quot;&amp;gt;&amp;lt;/iframe&amp;gt;
  (Session info: chrome=67.0.3396.87)
  (Driver info: chromedriver=2.40.565383 (76257d1ab79276b2d53ee976b2c3e3b9f335cde7),platform=Linux 3.19.0-25-generic x86_64) (WARNING: The server did not provide any stacktrace information)
Command duration or timeout: 70 milliseconds
Build info: version: &amp;apos;2.53.1&amp;apos;, revision: &amp;apos;a36b8b1&amp;apos;, time: &amp;apos;2016-06-30 17:37:03&amp;apos;
System info: host: &amp;apos;58-s07&amp;apos;, ip: &amp;apos;127.0.1.1&amp;apos;, os.name: &amp;apos;Linux&amp;apos;, os.arch: &amp;apos;amd64&amp;apos;, os.version: &amp;apos;3.19.0-25-generic&amp;apos;, java.version: &amp;apos;1.7.0_151&amp;apos;
Session ID: 5e3715f1c147e6b890f4cdf1d9970305
Driver info: org.openqa.selenium.chrome.ChromeDriver
Capabilities [{platform=LINUX, acceptSslCerts=false, javascriptEnabled=true, browserName=chrome, chrome={userDataDir=/tmp/.org.chromium.Chromium.LvaB9I, chromedriverVersion=2.40.565383 (76257d1ab79276b2d53ee976b2c3e3b9f335cde7)}, networkConnectionEnabled=false, unexpectedAlertBehaviour=, rotatable=false, setWindowRect=true, mobileEmulationEnabled=false, locationContextEnabled=true, pageLoadStrategy=normal, version=67.0.3396.87, takesHeapSnapshot=true, cssSelectorsEnabled=true, databaseEnabled=false, handlesAlerts=true, browserConnectionEnabled=false, webStorageEnabled=true, nativeEvents=true, hasTouchScreen=false, applicationCacheEnabled=false, takesScreenshot=true, acceptInsecureCerts=false}]">
      <![CDATA[org.openqa.selenium.WebDriverException: unknown error: Element <i class="mn-search"></i> is not clickable at point (382, 27). Other element would receive the click: <iframe name="notification-frame-17304b6ab" id="webklipper-publisher-widget-container-notification-frame" frameborder="0" marginheight="0" marginwidth="0" style="display: block; z-index: 16776272; width: 100%; visibility: visible; overflow: visible; position: fixed; height: 107px; top: 0px; bottom: auto; left: 0px;" data-notification-layout-id="~fg00aad" data-notification-layout-name="undefined"></iframe>
  (Session info: chrome=67.0.3396.87)
  (Driver info: chromedriver=2.40.565383 (76257d1ab79276b2d53ee976b2c3e3b9f335cde7),platform=Linux 3.19.0-25-generic x86_64) (WARNING: The server did not provide any stacktrace information)
Command duration or timeout: 70 milliseconds
Build info: version: '2.53.1', revision: 'a36b8b1', time: '2016-06-30 17:37:03'
System info: host: '58-s07', ip: '127.0.1.1', os.name: 'Linux', os.arch: 'amd64', os.version: '3.19.0-25-generic', java.version: '1.7.0_151'
Session ID: 5e3715f1c147e6b890f4cdf1d9970305
Driver info: org.openqa.selenium.chrome.ChromeDriver
Capabilities [{platform=LINUX, acceptSslCerts=false, javascriptEnabled=true, browserName=chrome, chrome={userDataDir=/tmp/.org.chromium.Chromium.LvaB9I, chromedriverVersion=2.40.565383 (76257d1ab79276b2d53ee976b2c3e3b9f335cde7)}, networkConnectionEnabled=false, unexpectedAlertBehaviour=, rotatable=false, setWindowRect=true, mobileEmulationEnabled=false, locationContextEnabled=true, pageLoadStrategy=normal, version=67.0.3396.87, takesHeapSnapshot=true, cssSelectorsEnabled=true, databaseEnabled=false, handlesAlerts=true, browserConnectionEnabled=false, webStorageEnabled=true, nativeEvents=true, hasTouchScreen=false, applicationCacheEnabled=false, takesScreenshot=true, acceptInsecureCerts=false}]
	at org.openqa.selenium.remote.ErrorHandler.createThrowable(ErrorHandler.java:206)
	at org.openqa.selenium.remote.ErrorHandler.throwIfResponseFailed(ErrorHandler.java:158)
	at org.openqa.selenium.remote.RemoteWebDriver.execute(RemoteWebDriver.java:678)
	at org.openqa.selenium.remote.RemoteWebElement.execute(RemoteWebElement.java:327)
	at org.openqa.selenium.remote.RemoteWebElement.click(RemoteWebElement.java:85)
	at org.openqa.selenium.support.pagefactory.internal.LocatingElementHandler.invoke(LocatingElementHandler.java:51)
	at com.sun.proxy.$Proxy10.click(Unknown Source)
	at com.applect.meritnation.pageobject.MobileLoginPage.verifyDashboard(MobileLoginPage.java:120)
	at com.applect.meritnationmobile.scripts.MobileLoginTest.TC_001_VerifyValidLogin(MobileLoginTest.java:13)
... Removed 31 stack frames]]>
    </failure>
  </testcase> <!-- TC_001_VerifyValidLogin -->
</testsuite> <!-- Meritnation Mobile Web Regression(failed) -->
