<?xml version="1.0" encoding="UTF-8"?>
<!-- Generated by org.testng.reporters.JUnitXMLReporter -->
<testsuite hostname="58-s07" ignored="46" name="TestNG Test Group" tests="16" failures="1" timestamp="17 Apr 2018 06:40:19 GMT" time="967.982" errors="0">
  <testcase name="TC_001_VerifyStudyPhysicsPageTest" time="188.889" classname="com.applect.meritnation.scripts.StudyTest"/>
  <testcase name="TC_002_verifyStudyPhysicsTopicLiveClasssesTest" time="17.258" classname="com.applect.meritnation.scripts.StudyTest">
    <failure type="org.openqa.selenium.NoSuchElementException" message="no such element: Unable to locate element: {&amp;quot;method&amp;quot;:&amp;quot;xpath&amp;quot;,&amp;quot;selector&amp;quot;:&amp;quot;//div[@class=&amp;apos;mysessionFilter&amp;apos;]/div/div/ul/li/a[text()=&amp;apos; Physics Part-I &amp;apos;]&amp;quot;}
  (Session info: chrome=63.0.3239.132)
  (Driver info: chromedriver=2.33.506092 (733a02544d189eeb751fe0d7ddca79a0ee28cce4),platform=Linux 3.19.0-25-generic x86_64) (WARNING: The server did not provide any stacktrace information)
Command duration or timeout: 10.08 seconds
For documentation on this error, please visit: http://seleniumhq.org/exceptions/no_such_element.html
Build info: version: &amp;apos;2.48.2&amp;apos;, revision: &amp;apos;41bccdd&amp;apos;, time: &amp;apos;2015-10-09 19:55:52&amp;apos;
System info: host: &amp;apos;58-s07&amp;apos;, ip: &amp;apos;127.0.1.1&amp;apos;, os.name: &amp;apos;Linux&amp;apos;, os.arch: &amp;apos;amd64&amp;apos;, os.version: &amp;apos;3.19.0-25-generic&amp;apos;, java.version: &amp;apos;1.7.0_151&amp;apos;
*** Element info: {Using=xpath, value=//div[@class=&amp;apos;mysessionFilter&amp;apos;]/div/div/ul/li/a[text()=&amp;apos; Physics Part-I &amp;apos;]}
Session ID: 71673eaf5961b4703310860039ace5e9
Driver info: org.openqa.selenium.chrome.ChromeDriver
Capabilities [{platform=LINUX, acceptSslCerts=true, javascriptEnabled=true, browserName=chrome, chrome={userDataDir=/tmp/.org.chromium.Chromium.QaUfIS, chromedriverVersion=2.33.506092 (733a02544d189eeb751fe0d7ddca79a0ee28cce4)}, networkConnectionEnabled=false, unexpectedAlertBehaviour=, rotatable=false, setWindowRect=true, locationContextEnabled=true, mobileEmulationEnabled=false, pageLoadStrategy=normal, version=63.0.3239.132, takesHeapSnapshot=true, cssSelectorsEnabled=true, databaseEnabled=false, handlesAlerts=true, browserConnectionEnabled=false, webStorageEnabled=true, nativeEvents=true, hasTouchScreen=false, applicationCacheEnabled=false, takesScreenshot=true}]">
      <![CDATA[org.openqa.selenium.NoSuchElementException: no such element: Unable to locate element: {"method":"xpath","selector":"//div[@class='mysessionFilter']/div/div/ul/li/a[text()=' Physics Part-I ']"}  (Session info: chrome=63.0.3239.132)  (Driver info: chromedriver=2.33.506092 (733a02544d189eeb751fe0d7ddca79a0ee28cce4),platform=Linux 3.19.0-25-generic x86_64) (WARNING: The server did not provide any stacktrace information)Command duration or timeout: 10.08 secondsFor documentation on this error, please visit: http://seleniumhq.org/exceptions/no_such_element.htmlBuild info: version: '2.48.2', revision: '41bccdd', time: '2015-10-09 19:55:52'System info: host: '58-s07', ip: '127.0.1.1', os.name: 'Linux', os.arch: 'amd64', os.version: '3.19.0-25-generic', java.version: '1.7.0_151'*** Element info: {Using=xpath, value=//div[@class='mysessionFilter']/div/div/ul/li/a[text()=' Physics Part-I ']}Session ID: 71673eaf5961b4703310860039ace5e9Driver info: org.openqa.selenium.chrome.ChromeDriverCapabilities [{platform=LINUX, acceptSslCerts=true, javascriptEnabled=true, browserName=chrome, chrome={userDataDir=/tmp/.org.chromium.Chromium.QaUfIS, chromedriverVersion=2.33.506092 (733a02544d189eeb751fe0d7ddca79a0ee28cce4)}, networkConnectionEnabled=false, unexpectedAlertBehaviour=, rotatable=false, setWindowRect=true, locationContextEnabled=true, mobileEmulationEnabled=false, pageLoadStrategy=normal, version=63.0.3239.132, takesHeapSnapshot=true, cssSelectorsEnabled=true, databaseEnabled=false, handlesAlerts=true, browserConnectionEnabled=false, webStorageEnabled=true, nativeEvents=true, hasTouchScreen=false, applicationCacheEnabled=false, takesScreenshot=true}]at org.openqa.selenium.remote.ErrorHandler.createThrowable(ErrorHandler.java:206)at org.openqa.selenium.remote.ErrorHandler.throwIfResponseFailed(ErrorHandler.java:158)at org.openqa.selenium.remote.RemoteWebDriver.execute(RemoteWebDriver.java:647)at org.openqa.selenium.remote.RemoteWebDriver.findElement(RemoteWebDriver.java:353)at org.openqa.selenium.remote.RemoteWebDriver.findElementByXPath(RemoteWebDriver.java:490)at org.openqa.selenium.By$ByXPath.findElement(By.java:361)at org.openqa.selenium.remote.RemoteWebDriver.findElement(RemoteWebDriver.java:345)at org.openqa.selenium.support.pagefactory.DefaultElementLocator.findElement(DefaultElementLocator.java:69)at org.openqa.selenium.support.pagefactory.internal.LocatingElementHandler.invoke(LocatingElementHandler.java:38)at com.sun.proxy.$Proxy7.getAttribute(Unknown Source)at com.applect.meritnation.pageobject.BasePage.isSelected(BasePage.java:163)at com.applect.meritnation.pageobject.StudyPage.clickPhysicsSubject(StudyPage.java:520)at com.applect.meritnation.scripts.StudyTest.TC_002_verifyStudyPhysicsTopicLiveClasssesTest(StudyTest.java:29)... Removed 28 stack frames]]>
    </failure>
  </testcase> <!-- TC_002_verifyStudyPhysicsTopicLiveClasssesTest -->
  <testcase name="TC_003_VerifyStudyPhysicsTopicConceptsTest" time="78.853" classname="com.applect.meritnation.scripts.StudyTest"/>
  <testcase name="TC_004_VerifyStudyPhysicsTopicPracticeTest" time="31.221" classname="com.applect.meritnation.scripts.StudyTest"/>
  <testcase name="TC_005_VerifyStudyPhysicsTopicAssignmentTest" time="34.685" classname="com.applect.meritnation.scripts.StudyTest"/>
  <testcase name="TC_006_VerifyStudyPhysicsTopicTestsTest" time="33.155" classname="com.applect.meritnation.scripts.StudyTest"/>
  <testcase name="TC_007_VerifyStudyPhysicsTopicPupularQuestionsTest" time="42.997" classname="com.applect.meritnation.scripts.StudyTest"/>
  <testcase name="TC_009_VerifyStudyPhysicsTopicRevisionNotesTest" time="40.119" classname="com.applect.meritnation.scripts.StudyTest"/>
  <testcase name="TC_010_VerifyStudyPhysicsTopicBoardPaperQuestionsTest" time="24.967" classname="com.applect.meritnation.scripts.StudyTest"/>
  <testcase name="TC_011_VerifyStudyPhysicsTopicFormativeAssesmentTest" time="35.659" classname="com.applect.meritnation.scripts.StudyTest"/>
  <testcase name="TC_053_VerifyBoardPapterSolutionTest" time="142.768" classname="com.applect.meritnation.scripts.StudyTest"/>
  <testcase name="TC_001_CreateAccountTest" time="35.872" classname="com.applect.meritnation.scripts.CreateAccountTest"/>
  <testcase name="TC_001_SearchTest" time="22.418" classname="com.applect.meritnation.scripts.SearchTest"/>
  <testcase name="TC_001_AskQuestionTest" time="22.611" classname="com.applect.meritnation.scripts.AsknAnswerTest"/>
  <testcase name="TC_003_VerifyUserProfileFromRecommendedQuestionsTest" time="29.49" classname="com.applect.meritnation.scripts.AsknAnswerTest"/>
  <testcase name="TC_001_LoginTest" time="22.557" classname="com.applect.meritnation.scripts.LoginTest"/>
  <testcase name="TC_031_verifyStudyChemistryTopicLiveClasssesTest" time="0.0" classname="com.applect.meritnation.scripts.StudyTest">
    <ignored/>
  </testcase> <!-- TC_031_verifyStudyChemistryTopicLiveClasssesTest -->
  <testcase name="TC_013_VerifyStudyBiologyTopicConceptsTest" time="0.0" classname="com.applect.meritnation.scripts.StudyTest">
    <ignored/>
  </testcase> <!-- TC_013_VerifyStudyBiologyTopicConceptsTest -->
  <testcase name="TC_021_VerifyStudyBiologyTopicFormativeAssesmentTest" time="0.0" classname="com.applect.meritnation.scripts.StudyTest">
    <ignored/>
  </testcase> <!-- TC_021_VerifyStudyBiologyTopicFormativeAssesmentTest -->
  <testcase name="TC_042_VerifyStudyEnglishTopicConceptsTest" time="0.0" classname="com.applect.meritnation.scripts.StudyTest">
    <ignored/>
  </testcase> <!-- TC_042_VerifyStudyEnglishTopicConceptsTest -->
  <testcase name="TC_002_AllUserLoginTest" time="0.0" classname="com.applect.meritnation.scripts.LoginTest">
    <ignored/>
  </testcase> <!-- TC_002_AllUserLoginTest -->
  <testcase name="TC_033_VerifyStudyChemistryTopicPracticeTest" time="0.0" classname="com.applect.meritnation.scripts.StudyTest">
    <ignored/>
  </testcase> <!-- TC_033_VerifyStudyChemistryTopicPracticeTest -->
  <testcase name="TC_044_VerifyStudyEnglishTopicTestsTest" time="0.0" classname="com.applect.meritnation.scripts.StudyTest">
    <ignored/>
  </testcase> <!-- TC_044_VerifyStudyEnglishTopicTestsTest -->
  <testcase name="TC_037_VerifyStudyChemistryTopicActivitiesTest" time="0.0" classname="com.applect.meritnation.scripts.StudyTest">
    <ignored/>
  </testcase> <!-- TC_037_VerifyStudyChemistryTopicActivitiesTest -->
  <testcase name="TC_038_VerifyStudyChemistryTopicRevisionNotesTest" time="0.0" classname="com.applect.meritnation.scripts.StudyTest">
    <ignored/>
  </testcase> <!-- TC_038_VerifyStudyChemistryTopicRevisionNotesTest -->
  <testcase name="TC_052_VerifyStudyEconomicsTopicBoardPaperQuestionsTest" time="0.0" classname="com.applect.meritnation.scripts.StudyTest">
    <ignored/>
  </testcase> <!-- TC_052_VerifyStudyEconomicsTopicBoardPaperQuestionsTest -->
  <testcase name="TC_048_VerifyStudyEconomicsTopicConceptsTest" time="0.0" classname="com.applect.meritnation.scripts.StudyTest">
    <ignored/>
  </testcase> <!-- TC_048_VerifyStudyEconomicsTopicConceptsTest -->
  <testcase name="TC_027_VerifyStudyMathTopicPupularQuestionsTest" time="0.0" classname="com.applect.meritnation.scripts.StudyTest">
    <ignored/>
  </testcase> <!-- TC_027_VerifyStudyMathTopicPupularQuestionsTest -->
  <testcase name="TC_001_VerifyHomePageTest" time="0.0" classname="com.applect.meritnation.scripts.LogoutTest">
    <ignored/>
  </testcase> <!-- TC_001_VerifyHomePageTest -->
  <testcase name="TC_012_verifyStudyBiologyTopicLiveClasssesTest" time="0.0" classname="com.applect.meritnation.scripts.StudyTest">
    <ignored/>
  </testcase> <!-- TC_012_verifyStudyBiologyTopicLiveClasssesTest -->
  <testcase name="TC_025_VerifyStudyMathTopicAssignmentTest" time="0.0" classname="com.applect.meritnation.scripts.StudyTest">
    <ignored/>
  </testcase> <!-- TC_025_VerifyStudyMathTopicAssignmentTest -->
  <testcase name="TC_036_VerifyStudyChemistryTopicPupularQuestionsTest" time="0.0" classname="com.applect.meritnation.scripts.StudyTest">
    <ignored/>
  </testcase> <!-- TC_036_VerifyStudyChemistryTopicPupularQuestionsTest -->
  <testcase name="TC_002_VerifyRecommendedQuestionsPageDetailsTest" time="0.0" classname="com.applect.meritnation.scripts.AsknAnswerTest">
    <ignored/>
  </testcase> <!-- TC_002_VerifyRecommendedQuestionsPageDetailsTest -->
  <testcase name="TC_045_VerifyStudyEnglishTopicPupularQuestionsTest" time="0.0" classname="com.applect.meritnation.scripts.StudyTest">
    <ignored/>
  </testcase> <!-- TC_045_VerifyStudyEnglishTopicPupularQuestionsTest -->
  <testcase name="TC_050_VerifyStudyEconomicsTopicPupularQuestionsTest" time="0.0" classname="com.applect.meritnation.scripts.StudyTest">
    <ignored/>
  </testcase> <!-- TC_050_VerifyStudyEconomicsTopicPupularQuestionsTest -->
  <testcase name="TC_024_VerifyStudyMathTopicPracticeTest" time="0.0" classname="com.applect.meritnation.scripts.StudyTest">
    <ignored/>
  </testcase> <!-- TC_024_VerifyStudyMathTopicPracticeTest -->
  <testcase name="TC_016_VerifyStudyBiologyTopicTestsTest" time="0.0" classname="com.applect.meritnation.scripts.StudyTest">
    <ignored/>
  </testcase> <!-- TC_016_VerifyStudyBiologyTopicTestsTest -->
  <testcase name="TC_040_VerifyStudyChemistryTopicFormativeAssesmentTest" time="0.0" classname="com.applect.meritnation.scripts.StudyTest">
    <ignored/>
  </testcase> <!-- TC_040_VerifyStudyChemistryTopicFormativeAssesmentTest -->
  <testcase name="TC_026_VerifyStudyMathTopicTestsTest" time="0.0" classname="com.applect.meritnation.scripts.StudyTest">
    <ignored/>
  </testcase> <!-- TC_026_VerifyStudyMathTopicTestsTest -->
  <testcase name="TC_046_VerifyStudyEnglishTopicActivitiesTest" time="0.0" classname="com.applect.meritnation.scripts.StudyTest">
    <ignored/>
  </testcase> <!-- TC_046_VerifyStudyEnglishTopicActivitiesTest -->
  <testcase name="TC_003_AllSpecificPackageUserLoginTest" time="0.0" classname="com.applect.meritnation.scripts.LoginTest">
    <ignored/>
  </testcase> <!-- TC_003_AllSpecificPackageUserLoginTest -->
  <testcase name="TC_015_VerifyStudyBiologyTopicAssignmentTest" time="0.0" classname="com.applect.meritnation.scripts.StudyTest">
    <ignored/>
  </testcase> <!-- TC_015_VerifyStudyBiologyTopicAssignmentTest -->
  <testcase name="TC_020_VerifyStudyBiologyTopicBoardPaperQuestionsTest" time="0.0" classname="com.applect.meritnation.scripts.StudyTest">
    <ignored/>
  </testcase> <!-- TC_020_VerifyStudyBiologyTopicBoardPaperQuestionsTest -->
  <testcase name="TC_008_VerifyStudyPhysicsTopicActivitiesTest" time="0.0" classname="com.applect.meritnation.scripts.StudyTest">
    <ignored/>
  </testcase> <!-- TC_008_VerifyStudyPhysicsTopicActivitiesTest -->
  <testcase name="TC_032_VerifyStudyChemistryTopicConceptsTest" time="0.0" classname="com.applect.meritnation.scripts.StudyTest">
    <ignored/>
  </testcase> <!-- TC_032_VerifyStudyChemistryTopicConceptsTest -->
  <testcase name="TC_034_VerifyStudyChemistryTopicAssignmentTest" time="0.0" classname="com.applect.meritnation.scripts.StudyTest">
    <ignored/>
  </testcase> <!-- TC_034_VerifyStudyChemistryTopicAssignmentTest -->
  <testcase name="TC_028_VerifyStudyMathTopicRevisionNotesTest" time="0.0" classname="com.applect.meritnation.scripts.StudyTest">
    <ignored/>
  </testcase> <!-- TC_028_VerifyStudyMathTopicRevisionNotesTest -->
  <testcase name="TC_023_VerifyStudyMathTopicConceptsTest" time="0.0" classname="com.applect.meritnation.scripts.StudyTest">
    <ignored/>
  </testcase> <!-- TC_023_VerifyStudyMathTopicConceptsTest -->
  <testcase name="TC_017_VerifyStudyBiologyTopicPupularQuestionsTest" time="0.0" classname="com.applect.meritnation.scripts.StudyTest">
    <ignored/>
  </testcase> <!-- TC_017_VerifyStudyBiologyTopicPupularQuestionsTest -->
  <testcase name="TC_018_VerifyStudyBiologyTopicActivitiesTest" time="0.0" classname="com.applect.meritnation.scripts.StudyTest">
    <ignored/>
  </testcase> <!-- TC_018_VerifyStudyBiologyTopicActivitiesTest -->
  <testcase name="TC_004_VerifyAskedquestionDetailFromRecommendedQuestionsTest" time="0.0" classname="com.applect.meritnation.scripts.AsknAnswerTest">
    <ignored/>
  </testcase> <!-- TC_004_VerifyAskedquestionDetailFromRecommendedQuestionsTest -->
  <testcase name="TC_047_VerifyStudyEnglishTopicRevisionNotesTest" time="0.0" classname="com.applect.meritnation.scripts.StudyTest">
    <ignored/>
  </testcase> <!-- TC_047_VerifyStudyEnglishTopicRevisionNotesTest -->
  <testcase name="TC_022_verifyStudyMathTopicLiveClasssesTest" time="0.0" classname="com.applect.meritnation.scripts.StudyTest">
    <ignored/>
  </testcase> <!-- TC_022_verifyStudyMathTopicLiveClasssesTest -->
  <testcase name="TC_051_VerifyStudyEconomicsTopicRevisionNotesTest" time="0.0" classname="com.applect.meritnation.scripts.StudyTest">
    <ignored/>
  </testcase> <!-- TC_051_VerifyStudyEconomicsTopicRevisionNotesTest -->
  <testcase name="TC_014_VerifyStudyBiologyTopicPracticeTest" time="0.0" classname="com.applect.meritnation.scripts.StudyTest">
    <ignored/>
  </testcase> <!-- TC_014_VerifyStudyBiologyTopicPracticeTest -->
  <testcase name="TC_019_VerifyStudyBiologyTopicRevisionNotesTest" time="0.0" classname="com.applect.meritnation.scripts.StudyTest">
    <ignored/>
  </testcase> <!-- TC_019_VerifyStudyBiologyTopicRevisionNotesTest -->
  <testcase name="TC_029_VerifyStudyMathTopicBoardPaperQuestionsTest" time="0.0" classname="com.applect.meritnation.scripts.StudyTest">
    <ignored/>
  </testcase> <!-- TC_029_VerifyStudyMathTopicBoardPaperQuestionsTest -->
  <testcase name="TC_043_VerifyStudyEnglishTopicAssignmentTest" time="0.0" classname="com.applect.meritnation.scripts.StudyTest">
    <ignored/>
  </testcase> <!-- TC_043_VerifyStudyEnglishTopicAssignmentTest -->
  <testcase name="TC_035_VerifyStudyChemistryTopicTestsTest" time="0.0" classname="com.applect.meritnation.scripts.StudyTest">
    <ignored/>
  </testcase> <!-- TC_035_VerifyStudyChemistryTopicTestsTest -->
  <testcase name="TC_039_VerifyStudyChemistryTopicBoardPaperQuestionsTest" time="0.0" classname="com.applect.meritnation.scripts.StudyTest">
    <ignored/>
  </testcase> <!-- TC_039_VerifyStudyChemistryTopicBoardPaperQuestionsTest -->
  <testcase name="TC_030_VerifyStudyMathTopicFormativeAssesmentTest" time="0.0" classname="com.applect.meritnation.scripts.StudyTest">
    <ignored/>
  </testcase> <!-- TC_030_VerifyStudyMathTopicFormativeAssesmentTest -->
  <testcase name="TC_049_VerifyStudyEconomicsTopicTestsTest" time="0.0" classname="com.applect.meritnation.scripts.StudyTest">
    <ignored/>
  </testcase> <!-- TC_049_VerifyStudyEconomicsTopicTestsTest -->
</testsuite> <!-- TestNG Test Group -->
