<html>
<head>
<title>TestNG:  TestNG Test Group</title>
<link href="../testng.css" rel="stylesheet" type="text/css" />
<link href="../my-testng.css" rel="stylesheet" type="text/css" />

<style type="text/css">
.log { display: none;} 
.stack-trace { display: none;} 
</style>
<script type="text/javascript">
<!--
function flip(e) {
  current = e.style.display;
  if (current == 'block') {
    e.style.display = 'none';
    return 0;
  }
  else {
    e.style.display = 'block';
    return 1;
  }
}

function toggleBox(szDivId, elem, msg1, msg2)
{
  var res = -1;  if (document.getElementById) {
    res = flip(document.getElementById(szDivId));
  }
  else if (document.all) {
    // this is the way old msie versions work
    res = flip(document.all[szDivId]);
  }
  if(elem) {
    if(res == 0) elem.innerHTML = msg1; else elem.innerHTML = msg2;
  }

}

function toggleAllBoxes() {
  if (document.getElementsByTagName) {
    d = document.getElementsByTagName('div');
    for (i = 0; i < d.length; i++) {
      if (d[i].className == 'log') {
        flip(d[i]);
      }
    }
  }
}

// -->
</script>

</head>
<body>
<h2 align='center'>TestNG Test Group</h2><table border='1' align="center">
<tr>
<td>Tests passed/Failed/Skipped:</td><td>15/1/0</td>
</tr><tr>
<td>Started on:</td><td>Tue Apr 17 11:54:11 IST 2018</td>
</tr>
<tr><td>Total time:</td><td>967 seconds (967982 ms)</td>
</tr><tr>
<td>Included groups:</td><td>Regression </td>
</tr><tr>
<td>Excluded groups:</td><td></td>
</tr>
</table><p/>
<small><i>(Hover the method name to see the test class name)</i></small><p/>
<table width='100%' border='1' class='invocation-failed'>
<tr><td colspan='4' align='center'><b>FAILED TESTS</b></td></tr>
<tr><td><b>Test method</b></td>
<td width="30%"><b>Exception</b></td>
<td width="10%"><b>Time (seconds)</b></td>
<td><b>Instance</b></td>
</tr>
<tr>
<td title='com.applect.meritnation.scripts.StudyTest.TC_002_verifyStudyPhysicsTopicLiveClasssesTest()'><b>TC_002_verifyStudyPhysicsTopicLiveClasssesTest</b><br>Test class: com.applect.meritnation.scripts.StudyTest</td>
<td><div><pre>org.openqa.selenium.NoSuchElementException: no such element: Unable to locate element: {&quot;method&quot;:&quot;xpath&quot;,&quot;selector&quot;:&quot;//div[@class=&apos;mysessionFilter&apos;]/div/div/ul/li/a[text()=&apos; Physics Part-I &apos;]&quot;}
  (Session info: chrome=63.0.3239.132)
  (Driver info: chromedriver=2.33.506092 (733a02544d189eeb751fe0d7ddca79a0ee28cce4),platform=Linux 3.19.0-25-generic x86_64) (WARNING: The server did not provide any stacktrace information)
Command duration or timeout: 10.08 seconds
For documentation on this error, please visit: http://seleniumhq.org/exceptions/no_such_element.html
Build info: version: &apos;2.48.2&apos;, revision: &apos;41bccdd&apos;, time: &apos;2015-10-09 19:55:52&apos;
System info: host: &apos;58-s07&apos;, ip: &apos;127.0.1.1&apos;, os.name: &apos;Linux&apos;, os.arch: &apos;amd64&apos;, os.version: &apos;3.19.0-25-generic&apos;, java.version: &apos;1.7.0_151&apos;
*** Element info: {Using=xpath, value=//div[@class=&apos;mysessionFilter&apos;]/div/div/ul/li/a[text()=&apos; Physics Part-I &apos;]}
Session ID: 71673eaf5961b4703310860039ace5e9
Driver info: org.openqa.selenium.chrome.ChromeDriver
Capabilities [{platform=LINUX, acceptSslCerts=true, javascriptEnabled=true, browserName=chrome, chrome={userDataDir=/tmp/.org.chromium.Chromium.QaUfIS, chromedriverVersion=2.33.506092 (733a02544d189eeb751fe0d7ddca79a0ee28cce4)}, networkConnectionEnabled=false, unexpectedAlertBehaviour=, rotatable=false, setWindowRect=true, locationContextEnabled=true, mobileEmulationEnabled=false, pageLoadStrategy=normal, version=63.0.3239.132, takesHeapSnapshot=true, cssSelectorsEnabled=true, databaseEnabled=false, handlesAlerts=true, browserConnectionEnabled=false, webStorageEnabled=true, nativeEvents=true, hasTouchScreen=false, applicationCacheEnabled=false, takesScreenshot=true}]
	at org.openqa.selenium.remote.ErrorHandler.createThrowable(ErrorHandler.java:206)
	at org.openqa.selenium.remote.ErrorHandler.throwIfResponseFailed(ErrorHandler.java:158)
	at org.openqa.selenium.remote.RemoteWebDriver.execute(RemoteWebDriver.java:647)
	at org.openqa.selenium.remote.RemoteWebDriver.findElement(RemoteWebDriver.java:353)
	at org.openqa.selenium.remote.RemoteWebDriver.findElementByXPath(RemoteWebDriver.java:490)
	at org.openqa.selenium.By$ByXPath.findElement(By.java:361)
	at org.openqa.selenium.remote.RemoteWebDriver.findElement(RemoteWebDriver.java:345)
	at org.openqa.selenium.support.pagefactory.DefaultElementLocator.findElement(DefaultElementLocator.java:69)
	at org.openqa.selenium.support.pagefactory.internal.LocatingElementHandler.invoke(LocatingElementHandler.java:38)
	at com.sun.proxy.$Proxy7.getAttribute(Unknown Source)
	at com.applect.meritnation.pageobject.BasePage.isSelected(BasePage.java:163)
	at com.applect.meritnation.pageobject.StudyPage.clickPhysicsSubject(StudyPage.java:520)
	at com.applect.meritnation.scripts.StudyTest.TC_002_verifyStudyPhysicsTopicLiveClasssesTest(StudyTest.java:29)
... Removed 28 stack frames</pre></div><a href='#' onClick='toggleBox("stack-trace256933479", this, "Click to show all stack frames", "Click to hide stack frames")'>Click to show all stack frames</a>
<div class='stack-trace' id='stack-trace256933479'><pre>org.openqa.selenium.NoSuchElementException: no such element: Unable to locate element: {&quot;method&quot;:&quot;xpath&quot;,&quot;selector&quot;:&quot;//div[@class=&apos;mysessionFilter&apos;]/div/div/ul/li/a[text()=&apos; Physics Part-I &apos;]&quot;}
  (Session info: chrome=63.0.3239.132)
  (Driver info: chromedriver=2.33.506092 (733a02544d189eeb751fe0d7ddca79a0ee28cce4),platform=Linux 3.19.0-25-generic x86_64) (WARNING: The server did not provide any stacktrace information)
Command duration or timeout: 10.08 seconds
For documentation on this error, please visit: http://seleniumhq.org/exceptions/no_such_element.html
Build info: version: &apos;2.48.2&apos;, revision: &apos;41bccdd&apos;, time: &apos;2015-10-09 19:55:52&apos;
System info: host: &apos;58-s07&apos;, ip: &apos;127.0.1.1&apos;, os.name: &apos;Linux&apos;, os.arch: &apos;amd64&apos;, os.version: &apos;3.19.0-25-generic&apos;, java.version: &apos;1.7.0_151&apos;
*** Element info: {Using=xpath, value=//div[@class=&apos;mysessionFilter&apos;]/div/div/ul/li/a[text()=&apos; Physics Part-I &apos;]}
Session ID: 71673eaf5961b4703310860039ace5e9
Driver info: org.openqa.selenium.chrome.ChromeDriver
Capabilities [{platform=LINUX, acceptSslCerts=true, javascriptEnabled=true, browserName=chrome, chrome={userDataDir=/tmp/.org.chromium.Chromium.QaUfIS, chromedriverVersion=2.33.506092 (733a02544d189eeb751fe0d7ddca79a0ee28cce4)}, networkConnectionEnabled=false, unexpectedAlertBehaviour=, rotatable=false, setWindowRect=true, locationContextEnabled=true, mobileEmulationEnabled=false, pageLoadStrategy=normal, version=63.0.3239.132, takesHeapSnapshot=true, cssSelectorsEnabled=true, databaseEnabled=false, handlesAlerts=true, browserConnectionEnabled=false, webStorageEnabled=true, nativeEvents=true, hasTouchScreen=false, applicationCacheEnabled=false, takesScreenshot=true}]
	at sun.reflect.NativeConstructorAccessorImpl.newInstance0(Native Method)
	at sun.reflect.NativeConstructorAccessorImpl.newInstance(NativeConstructorAccessorImpl.java:57)
	at sun.reflect.DelegatingConstructorAccessorImpl.newInstance(DelegatingConstructorAccessorImpl.java:45)
	at java.lang.reflect.Constructor.newInstance(Constructor.java:526)
	at org.openqa.selenium.remote.ErrorHandler.createThrowable(ErrorHandler.java:206)
	at org.openqa.selenium.remote.ErrorHandler.throwIfResponseFailed(ErrorHandler.java:158)
	at org.openqa.selenium.remote.RemoteWebDriver.execute(RemoteWebDriver.java:647)
	at org.openqa.selenium.remote.RemoteWebDriver.findElement(RemoteWebDriver.java:353)
	at org.openqa.selenium.remote.RemoteWebDriver.findElementByXPath(RemoteWebDriver.java:490)
	at org.openqa.selenium.By$ByXPath.findElement(By.java:361)
	at org.openqa.selenium.remote.RemoteWebDriver.findElement(RemoteWebDriver.java:345)
	at org.openqa.selenium.support.pagefactory.DefaultElementLocator.findElement(DefaultElementLocator.java:69)
	at org.openqa.selenium.support.pagefactory.internal.LocatingElementHandler.invoke(LocatingElementHandler.java:38)
	at com.sun.proxy.$Proxy7.getAttribute(Unknown Source)
	at com.applect.meritnation.pageobject.BasePage.isSelected(BasePage.java:163)
	at com.applect.meritnation.pageobject.StudyPage.clickPhysicsSubject(StudyPage.java:520)
	at com.applect.meritnation.scripts.StudyTest.TC_002_verifyStudyPhysicsTopicLiveClasssesTest(StudyTest.java:29)
	at sun.reflect.NativeMethodAccessorImpl.invoke0(Native Method)
	at sun.reflect.NativeMethodAccessorImpl.invoke(NativeMethodAccessorImpl.java:57)
	at sun.reflect.DelegatingMethodAccessorImpl.invoke(DelegatingMethodAccessorImpl.java:43)
	at java.lang.reflect.Method.invoke(Method.java:606)
	at org.testng.internal.MethodInvocationHelper.invokeMethod(MethodInvocationHelper.java:124)
	at org.testng.internal.Invoker.invokeMethod(Invoker.java:571)
	at org.testng.internal.Invoker.invokeTestMethod(Invoker.java:707)
	at org.testng.internal.Invoker.invokeTestMethods(Invoker.java:979)
	at org.testng.internal.TestMethodWorker.invokeTestMethods(TestMethodWorker.java:125)
	at org.testng.internal.TestMethodWorker.run(TestMethodWorker.java:109)
	at org.testng.TestRunner.privateRun(TestRunner.java:648)
	at org.testng.TestRunner.run(TestRunner.java:505)
	at org.testng.SuiteRunner.runTest(SuiteRunner.java:455)
	at org.testng.SuiteRunner.runSequentially(SuiteRunner.java:450)
	at org.testng.SuiteRunner.privateRun(SuiteRunner.java:415)
	at org.testng.SuiteRunner.run(SuiteRunner.java:364)
	at org.testng.SuiteRunnerWorker.runSuite(SuiteRunnerWorker.java:52)
	at org.testng.SuiteRunnerWorker.run(SuiteRunnerWorker.java:84)
	at org.testng.TestNG.runSuitesSequentially(TestNG.java:1187)
	at org.testng.TestNG.runSuitesLocally(TestNG.java:1116)
	at org.testng.TestNG.runSuites(TestNG.java:1028)
	at org.testng.TestNG.run(TestNG.java:996)
	at org.testng.TestNG.privateMain(TestNG.java:1330)
	at org.testng.TestNG.main(TestNG.java:1299)
</pre></div></td>
<td>17</td>
<td>com.applect.meritnation.scripts.StudyTest@5db533b0</td></tr>
</table><p>
<table width='100%' border='1' class='invocation-passed'>
<tr><td colspan='4' align='center'><b>PASSED TESTS</b></td></tr>
<tr><td><b>Test method</b></td>
<td width="30%"><b>Exception</b></td>
<td width="10%"><b>Time (seconds)</b></td>
<td><b>Instance</b></td>
</tr>
<tr>
<td title='com.applect.meritnation.scripts.AsknAnswerTest.TC_001_AskQuestionTest()'><b>TC_001_AskQuestionTest</b><br>Test class: com.applect.meritnation.scripts.AsknAnswerTest</td>
<td></td>
<td>22</td>
<td>com.applect.meritnation.scripts.AsknAnswerTest@6bf053f</td></tr>
<tr>
<td title='com.applect.meritnation.scripts.CreateAccountTest.TC_001_CreateAccountTest()'><b>TC_001_CreateAccountTest</b><br>Test class: com.applect.meritnation.scripts.CreateAccountTest</td>
<td></td>
<td>35</td>
<td>com.applect.meritnation.scripts.CreateAccountTest@235497e0</td></tr>
<tr>
<td title='com.applect.meritnation.scripts.LoginTest.TC_001_LoginTest()'><b>TC_001_LoginTest</b><br>Test class: com.applect.meritnation.scripts.LoginTest</td>
<td></td>
<td>22</td>
<td>com.applect.meritnation.scripts.LoginTest@66f16e8e</td></tr>
<tr>
<td title='com.applect.meritnation.scripts.SearchTest.TC_001_SearchTest()'><b>TC_001_SearchTest</b><br>Test class: com.applect.meritnation.scripts.SearchTest</td>
<td></td>
<td>22</td>
<td>com.applect.meritnation.scripts.SearchTest@7491616e</td></tr>
<tr>
<td title='com.applect.meritnation.scripts.StudyTest.TC_001_VerifyStudyPhysicsPageTest()'><b>TC_001_VerifyStudyPhysicsPageTest</b><br>Test class: com.applect.meritnation.scripts.StudyTest</td>
<td></td>
<td>188</td>
<td>com.applect.meritnation.scripts.StudyTest@5db533b0</td></tr>
<tr>
<td title='com.applect.meritnation.scripts.StudyTest.TC_003_VerifyStudyPhysicsTopicConceptsTest()'><b>TC_003_VerifyStudyPhysicsTopicConceptsTest</b><br>Test class: com.applect.meritnation.scripts.StudyTest</td>
<td></td>
<td>78</td>
<td>com.applect.meritnation.scripts.StudyTest@5db533b0</td></tr>
<tr>
<td title='com.applect.meritnation.scripts.AsknAnswerTest.TC_003_VerifyUserProfileFromRecommendedQuestionsTest()'><b>TC_003_VerifyUserProfileFromRecommendedQuestionsTest</b><br>Test class: com.applect.meritnation.scripts.AsknAnswerTest</td>
<td></td>
<td>29</td>
<td>com.applect.meritnation.scripts.AsknAnswerTest@6bf053f</td></tr>
<tr>
<td title='com.applect.meritnation.scripts.StudyTest.TC_004_VerifyStudyPhysicsTopicPracticeTest()'><b>TC_004_VerifyStudyPhysicsTopicPracticeTest</b><br>Test class: com.applect.meritnation.scripts.StudyTest</td>
<td></td>
<td>31</td>
<td>com.applect.meritnation.scripts.StudyTest@5db533b0</td></tr>
<tr>
<td title='com.applect.meritnation.scripts.StudyTest.TC_005_VerifyStudyPhysicsTopicAssignmentTest()'><b>TC_005_VerifyStudyPhysicsTopicAssignmentTest</b><br>Test class: com.applect.meritnation.scripts.StudyTest</td>
<td></td>
<td>34</td>
<td>com.applect.meritnation.scripts.StudyTest@5db533b0</td></tr>
<tr>
<td title='com.applect.meritnation.scripts.StudyTest.TC_006_VerifyStudyPhysicsTopicTestsTest()'><b>TC_006_VerifyStudyPhysicsTopicTestsTest</b><br>Test class: com.applect.meritnation.scripts.StudyTest</td>
<td></td>
<td>33</td>
<td>com.applect.meritnation.scripts.StudyTest@5db533b0</td></tr>
<tr>
<td title='com.applect.meritnation.scripts.StudyTest.TC_007_VerifyStudyPhysicsTopicPupularQuestionsTest()'><b>TC_007_VerifyStudyPhysicsTopicPupularQuestionsTest</b><br>Test class: com.applect.meritnation.scripts.StudyTest</td>
<td></td>
<td>42</td>
<td>com.applect.meritnation.scripts.StudyTest@5db533b0</td></tr>
<tr>
<td title='com.applect.meritnation.scripts.StudyTest.TC_009_VerifyStudyPhysicsTopicRevisionNotesTest()'><b>TC_009_VerifyStudyPhysicsTopicRevisionNotesTest</b><br>Test class: com.applect.meritnation.scripts.StudyTest</td>
<td></td>
<td>40</td>
<td>com.applect.meritnation.scripts.StudyTest@5db533b0</td></tr>
<tr>
<td title='com.applect.meritnation.scripts.StudyTest.TC_010_VerifyStudyPhysicsTopicBoardPaperQuestionsTest()'><b>TC_010_VerifyStudyPhysicsTopicBoardPaperQuestionsTest</b><br>Test class: com.applect.meritnation.scripts.StudyTest</td>
<td></td>
<td>24</td>
<td>com.applect.meritnation.scripts.StudyTest@5db533b0</td></tr>
<tr>
<td title='com.applect.meritnation.scripts.StudyTest.TC_011_VerifyStudyPhysicsTopicFormativeAssesmentTest()'><b>TC_011_VerifyStudyPhysicsTopicFormativeAssesmentTest</b><br>Test class: com.applect.meritnation.scripts.StudyTest</td>
<td></td>
<td>35</td>
<td>com.applect.meritnation.scripts.StudyTest@5db533b0</td></tr>
<tr>
<td title='com.applect.meritnation.scripts.StudyTest.TC_053_VerifyBoardPapterSolutionTest()'><b>TC_053_VerifyBoardPapterSolutionTest</b><br>Test class: com.applect.meritnation.scripts.StudyTest</td>
<td></td>
<td>142</td>
<td>com.applect.meritnation.scripts.StudyTest@5db533b0</td></tr>
</table><p>
</body>
</html>