<?xml version="1.0" encoding="UTF-8"?>
<!-- Generated by org.testng.reporters.JUnitXMLReporter -->
<testsuite hostname="58-s07" name="RegressiononChromeTest(failed)" tests="5" failures="2" timestamp="13 Feb 2018 12:43:56 GMT" time="304.466" errors="0">
  <testcase name="SearchTest" time="11.8" classname="com.applect.meritnation.scripts.SearchTest">
    <failure type="org.openqa.selenium.WebDriverException" message="unknown error: Element &amp;lt;form ng-submit=&amp;quot;submitSearch(search, &amp;apos;ajaxSubmitResult&amp;apos;)&amp;quot; name=&amp;quot;searchForm&amp;quot;&amp;gt;...&amp;lt;/form&amp;gt; is not clickable at point (962, 41). Other element would receive the click: &amp;lt;div class=&amp;quot;gradeEditBox&amp;quot; ng-hide=&amp;quot;!showBoardGradeBox&amp;quot; style=&amp;quot;display: block&amp;quot;&amp;gt;...&amp;lt;/div&amp;gt;
  (Session info: chrome=63.0.3239.132)
  (Driver info: chromedriver=2.33.506092 (733a02544d189eeb751fe0d7ddca79a0ee28cce4),platform=Linux 3.19.0-25-generic x86_64) (WARNING: The server did not provide any stacktrace information)
Command duration or timeout: 62 milliseconds
Build info: version: &amp;apos;2.53.1&amp;apos;, revision: &amp;apos;a36b8b1&amp;apos;, time: &amp;apos;2016-06-30 17:37:03&amp;apos;
System info: host: &amp;apos;58-s07&amp;apos;, ip: &amp;apos;127.0.1.1&amp;apos;, os.name: &amp;apos;Linux&amp;apos;, os.arch: &amp;apos;amd64&amp;apos;, os.version: &amp;apos;3.19.0-25-generic&amp;apos;, java.version: &amp;apos;1.7.0_151&amp;apos;
Session ID: c48168516cf5be39ccb5897d6252698a
Driver info: org.openqa.selenium.chrome.ChromeDriver
Capabilities [{platform=LINUX, acceptSslCerts=true, javascriptEnabled=true, browserName=chrome, chrome={userDataDir=/tmp/.org.chromium.Chromium.MJasrK, chromedriverVersion=2.33.506092 (733a02544d189eeb751fe0d7ddca79a0ee28cce4)}, networkConnectionEnabled=false, unexpectedAlertBehaviour=, rotatable=false, setWindowRect=true, locationContextEnabled=true, mobileEmulationEnabled=false, pageLoadStrategy=normal, version=63.0.3239.132, takesHeapSnapshot=true, cssSelectorsEnabled=true, databaseEnabled=false, handlesAlerts=true, browserConnectionEnabled=false, webStorageEnabled=true, nativeEvents=true, hasTouchScreen=false, applicationCacheEnabled=false, takesScreenshot=true}]">
      <![CDATA[org.openqa.selenium.WebDriverException: unknown error: Element <form ng-submit="submitSearch(search, 'ajaxSubmitResult')" name="searchForm">...</form> is not clickable at point (962, 41). Other element would receive the click: <div class="gradeEditBox" ng-hide="!showBoardGradeBox" style="display: block">...</div>
  (Session info: chrome=63.0.3239.132)
  (Driver info: chromedriver=2.33.506092 (733a02544d189eeb751fe0d7ddca79a0ee28cce4),platform=Linux 3.19.0-25-generic x86_64) (WARNING: The server did not provide any stacktrace information)
Command duration or timeout: 62 milliseconds
Build info: version: '2.53.1', revision: 'a36b8b1', time: '2016-06-30 17:37:03'
System info: host: '58-s07', ip: '127.0.1.1', os.name: 'Linux', os.arch: 'amd64', os.version: '3.19.0-25-generic', java.version: '1.7.0_151'
Session ID: c48168516cf5be39ccb5897d6252698a
Driver info: org.openqa.selenium.chrome.ChromeDriver
Capabilities [{platform=LINUX, acceptSslCerts=true, javascriptEnabled=true, browserName=chrome, chrome={userDataDir=/tmp/.org.chromium.Chromium.MJasrK, chromedriverVersion=2.33.506092 (733a02544d189eeb751fe0d7ddca79a0ee28cce4)}, networkConnectionEnabled=false, unexpectedAlertBehaviour=, rotatable=false, setWindowRect=true, locationContextEnabled=true, mobileEmulationEnabled=false, pageLoadStrategy=normal, version=63.0.3239.132, takesHeapSnapshot=true, cssSelectorsEnabled=true, databaseEnabled=false, handlesAlerts=true, browserConnectionEnabled=false, webStorageEnabled=true, nativeEvents=true, hasTouchScreen=false, applicationCacheEnabled=false, takesScreenshot=true}]
	at org.openqa.selenium.remote.ErrorHandler.createThrowable(ErrorHandler.java:206)
	at org.openqa.selenium.remote.ErrorHandler.throwIfResponseFailed(ErrorHandler.java:158)
	at org.openqa.selenium.remote.RemoteWebDriver.execute(RemoteWebDriver.java:678)
	at org.openqa.selenium.remote.RemoteWebElement.execute(RemoteWebElement.java:327)
	at org.openqa.selenium.remote.RemoteWebElement.click(RemoteWebElement.java:85)
	at org.openqa.selenium.support.pagefactory.internal.LocatingElementHandler.invoke(LocatingElementHandler.java:51)
	at com.sun.proxy.$Proxy8.click(Unknown Source)
	at com.applect.meritnation.pageobject.SearchPage.enterSearchBox(SearchPage.java:46)
	at com.applect.meritnation.scripts.SearchTest.SearchTest(SearchTest.java:19)
... Removed 32 stack frames]]>
    </failure>
  </testcase> <!-- SearchTest -->
  <testcase name="LoginTest" time="24.267" classname="com.applect.meritnation.scripts.LoginTest">
    <failure type="java.lang.AssertionError" message="expected [true] but found [false]">
      <![CDATA[java.lang.AssertionError: expected [true] but found [false]
	at com.applect.meritnation.pageobject.LoginPage.checkHeaderDisplay(LoginPage.java:219)
	at com.applect.meritnation.scripts.LoginTest.LoginTest(LoginTest.java:24)
... Removed 28 stack frames]]>
    </failure>
  </testcase> <!-- LoginTest -->
  <testcase name="TC_004_VerifyStudyPhysicsTopicPracticeTest" time="64.505" classname="com.applect.meritnation.scripts.StudyTest"/>
  <testcase name="TC_003_VerifyStudyPhysicsTopicConceptsTest" time="105.351" classname="com.applect.meritnation.scripts.StudyTest"/>
  <testcase name="createAccountTest" time="36.261" classname="com.applect.meritnation.scripts.CreateAccountTest"/>
</testsuite> <!-- RegressiononChromeTest(failed) -->
